2024-06-22 19:24:34,820 - INFO - 人民日报 信息写入csv文件完毕，保存路径: D:\weibo-crawler-master\weibo\users.csv
2024-06-22 19:24:34,820 - INFO - 准备搜集 人民日报 的微博
2024-06-22 19:24:37,578 - INFO - 已获取用户 人民日报 的微博，内容为 【#华山绝美云海武侠感拉满#】近日，陕西渭南，雨后的华山刚柔并济，云海蒸腾。波涛汹涌的云雾在群峰间翻滚。网友：#华山云海好像人间仙境#！
陕视新闻的微博视频
 
2024-06-22 19:24:37,578 - INFO - 已获取用户 人民日报 的微博，内容为 【让人动容！#毕业生送上束脩之礼感谢师恩#】近日，山东淄博，中考结束后一名女生向班主任送上“束脩之礼”感谢师恩。班主任感动不已难掩泪水，他说一个老师的最高荣耀，就是得到学生的认可。网友：#这样双向奔赴的师生情让人感动#！ 
人民日报的微博视频
 
2024-06-22 19:24:37,579 - INFO - URL: https://m.weibo.cn/detail/5048133010589349 
2024-06-22 19:24:40,564 - INFO - 已获取用户 人民日报 的微博，内容为 【好萌！#荒漠猫的亲子时光#】近日，摄影师在青海省海晏县拍摄到国家一级重点保护野生动物荒漠猫的活动画面。视频中，一只雌性荒漠猫带着三个幼崽休闲玩耍，三只小家伙活泼好动、非常可爱。据悉，荒漠猫分布于青藏高原东部，生性机警、善于捕猎，是中国特有的猫科动物。（贾丰丰，边建忠） 
人民日报的微博视频
2024-06-22 19:24:40,564 - INFO - 已获取用户 人民日报 的微博，内容为 【辛苦了！#广西柳州武警官兵连夜奋战清淤#】近日，广西柳州洪水渐退，大量淤泥覆盖、垃圾堆积。当晚，武警广西总队柳州支队迅速出动300余名官兵展开清淤工作。截至21日8时，武警官兵共疏通清理道路3.7公里，转移物资约1200余件，清理淤泥2.5万立方米，居民生产生活基本恢复正常。（央广军事） 
2024-06-22 19:24:40,565 - INFO - 已获取用户 人民日报 的微博，内容为 【转存！@ 2024高考生，#高考查分前必看#】什么是批次录取控制分数线？不了解高考专业怎么办？提前批录取后，还可以参加其他批次的录取吗？概念解析、填报策略、热点解答…#高考志愿填报60个必看问答#↓↓转需收藏！#专业报考指南# @2024高考生，查分前必看 
2024-06-22 19:24:40,566 - INFO - 已获取用户 人民日报 的微博，内容为 【同学，愿你一路繁花、前程似锦！#高校毕业季设巨型花束打卡点#】今年毕业季，内蒙古工业大学在校园中设置了一束巨型花束，供毕业学子们拍照打卡，祝福即将毕业的学生“一路繁花，前程似锦”。网友：羡慕了！
内蒙古广播电视台的微博视频
 
2024-06-22 19:24:40,567 - INFO - 已获取用户 人民日报 的微博，内容为 【云南元江：#蝴蝶大爆发梦幻如加特效#】每年5月至8月，云南省元江县便会迎来蝴蝶爆发期，数不清的蝴蝶随着阳光翩翩起舞，形成一幅美丽画卷↓↓#蝴蝶爆发漫天飞舞有多壮观#（杨文明 何松阳 李方芳 靳浩） 
人民日报的微博视频
 
2024-06-22 19:24:40,567 - INFO - URL: https://m.weibo.cn/detail/5048082075747136 
2024-06-22 19:24:45,113 - INFO - 已获取用户 人民日报 的微博，内容为 【祝贺！#我国发射中法天文卫星#】搭载中法天文卫星的长征二号丙运载火箭6月22日在中国西昌卫星发射中心发射升空。该卫星是中法两国联合论证研制的空间科学卫星，是迄今为止全球对伽马暴开展多波段综合观测能力最强的卫星，将对伽马暴研究等空间天文领域科学发现发挥重要作用。（张未 王豪 喻思南 图/陈昊杰） 
2024-06-22 19:24:45,113 - INFO - URL: https://m.weibo.cn/detail/5048073896334300 
2024-06-22 19:24:48,805 - INFO - 已获取用户 人民日报 的微博，内容为 【#高校用离世渐冻症学生名字设立自强不息奖#】近日，西南政法大学毕业典礼上，校长林维宣布，为纪念于2023年不幸离世的“渐冻症”学生邓显松热爱生活、追求卓越的精神，学校设立“显松自强不息奖”。邓显松在3岁时患上了进行性肌营养不良症，由于大脑、脑干和脊髓中运动神经细胞受到侵袭，肌肉逐渐萎缩无力以至全身瘫痪，身体如同被逐渐冻住一样，俗称“渐冻人”。身体虽被困住，可他并从没放弃，并于2021年以592分的成绩考入西南政法大学。
患“渐冻症”学生离世，校长毕业典礼上宣布……
 
上游新闻的微博视频
2024-06-22 19:24:48,805 - INFO - URL: https://m.weibo.cn/detail/5048064287443233 
2024-06-22 19:24:51,386 - INFO - 已获取用户 人民日报 的微博，内容为 【台下十年功！#戏曲演员跳凳子实力演绎身轻如燕#】近日，陕西汉中。汉调桄桄演员王乙妃分享自己7年来从练习跳凳子到登台演出的视频。台上一分钟，台下十年功。“我们的每一个动作每天都要跳至少50下，光跳凳子每天要跳1-2个小时。”#戏曲演员跳凳子如会轻功#↓↓提醒：请勿随意模仿。（中国青年报） 
人民日报的微博视频
2024-06-22 19:24:51,386 - INFO - ------------------------------已获取人民日报(2803301701)的第1页微博------------------------------
2024-06-22 19:24:54,001 - INFO - 已获取用户 人民日报 的微博，内容为 【生命的力量！#延时摄影看金蝉脱壳#】近日，随着气温升高，蝉也用自己的方式迎接夏天的到来。#30秒看金蝉脱壳全过程#↓↓（CCTV纪录、云南发布）
CCTV纪录的微博视频
 
2024-06-22 19:24:54,001 - INFO - URL: https://m.weibo.cn/detail/5048046681327948 
2024-06-22 19:24:56,514 - INFO - 已获取用户 人民日报 的微博，内容为 【转存了解！#大运河里的古人智慧有多绝#】#文化中国行看穿越千年的大运河# 2014年6月22日，中国大运河被列入《世界遗产名录》。穿越2500多年历史，蜿蜒近3200公里，大运河是中华民族最具代表性的文化标识之一，具有独特的历史文化价值。大运河申遗成功10周年，一组#中华文化学习笔记#了解流动的文化↓↓
2024-06-22 19:24:56,515 - INFO - 已获取用户 人民日报 的微博，内容为 【“优秀优秀！”#老兵体验新装备满是欣慰#】近日，联勤保障部队某部迎来了5位老工程兵。50年前，他们在这里开山拓荒、凿石挖洞；50年后，他们重返军营，看到现在的装备，话里满是感慨和欣慰。致敬！ 
人民日报的微博视频
 
2024-06-22 19:24:56,515 - INFO - URL: https://m.weibo.cn/detail/5048026351797573 
2024-06-22 19:25:00,279 - INFO - 已获取用户 人民日报 的微博，内容为 【加油！#中国滑板三小花晋级巴黎奥运会#】#为中国滑板少女加油#在北京时间22凌晨进行的巴黎奥运会资格系列赛布达佩斯站滑板女子街式预赛中，朱沅铃、崔宸曦、曾文蕙分别位列第6、第10、第15位，携手晋级半决赛，这也确保了三人提前锁定巴黎奥运会参赛资格。滑板运动是奥运新兴项目。东京奥运会上，中国队在女子街式项目上只有曾文蕙一人参赛。巴黎奥运会上，中国队在该项目实现满额参赛，实现巨大突破和跨越。（人民日报记者 王亮）
2024-06-22 19:25:00,279 - INFO - 已获取用户 人民日报 的微博，内容为 【实用收藏！#毕业照可以拍得多好玩#】又是一年毕业季，你的毕业照拍出了哪些新花样？ #毕业照拍摄攻略#↓↓用快门定格校园时光~#2024毕业季#人民日报的微博视频
 
2024-06-22 19:25:00,280 - INFO - 已获取用户 人民日报 的微博，内容为 【报志愿有用！转存#全国3117所高校全名单#】#明起高考就要出分了#，你的心仪大学是哪所？全国3117所高校全名单，一文收藏↓↓加油，理想大学见！
网页链接
 
报志愿有用！教育部发布全国3117所高校全名单
 
2024-06-22 19:25:00,281 - INFO - 已获取用户 人民日报 的微博，内容为 【#万吨大驱大连舰航拍大片#】#30秒看万吨大驱大连舰驰骋大洋#↓↓感受满屏“万吨大驱”带来的安全感！
央视军事的微博视频
 
2024-06-22 19:25:00,281 - INFO - 已获取用户 人民日报 的微博，内容为 【毕业快乐！#姜铁红再跳奔腾祝福毕业生#】近日，@中央民族大学 毕业典礼上，姜铁红院长@姜铁红_戈壁石 为毕业生再跳《奔腾》，祝福毕业生笑傲江湖，勇闯天涯！#2024毕业季# 
人民日报的微博视频
 
2024-06-22 19:25:00,282 - INFO - 已获取用户 人民日报 的微博，内容为 【祝金榜题名！#明起多省份可查高考成绩#】截至目前，全国#29省份公布高考出分时间#，大多集中在6月23日至25日之间。明天预计上海、四川、宁夏、云南出分。#2024高考成绩公布时间汇总#↓↓↓祝福所有考生！ 
最全汇总！2024高考查分时间（持续更新中）
 
2024-06-22 19:25:00,282 - INFO - 已获取用户 人民日报 的微博，内容为 【干货收藏！#高考志愿填报超详细知识点#】各地即将陆续发布高考成绩，并组织志愿填报。报志愿要准备哪些资料？志愿填报模式有哪几种？#高考报志愿要避开的9个误区#都是什么？志愿填报在即，知识点帮你整理好了↓↓转需，愿你进入“梦中情校”，学到理想的专业！#专业报考指南# 
2024-06-22 19:25:00,282 - INFO - ------------------------------已获取人民日报(2803301701)的第2页微博------------------------------
2024-06-22 19:25:03,439 - INFO - 已获取用户 人民日报 的微博，内容为 【#松弛感配色9图唤醒周末#】工作生活中总是紧绷？其实，人生是一场长跑，保持良好心态，合理分配精力，才能行稳致远。许多时候，无需用力过猛，掌握自己的节奏，忙时全心投入，闲时松弛有度，保持理智、从容自如就好。送你#养成松弛感的9个方法#↓↓愿你不忧不惧，活出想要的样子。周末，早安！ 
2024-06-22 19:25:03,440 - INFO - URL: https://m.weibo.cn/detail/5047842471673946 
2024-06-22 19:25:06,085 - INFO - 已获取用户 人民日报 的微博，内容为 【#你好，明天#】最高可判死刑，可缺席审判！“两高三部”联合发布意见，依法严惩“台独”分裂犯罪。对“台独”分裂势力亮剑，我们有决心，更有办法。统一是历史大势，是正道。“台独”是历史逆流，是绝路。正告“台独”顽固分子，正义审判绝不会缺席，胆敢以身试法必遭法律严惩。#祖国必须统一也必然统一#
2024-06-22 19:25:06,086 - INFO - URL: https://m.weibo.cn/detail/5047839571052042 
2024-06-22 19:25:09,002 - INFO - 已获取用户 人民日报 的微博，内容为 【最高可判死刑，可缺席审判！#惩治台独顽固分子的利剑来了#】今天，《关于依法惩治“台独”顽固分子分裂国家、煽动分裂国家犯罪的意见》发布。#哪些情形构成分裂国家罪煽动分裂国家罪#？如何处罚量刑？收藏了解↓↓ 
2024-06-22 19:25:09,002 - INFO - URL: https://m.weibo.cn/detail/5047823298986068 
2024-06-22 19:25:11,505 - INFO - 已获取用户 人民日报 的微博，内容为 【做好防范！#主雨带北抬部分地区可能发生旱涝急转#】21日，国家防总办公室继续组织气象、水利、自然资源等部门联合会商。未来10天黄淮南部、江汉江淮、江南北部和贵州、云南等地降雨增多，南海有热带系统发展，局地降雨具有极端性，发生洪涝、地质灾害等风险高。#湖北江苏安徽等地要严防旱涝急转#，保障人民生命财产安全。
网页链接
2024-06-22 19:25:11,506 - INFO - 已获取用户 人民日报 的微博，内容为 【#人民日报夜读#：没有一个“夏”字，却句句都是夏天】轻轻摇动的老蒲扇，精心熬制的绿豆汤，树荫下的躺椅铺着凉席，旧风扇在头顶吱吱呀呀，随风轻轻摆动的窗帘，花露水的淡淡清香，踏实的臂弯和动人的故事……你的夏天，是什么模样？ 
【夜读】没有一个“夏”字，却句句都是夏天
 
2024-06-22 19:25:11,507 - INFO - 已获取用户 人民日报 的微博，内容为 【#用AI黏土滤镜打开夏至#】夏至，是西瓜的香甜，是海风的清凉，是夏花的绚烂…在AI微缩景观里，夏天的万物变成了可爱的黏土世界。准备好迎接属于你的盛夏了吗？ 
人民日报的微博视频
 
2024-06-22 19:25:11,507 - INFO - 已获取用户 人民日报 的微博，内容为 【#刘国梁寄语国乒#：摆低位置，去拼！】巴黎奥运在即，人民日报新媒体专访中国乒乓球协会主席刘国梁。刘国梁寄语队员：我们不能理所当然地觉得，这五块金牌是中国队的。不要去守，摆低位置，去拼！#国乒最新备战画面#↓↓#刘国梁 国乒要摆低位置去拼# 
人民日报的微博视频
 
2024-06-22 19:25:11,508 - INFO - URL: https://m.weibo.cn/detail/5047792529047912 
2024-06-22 19:25:42,303 - INFO - 准备搜集 人民日报 的微博
2024-06-22 19:25:45,087 - INFO - 已获取用户 人民日报 的微博，内容为 【#华山绝美云海武侠感拉满#】近日，陕西渭南，雨后的华山刚柔并济，云海蒸腾。波涛汹涌的云雾在群峰间翻滚。网友：#华山云海好像人间仙境#！
陕视新闻的微博视频
 
2024-06-22 19:25:45,088 - INFO - 已获取用户 人民日报 的微博，内容为 【让人动容！#毕业生送上束脩之礼感谢师恩#】近日，山东淄博，中考结束后一名女生向班主任送上“束脩之礼”感谢师恩。班主任感动不已难掩泪水，他说一个老师的最高荣耀，就是得到学生的认可。网友：#这样双向奔赴的师生情让人感动#！ 
人民日报的微博视频
 
2024-06-22 19:25:45,088 - INFO - URL: https://m.weibo.cn/detail/5048133010589349 
2024-06-22 19:25:47,660 - INFO - 已获取用户 人民日报 的微博，内容为 【好萌！#荒漠猫的亲子时光#】近日，摄影师在青海省海晏县拍摄到国家一级重点保护野生动物荒漠猫的活动画面。视频中，一只雌性荒漠猫带着三个幼崽休闲玩耍，三只小家伙活泼好动、非常可爱。据悉，荒漠猫分布于青藏高原东部，生性机警、善于捕猎，是中国特有的猫科动物。（贾丰丰，边建忠） 
人民日报的微博视频
2024-06-22 19:25:47,660 - INFO - 已获取用户 人民日报 的微博，内容为 【辛苦了！#广西柳州武警官兵连夜奋战清淤#】近日，广西柳州洪水渐退，大量淤泥覆盖、垃圾堆积。当晚，武警广西总队柳州支队迅速出动300余名官兵展开清淤工作。截至21日8时，武警官兵共疏通清理道路3.7公里，转移物资约1200余件，清理淤泥2.5万立方米，居民生产生活基本恢复正常。（央广军事） 
2024-06-22 19:25:47,661 - INFO - 已获取用户 人民日报 的微博，内容为 【转存！@ 2024高考生，#高考查分前必看#】什么是批次录取控制分数线？不了解高考专业怎么办？提前批录取后，还可以参加其他批次的录取吗？概念解析、填报策略、热点解答…#高考志愿填报60个必看问答#↓↓转需收藏！#专业报考指南# @2024高考生，查分前必看 
2024-06-22 19:25:47,661 - INFO - 已获取用户 人民日报 的微博，内容为 【同学，愿你一路繁花、前程似锦！#高校毕业季设巨型花束打卡点#】今年毕业季，内蒙古工业大学在校园中设置了一束巨型花束，供毕业学子们拍照打卡，祝福即将毕业的学生“一路繁花，前程似锦”。网友：羡慕了！
内蒙古广播电视台的微博视频
 
2024-06-22 19:25:47,661 - INFO - 已获取用户 人民日报 的微博，内容为 【云南元江：#蝴蝶大爆发梦幻如加特效#】每年5月至8月，云南省元江县便会迎来蝴蝶爆发期，数不清的蝴蝶随着阳光翩翩起舞，形成一幅美丽画卷↓↓#蝴蝶爆发漫天飞舞有多壮观#（杨文明 何松阳 李方芳 靳浩） 
人民日报的微博视频
 
2024-06-22 19:25:47,661 - INFO - URL: https://m.weibo.cn/detail/5048082075747136 
2024-06-22 19:25:50,212 - INFO - 已获取用户 人民日报 的微博，内容为 【祝贺！#我国发射中法天文卫星#】搭载中法天文卫星的长征二号丙运载火箭6月22日在中国西昌卫星发射中心发射升空。该卫星是中法两国联合论证研制的空间科学卫星，是迄今为止全球对伽马暴开展多波段综合观测能力最强的卫星，将对伽马暴研究等空间天文领域科学发现发挥重要作用。（张未 王豪 喻思南 图/陈昊杰） 
2024-06-22 19:25:50,213 - INFO - URL: https://m.weibo.cn/detail/5048073896334300 
2024-06-22 19:25:53,268 - INFO - 已获取用户 人民日报 的微博，内容为 【#高校用离世渐冻症学生名字设立自强不息奖#】近日，西南政法大学毕业典礼上，校长林维宣布，为纪念于2023年不幸离世的“渐冻症”学生邓显松热爱生活、追求卓越的精神，学校设立“显松自强不息奖”。邓显松在3岁时患上了进行性肌营养不良症，由于大脑、脑干和脊髓中运动神经细胞受到侵袭，肌肉逐渐萎缩无力以至全身瘫痪，身体如同被逐渐冻住一样，俗称“渐冻人”。身体虽被困住，可他并从没放弃，并于2021年以592分的成绩考入西南政法大学。
患“渐冻症”学生离世，校长毕业典礼上宣布……
 
上游新闻的微博视频
2024-06-22 19:25:53,268 - INFO - URL: https://m.weibo.cn/detail/5048064287443233 
2024-06-22 19:25:55,809 - INFO - 已获取用户 人民日报 的微博，内容为 【台下十年功！#戏曲演员跳凳子实力演绎身轻如燕#】近日，陕西汉中。汉调桄桄演员王乙妃分享自己7年来从练习跳凳子到登台演出的视频。台上一分钟，台下十年功。“我们的每一个动作每天都要跳至少50下，光跳凳子每天要跳1-2个小时。”#戏曲演员跳凳子如会轻功#↓↓提醒：请勿随意模仿。（中国青年报） 
人民日报的微博视频
2024-06-22 19:25:55,809 - INFO - ------------------------------已获取人民日报(2803301701)的第1页微博------------------------------
2024-06-22 19:25:58,477 - INFO - 已获取用户 人民日报 的微博，内容为 【生命的力量！#延时摄影看金蝉脱壳#】近日，随着气温升高，蝉也用自己的方式迎接夏天的到来。#30秒看金蝉脱壳全过程#↓↓（CCTV纪录、云南发布）
CCTV纪录的微博视频
 
2024-06-22 19:25:58,477 - INFO - URL: https://m.weibo.cn/detail/5048046681327948 
2024-06-22 19:26:01,421 - INFO - 已获取用户 人民日报 的微博，内容为 【转存了解！#大运河里的古人智慧有多绝#】#文化中国行看穿越千年的大运河# 2014年6月22日，中国大运河被列入《世界遗产名录》。穿越2500多年历史，蜿蜒近3200公里，大运河是中华民族最具代表性的文化标识之一，具有独特的历史文化价值。大运河申遗成功10周年，一组#中华文化学习笔记#了解流动的文化↓↓
2024-06-22 19:26:01,421 - INFO - 已获取用户 人民日报 的微博，内容为 【“优秀优秀！”#老兵体验新装备满是欣慰#】近日，联勤保障部队某部迎来了5位老工程兵。50年前，他们在这里开山拓荒、凿石挖洞；50年后，他们重返军营，看到现在的装备，话里满是感慨和欣慰。致敬！ 
人民日报的微博视频
 
2024-06-22 19:26:01,421 - INFO - URL: https://m.weibo.cn/detail/5048026351797573 
2024-06-22 19:26:03,953 - INFO - 已获取用户 人民日报 的微博，内容为 【加油！#中国滑板三小花晋级巴黎奥运会#】#为中国滑板少女加油#在北京时间22凌晨进行的巴黎奥运会资格系列赛布达佩斯站滑板女子街式预赛中，朱沅铃、崔宸曦、曾文蕙分别位列第6、第10、第15位，携手晋级半决赛，这也确保了三人提前锁定巴黎奥运会参赛资格。滑板运动是奥运新兴项目。东京奥运会上，中国队在女子街式项目上只有曾文蕙一人参赛。巴黎奥运会上，中国队在该项目实现满额参赛，实现巨大突破和跨越。（人民日报记者 王亮）
2024-06-22 19:26:03,954 - INFO - 已获取用户 人民日报 的微博，内容为 【实用收藏！#毕业照可以拍得多好玩#】又是一年毕业季，你的毕业照拍出了哪些新花样？ #毕业照拍摄攻略#↓↓用快门定格校园时光~#2024毕业季#人民日报的微博视频
 
2024-06-22 19:26:03,954 - INFO - 已获取用户 人民日报 的微博，内容为 【报志愿有用！转存#全国3117所高校全名单#】#明起高考就要出分了#，你的心仪大学是哪所？全国3117所高校全名单，一文收藏↓↓加油，理想大学见！
网页链接
 
报志愿有用！教育部发布全国3117所高校全名单
 
2024-06-22 19:26:03,955 - INFO - 已获取用户 人民日报 的微博，内容为 【#万吨大驱大连舰航拍大片#】#30秒看万吨大驱大连舰驰骋大洋#↓↓感受满屏“万吨大驱”带来的安全感！
央视军事的微博视频
 
2024-06-22 19:26:03,955 - INFO - 已获取用户 人民日报 的微博，内容为 【毕业快乐！#姜铁红再跳奔腾祝福毕业生#】近日，@中央民族大学 毕业典礼上，姜铁红院长@姜铁红_戈壁石 为毕业生再跳《奔腾》，祝福毕业生笑傲江湖，勇闯天涯！#2024毕业季# 
人民日报的微博视频
 
2024-06-22 19:26:03,956 - INFO - 已获取用户 人民日报 的微博，内容为 【祝金榜题名！#明起多省份可查高考成绩#】截至目前，全国#29省份公布高考出分时间#，大多集中在6月23日至25日之间。明天预计上海、四川、宁夏、云南出分。#2024高考成绩公布时间汇总#↓↓↓祝福所有考生！ 
最全汇总！2024高考查分时间（持续更新中）
 
2024-06-22 19:26:03,956 - INFO - 已获取用户 人民日报 的微博，内容为 【干货收藏！#高考志愿填报超详细知识点#】各地即将陆续发布高考成绩，并组织志愿填报。报志愿要准备哪些资料？志愿填报模式有哪几种？#高考报志愿要避开的9个误区#都是什么？志愿填报在即，知识点帮你整理好了↓↓转需，愿你进入“梦中情校”，学到理想的专业！#专业报考指南# 
2024-06-22 19:26:03,956 - INFO - ------------------------------已获取人民日报(2803301701)的第2页微博------------------------------
2024-06-22 19:26:07,313 - INFO - 已获取用户 人民日报 的微博，内容为 【#松弛感配色9图唤醒周末#】工作生活中总是紧绷？其实，人生是一场长跑，保持良好心态，合理分配精力，才能行稳致远。许多时候，无需用力过猛，掌握自己的节奏，忙时全心投入，闲时松弛有度，保持理智、从容自如就好。送你#养成松弛感的9个方法#↓↓愿你不忧不惧，活出想要的样子。周末，早安！ 
2024-06-22 19:26:07,313 - INFO - URL: https://m.weibo.cn/detail/5047842471673946 
2024-06-22 19:26:09,788 - INFO - 已获取用户 人民日报 的微博，内容为 【#你好，明天#】最高可判死刑，可缺席审判！“两高三部”联合发布意见，依法严惩“台独”分裂犯罪。对“台独”分裂势力亮剑，我们有决心，更有办法。统一是历史大势，是正道。“台独”是历史逆流，是绝路。正告“台独”顽固分子，正义审判绝不会缺席，胆敢以身试法必遭法律严惩。#祖国必须统一也必然统一#
2024-06-22 19:26:09,788 - INFO - URL: https://m.weibo.cn/detail/5047839571052042 
2024-06-22 19:26:12,337 - INFO - 已获取用户 人民日报 的微博，内容为 【最高可判死刑，可缺席审判！#惩治台独顽固分子的利剑来了#】今天，《关于依法惩治“台独”顽固分子分裂国家、煽动分裂国家犯罪的意见》发布。#哪些情形构成分裂国家罪煽动分裂国家罪#？如何处罚量刑？收藏了解↓↓ 
2024-06-22 19:26:12,337 - INFO - URL: https://m.weibo.cn/detail/5047823298986068 
2024-06-22 19:26:14,890 - INFO - 已获取用户 人民日报 的微博，内容为 【做好防范！#主雨带北抬部分地区可能发生旱涝急转#】21日，国家防总办公室继续组织气象、水利、自然资源等部门联合会商。未来10天黄淮南部、江汉江淮、江南北部和贵州、云南等地降雨增多，南海有热带系统发展，局地降雨具有极端性，发生洪涝、地质灾害等风险高。#湖北江苏安徽等地要严防旱涝急转#，保障人民生命财产安全。
网页链接
2024-06-22 19:26:14,891 - INFO - 已获取用户 人民日报 的微博，内容为 【#人民日报夜读#：没有一个“夏”字，却句句都是夏天】轻轻摇动的老蒲扇，精心熬制的绿豆汤，树荫下的躺椅铺着凉席，旧风扇在头顶吱吱呀呀，随风轻轻摆动的窗帘，花露水的淡淡清香，踏实的臂弯和动人的故事……你的夏天，是什么模样？ 
【夜读】没有一个“夏”字，却句句都是夏天
 
2024-06-22 19:26:14,891 - INFO - 已获取用户 人民日报 的微博，内容为 【#用AI黏土滤镜打开夏至#】夏至，是西瓜的香甜，是海风的清凉，是夏花的绚烂…在AI微缩景观里，夏天的万物变成了可爱的黏土世界。准备好迎接属于你的盛夏了吗？ 
人民日报的微博视频
 
2024-06-22 19:26:14,892 - INFO - 已获取用户 人民日报 的微博，内容为 【#刘国梁寄语国乒#：摆低位置，去拼！】巴黎奥运在即，人民日报新媒体专访中国乒乓球协会主席刘国梁。刘国梁寄语队员：我们不能理所当然地觉得，这五块金牌是中国队的。不要去守，摆低位置，去拼！#国乒最新备战画面#↓↓#刘国梁 国乒要摆低位置去拼# 
人民日报的微博视频
 
2024-06-22 19:26:14,892 - INFO - URL: https://m.weibo.cn/detail/5047792529047912 
2024-06-22 19:26:17,716 - INFO - 已获取用户 人民日报 的微博，内容为 【致敬坚守！#大漠里有个凿在陡壁土丘上的派出所#】日常风速10级、每秒近30米；年温差高达70摄氏度，寒暑交替…罗布泊东南边缘，距离甘肃敦煌市区180多公里，有个#窑洞里的派出所#，9位民辅警坚守在这里。20多年来，派出所参与救援任务200余次，每年服务20多万人次游客。派出所的会议室里有一行字，“耐得住寂寞，扛得住炎热，经得住风沙，守得住阵地”。
网页链接
 
人民日报的微博视频
2024-06-22 19:26:17,716 - INFO - 已获取用户 人民日报 的微博，内容为 【#强降雨已致广东平远38人死亡2人失联#】据新华社，记者21日从广东省梅州市平远县三防指挥部了解到，截至21日15时，受强降雨影响，该县因灾已造成38人死亡、2人失联。 
2024-06-22 19:26:17,716 - INFO - URL: https://m.weibo.cn/detail/5047762154428359 
2024-06-22 19:26:20,765 - INFO - 已获取用户 人民日报 的微博，内容为 【国台办：#惩治台独刑事措施不涉及广大台湾同胞#】#意见针对台独顽固分子不涉及广大台湾同胞#今天，《关于依法惩治“台独”顽固分子分裂国家、煽动分裂国家犯罪的意见》发布。针对或许有台湾民众会担心这份司法文件影响言论自由，可能对参与两岸交流产生顾虑的提问，国台办发言人陈斌华表示：
《意见》从标题到正文都清晰指明，刑事惩治措施只针对极少数涉“独”言行恶劣、谋“独”活动猖獗的“台独”顽固分子，以及他们实施的分裂国家、煽动分裂国家犯罪，不涉及广大台湾同胞。“台独”是导致台湾兵凶战危、民众利益受损的最大祸源。只有依法严惩“台独”分裂犯罪，台湾同胞才能安享两岸关系和平发展红利，才能真正过上和平安宁的好日子。（人民日报记者 程龙）
2024-06-22 19:26:20,765 - INFO - ------------------------------已获取人民日报(2803301701)的第3页微博------------------------------
2024-06-22 19:26:23,423 - INFO - 已获取用户 人民日报 的微博，内容为 【#祖国必须统一也必然统一#】统一是历史大势，是正道。“台独”是历史逆流，是绝路。依法严惩“台独”分裂犯罪，坚决捍卫国家主权、统一和领土完整！#对台独分裂行径有了具体定罪量刑标准# 
2024-06-22 19:26:23,423 - INFO - URL: https://m.weibo.cn/detail/5047752379597081 
2024-06-22 19:26:25,928 - INFO - 已获取用户 人民日报 的微博，内容为 【#中组部划拨1.38亿元党费支持防汛抗旱#】#1.38亿元党费支持闽粤豫等地防汛抗旱#近日，中央组织部从代中央管理党费中给福建、广东、河南等11个省区划拨专项资金1.38亿元，用于支持防汛抗旱工作。中央组织部强调，这笔党费要及时拨付给基层，主要用于慰问奋战在防汛抗旱第一线的基层党员、干部和群众，慰问因受灾严重而遇到生活困难的党员、群众；修缮因灾受损的基层党员教育设施。相关省区要根据实际从本级管理党费中落实配套资金，及时划拨给基层，投入防汛抗旱工作，做到专款专用。
网页链接
2024-06-22 19:26:25,929 - INFO - URL: https://m.weibo.cn/detail/5047743250698019 
2024-06-22 19:26:28,425 - INFO - 已获取用户 人民日报 的微博，内容为 【划重点：#台独分裂犯罪最高可判死刑#】今天，《关于依法惩治“台独”顽固分子分裂国家、煽动分裂国家犯罪的意见》发布。其中明确“实施本意见第二条规定行为的，对首要分子或者罪行重大的，处无期徒刑或者十年以上有期徒刑，其中对国家和人民危害特别严重、情节特别恶劣的，可以判处死刑；对积极参加的，处三年以上十年以下有期徒刑；对其他参加的，处三年以下有期徒刑、拘役、管制或者剥夺政治权利。”#对台独分裂行径有了具体定罪量刑标准#
2024-06-22 19:26:28,425 - INFO - URL: https://m.weibo.cn/detail/5047738330252642 
2024-06-22 19:26:30,955 - INFO - 已获取用户 人民日报 的微博，内容为 【#四个关键点看懂依法严惩台独犯罪意见#】6月21日，《关于依法惩治“台独”顽固分子分裂国家、煽动分裂国家犯罪的意见》发布。#对台独分裂行径有了具体定罪量刑标准# 
①针对分裂行径，明确犯罪认定标准；
②明确从重情节，重申追诉期限；
③坚持宽严相济，体现罚当其罪；
④遵循法定程序，保障诉讼权利。 
人民日报的微博视频
2024-06-22 19:26:30,955 - INFO - URL: https://m.weibo.cn/detail/5047730316252144 
2024-06-22 19:26:33,470 - INFO - 已获取用户 人民日报 的微博，内容为 【全文收藏！#依法惩治台独分裂犯罪意见全文#】6月21日，最高人民法院、最高人民检察院、公安部、国家安全部、司法部联合发布《关于依法惩治“台独”顽固分子分裂国家、煽动分裂国家犯罪的意见》，自发布之日起施行。全文↓↓ #祖国必须统一也必然统一# #对台独分裂行径有了具体定罪量刑标准#全文:关于依法惩治“台独”顽固分子分裂国家 煽动分裂国家犯罪的意见
 
2024-06-22 19:26:33,470 - INFO - URL: https://m.weibo.cn/detail/5047725190547336 
2024-06-22 19:26:36,338 - INFO - 已获取用户 人民日报 的微博，内容为 【#国防部就美新一轮对台军售答问#：坚决粉碎一切“台独”分裂图谋】#美对台军售无异于谋财害命自私虚伪至极#美国国防部国防安全合作局近日宣布，美方批准两批总额约3.6亿美元的对台军售计划，包括两型无人机及配套系统服务等。
国防部新闻发言人吴谦表示，民进党当局妄图“以武谋独”，美国执意“以武助独”，是当前台海和平稳定最大的威胁。美方频频对台售武，用台湾老百姓的血汗钱养肥自己的军工复合体，不惜把台湾变成“火药桶”。这无异于谋财害命、自私虚伪至极。民进党当局“倚外谋独”，买再多的武器也带不来安全，只会把战火引向台湾，“棋子”终将沦为“弃子”。
2024-06-22 19:26:36,340 - INFO - 已获取用户 人民日报 的微博，内容为 【#两高三部发布意见惩治台独分裂犯罪#】6月21日，最高人民法院、最高人民检察院、公安部、国家安全部、司法部联合发布《关于依法惩治“台独”顽固分子分裂国家、煽动分裂国家犯罪的意见》，自发布之日起施行。#对台独分裂行径有了具体定罪量刑标准# 
2024-06-22 19:26:36,341 - INFO - 已获取用户 人民日报 的微博，内容为 【转存！教育部发布#最新全国高校名单#】截至2024年6月20日，全国高等学校共计3117所，其中：普通高等学校2868所，含本科学校1308所、高职（专科）学校1560所；成人高等学校249所。本名单未包含港澳台地区高等学校。#全国3117所高校全名单#，戳链接→
网页链接
 填报志愿用得上！ 
2024-06-22 19:26:36,341 - INFO - 已获取用户 人民日报 的微博，内容为 【#退伍大学生毕业典礼齐唱军歌太燃了#】“放心吧祖国，放心吧亲人，未来的路我们会勇敢前进！” 近日，宁波大学2024届本科生毕业典礼暨学位授予仪式上，退伍大学生们齐唱军歌《当那一天来临》，听得人热血沸腾！#2024毕业季# （新华社快看） 
人民日报的微博视频
 
2024-06-22 19:26:36,341 - INFO - 已获取用户 人民日报 的微博，内容为 【绚烂！#延时欣赏各色夏花优雅绽放#】木槿花、合欢花、睡莲、荷花、鸢尾花……各色夏花绚烂多姿，令人赏心悦目↓↓今日#夏至#，愿所有美好如约而至！
荔枝风景线的微博视频
 
2024-06-22 19:26:36,342 - INFO - ------------------------------已获取人民日报(2803301701)的第4页微博------------------------------
2024-06-22 19:27:10,585 - INFO - 准备搜集 人民日报 的微博
2024-06-22 19:27:13,723 - INFO - 已获取用户 人民日报 的微博，内容为 【#华山绝美云海武侠感拉满#】近日，陕西渭南，雨后的华山刚柔并济，云海蒸腾。波涛汹涌的云雾在群峰间翻滚。网友：#华山云海好像人间仙境#！
陕视新闻的微博视频
 
2024-06-22 19:27:13,724 - INFO - 已获取用户 人民日报 的微博，内容为 【让人动容！#毕业生送上束脩之礼感谢师恩#】近日，山东淄博，中考结束后一名女生向班主任送上“束脩之礼”感谢师恩。班主任感动不已难掩泪水，他说一个老师的最高荣耀，就是得到学生的认可。网友：#这样双向奔赴的师生情让人感动#！ 
人民日报的微博视频
 
2024-06-22 19:27:13,724 - INFO - URL: https://m.weibo.cn/detail/5048133010589349 
2024-06-22 19:27:16,698 - INFO - 已获取用户 人民日报 的微博，内容为 【好萌！#荒漠猫的亲子时光#】近日，摄影师在青海省海晏县拍摄到国家一级重点保护野生动物荒漠猫的活动画面。视频中，一只雌性荒漠猫带着三个幼崽休闲玩耍，三只小家伙活泼好动、非常可爱。据悉，荒漠猫分布于青藏高原东部，生性机警、善于捕猎，是中国特有的猫科动物。（贾丰丰，边建忠） 
人民日报的微博视频
2024-06-22 19:27:16,698 - INFO - 已获取用户 人民日报 的微博，内容为 【辛苦了！#广西柳州武警官兵连夜奋战清淤#】近日，广西柳州洪水渐退，大量淤泥覆盖、垃圾堆积。当晚，武警广西总队柳州支队迅速出动300余名官兵展开清淤工作。截至21日8时，武警官兵共疏通清理道路3.7公里，转移物资约1200余件，清理淤泥2.5万立方米，居民生产生活基本恢复正常。（央广军事） 
2024-06-22 19:27:16,699 - INFO - 已获取用户 人民日报 的微博，内容为 【转存！@ 2024高考生，#高考查分前必看#】什么是批次录取控制分数线？不了解高考专业怎么办？提前批录取后，还可以参加其他批次的录取吗？概念解析、填报策略、热点解答…#高考志愿填报60个必看问答#↓↓转需收藏！#专业报考指南# @2024高考生，查分前必看 
2024-06-22 19:27:16,699 - INFO - 已获取用户 人民日报 的微博，内容为 【同学，愿你一路繁花、前程似锦！#高校毕业季设巨型花束打卡点#】今年毕业季，内蒙古工业大学在校园中设置了一束巨型花束，供毕业学子们拍照打卡，祝福即将毕业的学生“一路繁花，前程似锦”。网友：羡慕了！
内蒙古广播电视台的微博视频
 
2024-06-22 19:27:16,700 - INFO - 已获取用户 人民日报 的微博，内容为 【云南元江：#蝴蝶大爆发梦幻如加特效#】每年5月至8月，云南省元江县便会迎来蝴蝶爆发期，数不清的蝴蝶随着阳光翩翩起舞，形成一幅美丽画卷↓↓#蝴蝶爆发漫天飞舞有多壮观#（杨文明 何松阳 李方芳 靳浩） 
人民日报的微博视频
 
2024-06-22 19:27:16,700 - INFO - URL: https://m.weibo.cn/detail/5048082075747136 
2024-06-22 19:27:19,236 - INFO - 已获取用户 人民日报 的微博，内容为 【祝贺！#我国发射中法天文卫星#】搭载中法天文卫星的长征二号丙运载火箭6月22日在中国西昌卫星发射中心发射升空。该卫星是中法两国联合论证研制的空间科学卫星，是迄今为止全球对伽马暴开展多波段综合观测能力最强的卫星，将对伽马暴研究等空间天文领域科学发现发挥重要作用。（张未 王豪 喻思南 图/陈昊杰） 
2024-06-22 19:27:19,236 - INFO - URL: https://m.weibo.cn/detail/5048073896334300 
2024-06-22 19:27:21,779 - INFO - 已获取用户 人民日报 的微博，内容为 【#高校用离世渐冻症学生名字设立自强不息奖#】近日，西南政法大学毕业典礼上，校长林维宣布，为纪念于2023年不幸离世的“渐冻症”学生邓显松热爱生活、追求卓越的精神，学校设立“显松自强不息奖”。邓显松在3岁时患上了进行性肌营养不良症，由于大脑、脑干和脊髓中运动神经细胞受到侵袭，肌肉逐渐萎缩无力以至全身瘫痪，身体如同被逐渐冻住一样，俗称“渐冻人”。身体虽被困住，可他并从没放弃，并于2021年以592分的成绩考入西南政法大学。
患“渐冻症”学生离世，校长毕业典礼上宣布……
 
上游新闻的微博视频
2024-06-22 19:27:21,779 - INFO - URL: https://m.weibo.cn/detail/5048064287443233 
2024-06-22 19:27:24,582 - INFO - 已获取用户 人民日报 的微博，内容为 【台下十年功！#戏曲演员跳凳子实力演绎身轻如燕#】近日，陕西汉中。汉调桄桄演员王乙妃分享自己7年来从练习跳凳子到登台演出的视频。台上一分钟，台下十年功。“我们的每一个动作每天都要跳至少50下，光跳凳子每天要跳1-2个小时。”#戏曲演员跳凳子如会轻功#↓↓提醒：请勿随意模仿。（中国青年报） 
人民日报的微博视频
2024-06-22 19:27:24,582 - INFO - ------------------------------已获取人民日报(2803301701)的第1页微博------------------------------
2024-06-22 19:27:27,272 - INFO - 已获取用户 人民日报 的微博，内容为 【生命的力量！#延时摄影看金蝉脱壳#】近日，随着气温升高，蝉也用自己的方式迎接夏天的到来。#30秒看金蝉脱壳全过程#↓↓（CCTV纪录、云南发布）
CCTV纪录的微博视频
 
2024-06-22 19:27:27,272 - INFO - URL: https://m.weibo.cn/detail/5048046681327948 
2024-06-22 19:27:30,224 - INFO - 已获取用户 人民日报 的微博，内容为 【转存了解！#大运河里的古人智慧有多绝#】#文化中国行看穿越千年的大运河# 2014年6月22日，中国大运河被列入《世界遗产名录》。穿越2500多年历史，蜿蜒近3200公里，大运河是中华民族最具代表性的文化标识之一，具有独特的历史文化价值。大运河申遗成功10周年，一组#中华文化学习笔记#了解流动的文化↓↓
2024-06-22 19:27:30,225 - INFO - 已获取用户 人民日报 的微博，内容为 【“优秀优秀！”#老兵体验新装备满是欣慰#】近日，联勤保障部队某部迎来了5位老工程兵。50年前，他们在这里开山拓荒、凿石挖洞；50年后，他们重返军营，看到现在的装备，话里满是感慨和欣慰。致敬！ 
人民日报的微博视频
 
2024-06-22 19:27:30,225 - INFO - URL: https://m.weibo.cn/detail/5048026351797573 
2024-06-22 19:27:32,921 - INFO - 已获取用户 人民日报 的微博，内容为 【加油！#中国滑板三小花晋级巴黎奥运会#】#为中国滑板少女加油#在北京时间22凌晨进行的巴黎奥运会资格系列赛布达佩斯站滑板女子街式预赛中，朱沅铃、崔宸曦、曾文蕙分别位列第6、第10、第15位，携手晋级半决赛，这也确保了三人提前锁定巴黎奥运会参赛资格。滑板运动是奥运新兴项目。东京奥运会上，中国队在女子街式项目上只有曾文蕙一人参赛。巴黎奥运会上，中国队在该项目实现满额参赛，实现巨大突破和跨越。（人民日报记者 王亮）
2024-06-22 19:27:32,921 - INFO - 已获取用户 人民日报 的微博，内容为 【实用收藏！#毕业照可以拍得多好玩#】又是一年毕业季，你的毕业照拍出了哪些新花样？ #毕业照拍摄攻略#↓↓用快门定格校园时光~#2024毕业季#人民日报的微博视频
 
2024-06-22 19:27:32,922 - INFO - 已获取用户 人民日报 的微博，内容为 【报志愿有用！转存#全国3117所高校全名单#】#明起高考就要出分了#，你的心仪大学是哪所？全国3117所高校全名单，一文收藏↓↓加油，理想大学见！
网页链接
 
报志愿有用！教育部发布全国3117所高校全名单
 
2024-06-22 19:27:32,922 - INFO - 已获取用户 人民日报 的微博，内容为 【#万吨大驱大连舰航拍大片#】#30秒看万吨大驱大连舰驰骋大洋#↓↓感受满屏“万吨大驱”带来的安全感！
央视军事的微博视频
 
2024-06-22 19:27:32,923 - INFO - 已获取用户 人民日报 的微博，内容为 【毕业快乐！#姜铁红再跳奔腾祝福毕业生#】近日，@中央民族大学 毕业典礼上，姜铁红院长@姜铁红_戈壁石 为毕业生再跳《奔腾》，祝福毕业生笑傲江湖，勇闯天涯！#2024毕业季# 
人民日报的微博视频
 
2024-06-22 19:27:32,924 - INFO - 已获取用户 人民日报 的微博，内容为 【祝金榜题名！#明起多省份可查高考成绩#】截至目前，全国#29省份公布高考出分时间#，大多集中在6月23日至25日之间。明天预计上海、四川、宁夏、云南出分。#2024高考成绩公布时间汇总#↓↓↓祝福所有考生！ 
最全汇总！2024高考查分时间（持续更新中）
 
2024-06-22 19:27:32,925 - INFO - 已获取用户 人民日报 的微博，内容为 【干货收藏！#高考志愿填报超详细知识点#】各地即将陆续发布高考成绩，并组织志愿填报。报志愿要准备哪些资料？志愿填报模式有哪几种？#高考报志愿要避开的9个误区#都是什么？志愿填报在即，知识点帮你整理好了↓↓转需，愿你进入“梦中情校”，学到理想的专业！#专业报考指南# 
2024-06-22 19:27:32,925 - INFO - ------------------------------已获取人民日报(2803301701)的第2页微博------------------------------
2024-06-22 19:27:35,589 - INFO - 已获取用户 人民日报 的微博，内容为 【#松弛感配色9图唤醒周末#】工作生活中总是紧绷？其实，人生是一场长跑，保持良好心态，合理分配精力，才能行稳致远。许多时候，无需用力过猛，掌握自己的节奏，忙时全心投入，闲时松弛有度，保持理智、从容自如就好。送你#养成松弛感的9个方法#↓↓愿你不忧不惧，活出想要的样子。周末，早安！ 
2024-06-22 19:27:35,589 - INFO - URL: https://m.weibo.cn/detail/5047842471673946 
2024-06-22 19:27:38,339 - INFO - 已获取用户 人民日报 的微博，内容为 【#你好，明天#】最高可判死刑，可缺席审判！“两高三部”联合发布意见，依法严惩“台独”分裂犯罪。对“台独”分裂势力亮剑，我们有决心，更有办法。统一是历史大势，是正道。“台独”是历史逆流，是绝路。正告“台独”顽固分子，正义审判绝不会缺席，胆敢以身试法必遭法律严惩。#祖国必须统一也必然统一#
2024-06-22 19:27:38,339 - INFO - URL: https://m.weibo.cn/detail/5047839571052042 
2024-06-22 19:27:40,851 - INFO - 已获取用户 人民日报 的微博，内容为 【最高可判死刑，可缺席审判！#惩治台独顽固分子的利剑来了#】今天，《关于依法惩治“台独”顽固分子分裂国家、煽动分裂国家犯罪的意见》发布。#哪些情形构成分裂国家罪煽动分裂国家罪#？如何处罚量刑？收藏了解↓↓ 
2024-06-22 19:27:40,851 - INFO - URL: https://m.weibo.cn/detail/5047823298986068 
2024-06-22 19:27:43,376 - INFO - 已获取用户 人民日报 的微博，内容为 【做好防范！#主雨带北抬部分地区可能发生旱涝急转#】21日，国家防总办公室继续组织气象、水利、自然资源等部门联合会商。未来10天黄淮南部、江汉江淮、江南北部和贵州、云南等地降雨增多，南海有热带系统发展，局地降雨具有极端性，发生洪涝、地质灾害等风险高。#湖北江苏安徽等地要严防旱涝急转#，保障人民生命财产安全。
网页链接
2024-06-22 19:27:43,377 - INFO - 已获取用户 人民日报 的微博，内容为 【#人民日报夜读#：没有一个“夏”字，却句句都是夏天】轻轻摇动的老蒲扇，精心熬制的绿豆汤，树荫下的躺椅铺着凉席，旧风扇在头顶吱吱呀呀，随风轻轻摆动的窗帘，花露水的淡淡清香，踏实的臂弯和动人的故事……你的夏天，是什么模样？ 
【夜读】没有一个“夏”字，却句句都是夏天
 
2024-06-22 19:27:43,377 - INFO - 已获取用户 人民日报 的微博，内容为 【#用AI黏土滤镜打开夏至#】夏至，是西瓜的香甜，是海风的清凉，是夏花的绚烂…在AI微缩景观里，夏天的万物变成了可爱的黏土世界。准备好迎接属于你的盛夏了吗？ 
人民日报的微博视频
 
2024-06-22 19:27:43,377 - INFO - 已获取用户 人民日报 的微博，内容为 【#刘国梁寄语国乒#：摆低位置，去拼！】巴黎奥运在即，人民日报新媒体专访中国乒乓球协会主席刘国梁。刘国梁寄语队员：我们不能理所当然地觉得，这五块金牌是中国队的。不要去守，摆低位置，去拼！#国乒最新备战画面#↓↓#刘国梁 国乒要摆低位置去拼# 
人民日报的微博视频
 
2024-06-22 19:27:43,378 - INFO - URL: https://m.weibo.cn/detail/5047792529047912 
2024-06-22 19:27:46,986 - INFO - 已获取用户 人民日报 的微博，内容为 【致敬坚守！#大漠里有个凿在陡壁土丘上的派出所#】日常风速10级、每秒近30米；年温差高达70摄氏度，寒暑交替…罗布泊东南边缘，距离甘肃敦煌市区180多公里，有个#窑洞里的派出所#，9位民辅警坚守在这里。20多年来，派出所参与救援任务200余次，每年服务20多万人次游客。派出所的会议室里有一行字，“耐得住寂寞，扛得住炎热，经得住风沙，守得住阵地”。
网页链接
 
人民日报的微博视频
2024-06-22 19:27:46,986 - INFO - 已获取用户 人民日报 的微博，内容为 【#强降雨已致广东平远38人死亡2人失联#】据新华社，记者21日从广东省梅州市平远县三防指挥部了解到，截至21日15时，受强降雨影响，该县因灾已造成38人死亡、2人失联。 
2024-06-22 19:27:46,986 - INFO - URL: https://m.weibo.cn/detail/5047762154428359 
2024-06-22 19:27:49,531 - INFO - 已获取用户 人民日报 的微博，内容为 【国台办：#惩治台独刑事措施不涉及广大台湾同胞#】#意见针对台独顽固分子不涉及广大台湾同胞#今天，《关于依法惩治“台独”顽固分子分裂国家、煽动分裂国家犯罪的意见》发布。针对或许有台湾民众会担心这份司法文件影响言论自由，可能对参与两岸交流产生顾虑的提问，国台办发言人陈斌华表示：
《意见》从标题到正文都清晰指明，刑事惩治措施只针对极少数涉“独”言行恶劣、谋“独”活动猖獗的“台独”顽固分子，以及他们实施的分裂国家、煽动分裂国家犯罪，不涉及广大台湾同胞。“台独”是导致台湾兵凶战危、民众利益受损的最大祸源。只有依法严惩“台独”分裂犯罪，台湾同胞才能安享两岸关系和平发展红利，才能真正过上和平安宁的好日子。（人民日报记者 程龙）
2024-06-22 19:27:49,531 - INFO - ------------------------------已获取人民日报(2803301701)的第3页微博------------------------------
2024-06-22 19:27:52,534 - INFO - 已获取用户 人民日报 的微博，内容为 【#祖国必须统一也必然统一#】统一是历史大势，是正道。“台独”是历史逆流，是绝路。依法严惩“台独”分裂犯罪，坚决捍卫国家主权、统一和领土完整！#对台独分裂行径有了具体定罪量刑标准# 
2024-06-22 19:27:52,534 - INFO - URL: https://m.weibo.cn/detail/5047752379597081 
2024-06-22 19:27:55,057 - INFO - 已获取用户 人民日报 的微博，内容为 【#中组部划拨1.38亿元党费支持防汛抗旱#】#1.38亿元党费支持闽粤豫等地防汛抗旱#近日，中央组织部从代中央管理党费中给福建、广东、河南等11个省区划拨专项资金1.38亿元，用于支持防汛抗旱工作。中央组织部强调，这笔党费要及时拨付给基层，主要用于慰问奋战在防汛抗旱第一线的基层党员、干部和群众，慰问因受灾严重而遇到生活困难的党员、群众；修缮因灾受损的基层党员教育设施。相关省区要根据实际从本级管理党费中落实配套资金，及时划拨给基层，投入防汛抗旱工作，做到专款专用。
网页链接
2024-06-22 19:27:55,058 - INFO - URL: https://m.weibo.cn/detail/5047743250698019 
2024-06-22 19:27:57,595 - INFO - 已获取用户 人民日报 的微博，内容为 【划重点：#台独分裂犯罪最高可判死刑#】今天，《关于依法惩治“台独”顽固分子分裂国家、煽动分裂国家犯罪的意见》发布。其中明确“实施本意见第二条规定行为的，对首要分子或者罪行重大的，处无期徒刑或者十年以上有期徒刑，其中对国家和人民危害特别严重、情节特别恶劣的，可以判处死刑；对积极参加的，处三年以上十年以下有期徒刑；对其他参加的，处三年以下有期徒刑、拘役、管制或者剥夺政治权利。”#对台独分裂行径有了具体定罪量刑标准#
2024-06-22 19:27:57,596 - INFO - URL: https://m.weibo.cn/detail/5047738330252642 
2024-06-22 19:28:00,184 - INFO - 已获取用户 人民日报 的微博，内容为 【#四个关键点看懂依法严惩台独犯罪意见#】6月21日，《关于依法惩治“台独”顽固分子分裂国家、煽动分裂国家犯罪的意见》发布。#对台独分裂行径有了具体定罪量刑标准# 
①针对分裂行径，明确犯罪认定标准；
②明确从重情节，重申追诉期限；
③坚持宽严相济，体现罚当其罪；
④遵循法定程序，保障诉讼权利。 
人民日报的微博视频
2024-06-22 19:28:00,184 - INFO - URL: https://m.weibo.cn/detail/5047730316252144 
2024-06-22 19:28:02,862 - INFO - 已获取用户 人民日报 的微博，内容为 【全文收藏！#依法惩治台独分裂犯罪意见全文#】6月21日，最高人民法院、最高人民检察院、公安部、国家安全部、司法部联合发布《关于依法惩治“台独”顽固分子分裂国家、煽动分裂国家犯罪的意见》，自发布之日起施行。全文↓↓ #祖国必须统一也必然统一# #对台独分裂行径有了具体定罪量刑标准#全文:关于依法惩治“台独”顽固分子分裂国家 煽动分裂国家犯罪的意见
 
2024-06-22 19:28:02,862 - INFO - URL: https://m.weibo.cn/detail/5047725190547336 
2024-06-22 19:28:05,366 - INFO - 已获取用户 人民日报 的微博，内容为 【#国防部就美新一轮对台军售答问#：坚决粉碎一切“台独”分裂图谋】#美对台军售无异于谋财害命自私虚伪至极#美国国防部国防安全合作局近日宣布，美方批准两批总额约3.6亿美元的对台军售计划，包括两型无人机及配套系统服务等。
国防部新闻发言人吴谦表示，民进党当局妄图“以武谋独”，美国执意“以武助独”，是当前台海和平稳定最大的威胁。美方频频对台售武，用台湾老百姓的血汗钱养肥自己的军工复合体，不惜把台湾变成“火药桶”。这无异于谋财害命、自私虚伪至极。民进党当局“倚外谋独”，买再多的武器也带不来安全，只会把战火引向台湾，“棋子”终将沦为“弃子”。
2024-06-22 19:28:05,367 - INFO - 已获取用户 人民日报 的微博，内容为 【#两高三部发布意见惩治台独分裂犯罪#】6月21日，最高人民法院、最高人民检察院、公安部、国家安全部、司法部联合发布《关于依法惩治“台独”顽固分子分裂国家、煽动分裂国家犯罪的意见》，自发布之日起施行。#对台独分裂行径有了具体定罪量刑标准# 
2024-06-22 19:28:05,367 - INFO - 已获取用户 人民日报 的微博，内容为 【转存！教育部发布#最新全国高校名单#】截至2024年6月20日，全国高等学校共计3117所，其中：普通高等学校2868所，含本科学校1308所、高职（专科）学校1560所；成人高等学校249所。本名单未包含港澳台地区高等学校。#全国3117所高校全名单#，戳链接→
网页链接
 填报志愿用得上！ 
2024-06-22 19:28:05,368 - INFO - 已获取用户 人民日报 的微博，内容为 【#退伍大学生毕业典礼齐唱军歌太燃了#】“放心吧祖国，放心吧亲人，未来的路我们会勇敢前进！” 近日，宁波大学2024届本科生毕业典礼暨学位授予仪式上，退伍大学生们齐唱军歌《当那一天来临》，听得人热血沸腾！#2024毕业季# （新华社快看） 
人民日报的微博视频
 
2024-06-22 19:28:05,368 - INFO - 已获取用户 人民日报 的微博，内容为 【绚烂！#延时欣赏各色夏花优雅绽放#】木槿花、合欢花、睡莲、荷花、鸢尾花……各色夏花绚烂多姿，令人赏心悦目↓↓今日#夏至#，愿所有美好如约而至！
荔枝风景线的微博视频
 
2024-06-22 19:28:05,368 - INFO - ------------------------------已获取人民日报(2803301701)的第4页微博------------------------------
2024-06-22 19:28:08,178 - INFO - 已获取用户 人民日报 的微博，内容为 【月球→地球！#嫦娥六号说来自月球的神秘包裹派送中#】今天，@嫦娥六号月球探测器 发来一条新的物流通知，官宣来自月球的神秘包裹正在运输中，当前运输进度70%+。网友：#期待嫦娥六号带来的土特产#！
 
2024-06-22 19:28:08,178 - INFO - URL: https://m.weibo.cn/detail/5047680499977386 
2024-06-22 19:28:10,705 - INFO - 已获取用户 人民日报 的微博，内容为 #习近平宁夏考察调研#【习近平在宁夏考察时强调 建设黄河流域生态保护和高质量发展先行区 在中国式现代化建设中谱写好宁夏篇章】中共中央总书记、国家主席、中央军委主席习近平近日在宁夏考察时强调，宁夏要深入贯彻新发展理念，坚持稳中求进工作总基调，以铸牢中华民族共同体意识为主线，以黄河流域生态保护和高质量发展先行区建设为牵引，统筹推进高质量发展和高水平保护、全面深化改革和扩大开放、新型城镇化和乡村振兴、民族团结和共同富裕等工作，加快建设经济繁荣、民族团结、环境优美、人民富裕的美丽新宁夏，奋力谱写中国式现代化宁夏篇章。
6月19日，习近平结束在青海考察后，来到宁夏。当天下午，他在宁夏回族自治区党委书记梁言顺和自治区政府主席张雨浦陪同下，到银川市调研。
银川市金凤区长城花园社区是个多民族聚居的大型社区。习近平首先来到社区党群服务中心，走进便民服务厅、社区卫生站、爱心超市，听取社区工作介绍，详细了解社区发挥基层党组织作用、开展邻里活动和便民惠民服务等情况。随后，他来到社区活动室，饶有兴致地观看居民剪纸创作、舞蹈排练，同大家亲切交流，鼓励退休居民既要老有所养、老有所乐，又要老有所为。习近平指出，社区党组织是党联系基层群众的神经末梢，要在社区中发挥领导作用。社区党组织建好建强了，社区工作就有了主心骨。要坚持党建引领，紧紧围绕解决居民的急难愁盼问题，把服务老百姓的各项工作做深做细做到位。
习近平来到社区居民赵守成家中，同一家人围坐在一起拉家常，了解他们的就业、收入、医保报销、孩子上学等情况，为他们的幸福生活点赞，鼓励孩子德智体美劳全面发展。赵守成告诉总书记，当地党委和政府十分关心社区建设，特别是在改造老旧小区、丰富居民文体生活等方面做了很多实事，各族群众在社区里和睦相处，生活过得很舒心。习近平强调，我们党是全心全意为人民服务的党，各族群众、家家户户都是我的牵挂。希望你们把家庭建设搞得更好，让日子越过越红火。
傍晚时分，社区广场十分热闹，居民们看见总书记来了，纷纷围拢过来，热烈鼓掌欢迎。习近平亲切地对大家说，时隔4年，我再次来宁夏看望各族干部群众，见到大家非常高兴！中华民族是一个大家庭，各族人民要像石榴籽一样紧紧抱在一起。要不断铸牢中华民族共同体意识，把各族人民的心紧紧连在一起，把各方面的力量广泛凝聚到一起，共同推进中国式现代化，共襄中华民族伟大复兴的盛举。
20日上午，习近平听取宁夏回族自治区党委和政府工作汇报，对宁夏工作取得的成绩给予肯定。
习近平指出，宁夏地理环境和资源禀赋独特，要走特色化、差异化的产业发展路子，构建体现宁夏优势、具有较强竞争力的现代化产业体系。宁夏的现代煤化工和新型材料产业，风电、光伏、氢能等清洁能源产业，葡萄酒、枸杞等特色产业，要精耕细作、持续发展。加强文化与旅游深度融合，积极发展特色旅游、全域旅游。强化科技创新和产业创新融合，加大科技成果转化应用力度，促进传统产业转型升级，培育战略性新兴产业，因地制宜发展新质生产力。宁夏北部引黄灌区、中部干旱带、南部山区各有特点，要把准各地产业发展基础、资源环境容量、开放开发潜力，加强统筹规划和产业合作，推动形成山川共济、城乡融合、区域联动的发展格局。
习近平强调，宁夏要着力深化重点领域改革，探索具有本地特色的改革。完善市场经济基础制度，积极融入全国统一大市场建设，持续推进国资国企改革，认真落实促进民营经济发展政策，优化营商环境，激发社会投资活力。坚持对内对外开放相结合，积极参与共建“一带一路”和西部陆海新通道建设，深化与阿拉伯国家经贸合作，提高内陆开放水平。保护好黄河和贺兰山、六盘山、罗山的生态环境，是宁夏谋划改革发展的基准线，要深化资源环境要素市场化配置改革，完善生态产品价值实现机制和生态保护补偿机制，实施最严格的水资源管理制度。打好黄河“几字弯”攻坚战，统筹推进森林、草原、湿地、荒漠生态保护修复和盐碱地综合治理，让“塞上江南”越来越秀美。
习近平指出，要加强普惠性、基础性、兜底性民生事业建设，着力解决人民群众急难愁盼问题，扎实推进各族人民共同富裕。要把就业摆在突出位置，扎实做好高校毕业生、农民工、退役军人等重点群体就业工作。积极推进城市更新，加强老旧小区改造。顺应人口流动趋势，推动城乡融合发展，促进城乡产业发展、基础设施、公共服务一体化。全面推进乡村振兴，实施好百万移民致富提升行动，建设美丽乡村，促进乡村移风易俗。巩固拓展脱贫攻坚成果，深化定点帮扶、社会帮扶，坚决防止发生规模性返贫。抓好安全生产，加强风险隐患排查和防控，切实维护人民群众生命财产安全。
习近平强调，要全面贯彻新时代党的民族工作大政方针，努力创建铸牢中华民族共同体意识示范区。依法治理民族事务，着力构建互嵌式社会结构和社区环境，不断拓宽各民族全方位嵌入的实践路径。全面贯彻新时代党的宗教工作理论和方针政策，加强对宗教界思想政治引领。
习近平指出，要把正在全党开展的党纪学习教育抓紧抓实、抓出成效，推动党员、干部认真学习党纪党规，在遵规守纪前提下，安心工作、放手干事，锐意进取、积极作为。要坚持党性党风党纪一起抓，完善作风建设常态化长效化制度机制，持续深化整治形式主义为基层减负，一体推进不敢腐、不能腐、不想腐，以优良党风凝聚人心、引领社会风气。
李干杰、何立峰及中央和国家机关有关部门负责同志陪同考察。
网页链接
 
2024-06-22 19:28:10,711 - INFO - 已获取用户 人民日报 的微博，内容为 【网友：#攻读咖啡专业能天天喝咖啡吗#？
】咖啡科学与工程、密码科学与技术、人工智能、宝石及材料工艺学、智能建造……普通高校本科816种专业中，#这些专业可不只是有趣#，你了解吗？其课程设置和就业方向，跟你想象的一样吗？一起了解↓↓更多→
网页链接
 #专业报考指南# 
2024-06-22 19:28:10,712 - INFO - 已获取用户 人民日报 的微博，内容为 【夏至小调查：#你最爱吃哪一种面#？
】今日夏至， #夏天过去一半了#。“冬至馄饨夏至面”，吃过夏至面，一天短一线。夏至民间有吃面的习俗，你最爱吃哪种面？ 
 
网页链接
 
2024-06-22 19:28:10,712 - INFO - URL: https://m.weibo.cn/detail/5047649151489380 
2024-06-22 19:28:13,312 - INFO - 已获取用户 人民日报 的微博，内容为 【扩散周知！#暴雨天气10个安全提醒#，关键时刻能救命】近日，南方多地暴雨。遇到暴雨该怎么办？居家防范有什么要注意？车辆被困如何逃生？怎样防范次生灾害？#暴雨天气实用防御指南#↓↓转存收藏！ 
2024-06-22 19:28:13,313 - INFO - 已获取用户 人民日报 的微博，内容为 【正在直播！#全天候直播解读2024高考招生#】高考结束，志愿填报即将开始。不同学校的办学特色、人才培养、专业解读、最新招生政策等，你了解多少？@人民日报 12小时直播互动，全方位为高考生及家长答疑解惑，#手把手教你填志愿#↓↓祝福考生考入理想大学！#专业报考指南#  
人民日报的微博直播
 
2024-06-22 19:28:13,313 - INFO - URL: https://m.weibo.cn/detail/5047641660459431 
2024-06-22 19:28:15,967 - INFO - 已获取用户 人民日报 的微博，内容为 【#成都地铁路面坍塌原因系自来水管爆管#】#成都在建地铁路面坍塌无人员伤亡# 记者从成都轨道集团获悉：6月21日3时50分，中铁二局施工的成都轨道交通13号线小南街站施工基坑外，埋深约2米的两根直径分别为1米和0.3米的自来水管自然爆管，致使锦里西路119号附近长约12米的路面塌陷。情况发生后，自来水管已由相关产权单位关停，影响道路已被封闭，现场无人员受伤。该事件未对轨道交通建设及运营造成直接影响。另据了解，塌陷区域周边多个小区因此停气，给居民生活带来不便。#成都地铁# 
网页链接
2024-06-22 19:28:15,968 - INFO - 已获取用户 人民日报 的微博，内容为 【壮观！#壶口瀑布清流飞瀑遇上彩虹桥#】近日，山西吉县。黄河壶口瀑布“清流飞瀑”与“彩虹桥”同框，现场震撼又唯美。网友：#黄河之水天上来画面有了#！ 
人民视频的微博视频
 
2024-06-22 19:28:15,968 - INFO - URL: https://m.weibo.cn/detail/5047625244215415 
2024-06-22 19:28:18,654 - INFO - 已获取用户 人民日报 的微博，内容为 【点赞！#山坡找网女孩毕业后投身家乡教育#】还记得4年前那个为了备战高考在山坡上找网络信号的女孩吗？6月20日上午，在西南大学2024年本科生毕业典礼暨学位授予仪式上，范天兰作为毕业生代表表白母校，“是你们亮起的灯盏，让昔日在山坡找网的女孩，沐光而行，找到了梦想的信号。”范天兰表示：“我决心带着对教育的热忱，回到家乡云南，成为那一束微小却坚定的光，照亮学生前行的路。”为她点赞！#追光的你#那个在山坡上找网的女孩，毕业了！下一站是……
 
人民日报的微博视频
2024-06-22 19:28:18,655 - INFO - 已获取用户 人民日报 的微博，内容为 【#今天为渐冻人传递这条微博#】渐冻症是一种罕见病，导致患者肌肉逐渐无力、萎缩，最终完全瘫痪，像被冻住一样。今天是北半球光照时间最长的一天，#渐冻人日遇上夏至#，旨在呼吁全世界共同努力，早日帮助渐冻症患者摆脱病痛折磨，如常人一样沐浴在阳光之下。关爱渐冻人，用爱解冻！ 
2024-06-22 19:28:18,655 - INFO - ------------------------------已获取人民日报(2803301701)的第5页微博------------------------------
2024-06-22 19:28:29,491 - INFO - 已获取用户 人民日报 的微博，内容为 #文化中国行迎夏至#【#古诗词中的夏天氛围感拉满#】“小荷才露尖尖角，早有蜻蜓立上头”“连雨不知春去，一晴方觉夏深”“绿树阴浓夏日长，楼台倒影入池塘”……在古诗词中，一池荷叶、一朵夏花、一只夏虫，都是夏日的专属美好。夏至已至，#当夏日美景遇上古诗词#，一起感受夏日之美↓↓ 
2024-06-22 19:28:29,491 - INFO - 已获取用户 人民日报 的微博，内容为 【#习语#｜“你算我的一个大姐了”】“你算我的一个大姐了。”7年前的今天，习近平总书记来到山西忻州赵家洼村贫困村民王三女家中，拉家常、问冷暖。#将来的生活能过得越来越好#，这一幕令人难忘！ 
人民日报的微博视频
 
2024-06-22 19:28:29,492 - INFO - 已获取用户 人民日报 的微博，内容为 【今日，夏至】①今日4时51分迎来夏至节气，标志盛夏来临，也是万物生长最旺盛的时候。②#夏天过去一半了#，这天是北半球全年中白天最长、夜晚最短的一天。③夏至后不久，便是伏天。④这一时节，民间有吃面的习俗。你准备好迎接盛夏了吗？#文化中国行迎夏至##夏至# 
人民日报的微博视频
 
2024-06-22 19:28:29,492 - INFO - URL: https://m.weibo.cn/detail/5047479590718834 
2024-06-22 19:28:32,036 - INFO - 已获取用户 人民日报 的微博，内容为 【#你好，明天#】#关注南方防汛救灾#近期，南方持续出现强降雨，已致多地不同程度受灾。从消防力量组成“生命方舟”，到武警官兵冲到第一线，再到“一艘铁皮船救出40多名村民”，一幕幕场景令人动容，也激发大家防汛决心。紧急响应，全力应对，用责任筑牢堤坝。守望相助，没有过不了的坎；心手相牵，愿每个人都平平安安。
人民日报的微博视频
2024-06-22 19:28:32,037 - INFO - 已获取用户 人民日报 的微博，内容为 【#人民日报夜读#：真正厉害的人，都有这四面“镜子”】①“放大镜”：放大别人的闪光点；②“显微镜”：做事注重细节；③“望远镜”：登高才能望远；④“平面镜”：不歪曲，不狭隘，真实而自然…带好这四面“镜子”，你的人生之路一定会越走越宽。共勉！ 
【夜读】真正厉害的人，都有这四面“镜子”
 
2024-06-22 19:28:32,038 - INFO - URL: https://m.weibo.cn/detail/5047456355583160 
2024-06-22 19:28:34,664 - INFO - 已获取用户 人民日报 的微博，内容为 【挺身而出！#他身绑消防水带从高空救下幼童#】6月18日早晨，广东佛山，一名幼童的脖子被卡在7楼的防护网上，身体悬空，路过的代驾司机李达辉发现后，立刻冲上楼去，他用消防水带绑住身体，化身“蜘蛛人”从天而降，一只手托起孩子帮他爬回房间里。网友：为奋不顾身的好心人点赞！
早晨，他抬头一看！太悬了……
 
N视频的微博视频
2024-06-22 19:28:34,664 - INFO - URL: https://m.weibo.cn/detail/5047446617199336 
2024-06-22 19:28:37,210 - INFO - 已获取用户 人民日报 的微博，内容为 #习近平宁夏考察调研#【习近平：五十六个民族凝聚在一起就是中华民族共同体】19日下午，习近平总书记来到宁夏银川市金凤区长城花园社区考察。看到这个多民族聚居的社区其乐融融，各族群众和睦相处、生活幸福，习近平十分高兴。他说，民族团结非常重要，我们#五十六个民族要像石榴籽一样紧紧抱在一起#。五十六个民族凝聚在一起就是中华民族共同体，中华民族是一个大家庭。我们共同奋斗，一起推进中国式现代化，实现中华民族伟大复兴！
2024-06-22 19:28:37,210 - INFO - URL: https://m.weibo.cn/detail/5047446266973432 
2024-06-22 19:28:39,795 - INFO - 已获取用户 人民日报 的微博，内容为 #习近平宁夏考察调研#【习近平：社区要把为居民群众的服务做深做细做到位】19日下午，习近平总书记来到宁夏银川市金凤区长城花园社区考察。他来到社区党群服务中心，了解便民惠民服务和群众文化生活开展等情况，同社区工作人员和居民群众亲切交流。习近平说，社区为老百姓服务最直接，做好社区工作首先要把基层党组织建好建强，同时要有一支热心服务、持续稳定的社区工作者队伍。社区要总结经验、创新思路，把为居民群众的服务做深做细做到位，努力越做越好。
2024-06-22 19:28:39,795 - INFO - URL: https://m.weibo.cn/detail/5047436382570211 
2024-06-22 19:28:42,315 - INFO - 已获取用户 人民日报 的微博，内容为 【别着急！#和时间谈谈心#】2024年转眼已快过半，有的人觉得时间被浪费了，会着急，会焦虑。但生活不是短跑，而是马拉松，需要沉下心、慢慢来。把时间“浪费”在美好的事物上，不断向下扎根生长，与时间同行，让过去的每一分、每一秒都经得起时间的考验。戳视频，一起听#刘德华的年中讲#↓↓ 
人民日报的微博视频
2024-06-22 19:28:42,316 - INFO - 已获取用户 人民日报 的微博，内容为 【#新疆阿图什市4.8级地震#】中国地震台网正式测定：06月20日19时36分在新疆克孜勒苏州阿图什市（北纬40.21度，东经77.68度）发生4.8级地震，震源深度10千米。@中国地震台网速报 
2024-06-22 19:28:42,316 - INFO - ------------------------------已获取人民日报(2803301701)的第6页微博------------------------------
2024-06-22 19:28:45,558 - INFO - 已获取用户 人民日报 的微博，内容为 【#中国女排0比3不敌日本队#，无缘世联赛半决赛】6月20日，2024年世界女排联赛总决赛1/4决赛在泰国曼谷进行，中国女排以0∶3不敌日本队，无缘半决赛。#中国女排VS日本女排#（人民日报记者李洋） 
2024-06-22 19:28:45,558 - INFO - 已获取用户 人民日报 的微博，内容为 【辛苦了！#桂林抗洪现场市民说看到子弟兵很安心#】6月18日至19日，广西桂林漓江水位持续上涨，市区多处发生内涝，房屋被淹、道路受阻、人员被困。武警广西总队桂林支队官兵紧急出动，全力保障人民群众生命财产安全。#武警官兵奋战桂林抢险救灾一线# 
央广军事的微博视频
 
2024-06-22 19:28:45,559 - INFO - 已获取用户 人民日报 的微博，内容为 【清新！#延时摄影看垂茉莉花开好治愈#】近日，甘肃陇南，摄影师通过延时摄影记录下了垂茉莉绽放的唯美瞬间。玲珑剔透的花苞怦然绽放，花瓣洁白如玉，优雅灵动↓↓
荔枝风景线的微博视频
 
2024-06-22 19:28:45,559 - INFO - URL: https://m.weibo.cn/detail/5047389343186952 
2024-06-22 19:28:48,472 - INFO - 已获取用户 人民日报 的微博，内容为 【习近平在宁夏考察调研】19日下午，习近平总书记在宁夏回族自治区考察调研。他来到银川市金凤区长城花园社区，了解社区发挥基层党组织作用、优化便民惠民服务、推动各族群众交往交流交融等情况。#习近平宁夏考察调研#网页链接
 
2024-06-22 19:28:48,472 - INFO - URL: https://m.weibo.cn/detail/5047386055901424 
2024-06-22 19:28:51,353 - INFO - 已获取用户 人民日报 的微博，内容为 【#中马互相延长免签#政策】6月20日，中国和马来西亚发表《中华人民共和国政府和马来西亚政府关于深化提升全面战略伙伴关系、共建中马命运共同体的联合声明》。声明中提到，中方同意延长对马来西亚公民免签政策至2025年底，作为互惠安排，马方将延长对中国公民免签证政策至2026年底。
网页链接
2024-06-22 19:28:51,354 - INFO - 已获取用户 人民日报 的微博，内容为 【美！#这些高校学位服上新#】近日，多所高校学位服上新！#北师大学位服搭配纪念礼盒发放#；#山大专属海阔天高云肩惊艳亮相#；中国人民大学为每位毕业生定制了学位绶带，与新版毕业徽章一并赠送……一起来看↓↓ 
这些高校学位服上新！太美了→
 
2024-06-22 19:28:51,354 - INFO - URL: https://m.weibo.cn/detail/5047370042315184 
2024-06-22 19:28:54,001 - INFO - 已获取用户 人民日报 的微博，内容为 【广西#桂江桂林江段发生超历史实测记录洪水#】据水利部消息，受降雨和上游来水影响，广西桂江上游干流控制站桂林水文站6月20日0时55分洪峰水位148.88米，超过保证水位（147.00米）1.88米，相应流量6380立方米每秒，水位、流量均列1958年有实测资料以来第1位（历史最高水位148.40米，历史最大流量5890立方米每秒，1998年6月）。水利部维持对广西洪水防御Ⅲ级应急响应，2个工作组正在广西防汛一线指导地方做好洪水防御工作。（人民日报记者王浩）
2024-06-22 19:28:54,001 - INFO - 已获取用户 人民日报 的微博，内容为 【#今年还将有10余只大熊猫回国#】记者从国家林草局召开的野生动物保护和国际合作成果新闻发布会上获悉：今年以来，我国已完成“福宝”等7只大熊猫的接返工作。按照中外大熊猫合作协议规定，还将在今年有序接返协议到期和幼仔到龄的10余只大熊猫。（人民日报记者董丝雨）
中新视频的微博视频
 
2024-06-22 19:28:54,001 - INFO - URL: https://m.weibo.cn/detail/5047352194761983 
2024-06-22 19:28:57,545 - INFO - 已获取用户 人民日报 的微博，内容为 【辛苦了！#边防官兵的这条巡逻路跨越四季#】“我们这边温差很大，白天雪化成水，晚上又结成冰，导致路面形成一层厚厚的冰层，特别难走。”新疆军区某边防团木孜边防连，位于海拔3500米的木扎尔特冰川深处。官兵巡逻要穿森林、蹚冰河、爬陡坡、踏冰川，一次巡逻就能体验到四季的变化，致敬边防军人！
央视军事的微博视频
2024-06-22 19:28:57,546 - INFO - 已获取用户 人民日报 的微博，内容为 【#花花开出了高饱和度的夏天#】近日，北京，国家植物园（南园）水生与藤本植物区，各色睡莲、王莲等植物竞相绽放，形成了错落有致、色彩丰富多样的特色景观↓↓ 
2024-06-22 19:28:57,546 - INFO - ------------------------------已获取人民日报(2803301701)的第7页微博------------------------------
2024-06-22 19:29:22,179 - INFO - 准备搜集 人民日报 的微博
2024-06-22 19:29:26,071 - INFO - 已获取用户 人民日报 的微博，内容为 【#华山绝美云海武侠感拉满#】近日，陕西渭南，雨后的华山刚柔并济，云海蒸腾。波涛汹涌的云雾在群峰间翻滚。网友：#华山云海好像人间仙境#！
陕视新闻的微博视频
 
2024-06-22 19:29:26,072 - INFO - 已获取用户 人民日报 的微博，内容为 【让人动容！#毕业生送上束脩之礼感谢师恩#】近日，山东淄博，中考结束后一名女生向班主任送上“束脩之礼”感谢师恩。班主任感动不已难掩泪水，他说一个老师的最高荣耀，就是得到学生的认可。网友：#这样双向奔赴的师生情让人感动#！ 
人民日报的微博视频
 
2024-06-22 19:29:26,072 - INFO - URL: https://m.weibo.cn/detail/5048133010589349 
2024-06-22 19:29:28,634 - INFO - 已获取用户 人民日报 的微博，内容为 【好萌！#荒漠猫的亲子时光#】近日，摄影师在青海省海晏县拍摄到国家一级重点保护野生动物荒漠猫的活动画面。视频中，一只雌性荒漠猫带着三个幼崽休闲玩耍，三只小家伙活泼好动、非常可爱。据悉，荒漠猫分布于青藏高原东部，生性机警、善于捕猎，是中国特有的猫科动物。（贾丰丰，边建忠） 
人民日报的微博视频
2024-06-22 19:29:28,634 - INFO - 已获取用户 人民日报 的微博，内容为 【辛苦了！#广西柳州武警官兵连夜奋战清淤#】近日，广西柳州洪水渐退，大量淤泥覆盖、垃圾堆积。当晚，武警广西总队柳州支队迅速出动300余名官兵展开清淤工作。截至21日8时，武警官兵共疏通清理道路3.7公里，转移物资约1200余件，清理淤泥2.5万立方米，居民生产生活基本恢复正常。（央广军事） 
2024-06-22 19:29:28,635 - INFO - 已获取用户 人民日报 的微博，内容为 【转存！@ 2024高考生，#高考查分前必看#】什么是批次录取控制分数线？不了解高考专业怎么办？提前批录取后，还可以参加其他批次的录取吗？概念解析、填报策略、热点解答…#高考志愿填报60个必看问答#↓↓转需收藏！#专业报考指南# @2024高考生，查分前必看 
2024-06-22 19:29:28,635 - INFO - 已获取用户 人民日报 的微博，内容为 【同学，愿你一路繁花、前程似锦！#高校毕业季设巨型花束打卡点#】今年毕业季，内蒙古工业大学在校园中设置了一束巨型花束，供毕业学子们拍照打卡，祝福即将毕业的学生“一路繁花，前程似锦”。网友：羡慕了！
内蒙古广播电视台的微博视频
 
2024-06-22 19:29:28,635 - INFO - 已获取用户 人民日报 的微博，内容为 【云南元江：#蝴蝶大爆发梦幻如加特效#】每年5月至8月，云南省元江县便会迎来蝴蝶爆发期，数不清的蝴蝶随着阳光翩翩起舞，形成一幅美丽画卷↓↓#蝴蝶爆发漫天飞舞有多壮观#（杨文明 何松阳 李方芳 靳浩） 
人民日报的微博视频
 
2024-06-22 19:29:28,635 - INFO - URL: https://m.weibo.cn/detail/5048082075747136 
2024-06-22 19:29:31,547 - INFO - 已获取用户 人民日报 的微博，内容为 【祝贺！#我国发射中法天文卫星#】搭载中法天文卫星的长征二号丙运载火箭6月22日在中国西昌卫星发射中心发射升空。该卫星是中法两国联合论证研制的空间科学卫星，是迄今为止全球对伽马暴开展多波段综合观测能力最强的卫星，将对伽马暴研究等空间天文领域科学发现发挥重要作用。（张未 王豪 喻思南 图/陈昊杰） 
2024-06-22 19:29:31,548 - INFO - URL: https://m.weibo.cn/detail/5048073896334300 
2024-06-22 19:29:34,189 - INFO - 已获取用户 人民日报 的微博，内容为 【#高校用离世渐冻症学生名字设立自强不息奖#】近日，西南政法大学毕业典礼上，校长林维宣布，为纪念于2023年不幸离世的“渐冻症”学生邓显松热爱生活、追求卓越的精神，学校设立“显松自强不息奖”。邓显松在3岁时患上了进行性肌营养不良症，由于大脑、脑干和脊髓中运动神经细胞受到侵袭，肌肉逐渐萎缩无力以至全身瘫痪，身体如同被逐渐冻住一样，俗称“渐冻人”。身体虽被困住，可他并从没放弃，并于2021年以592分的成绩考入西南政法大学。
患“渐冻症”学生离世，校长毕业典礼上宣布……
 
上游新闻的微博视频
2024-06-22 19:29:34,189 - INFO - URL: https://m.weibo.cn/detail/5048064287443233 
2024-06-22 19:29:36,740 - INFO - 已获取用户 人民日报 的微博，内容为 【台下十年功！#戏曲演员跳凳子实力演绎身轻如燕#】近日，陕西汉中。汉调桄桄演员王乙妃分享自己7年来从练习跳凳子到登台演出的视频。台上一分钟，台下十年功。“我们的每一个动作每天都要跳至少50下，光跳凳子每天要跳1-2个小时。”#戏曲演员跳凳子如会轻功#↓↓提醒：请勿随意模仿。（中国青年报） 
人民日报的微博视频
2024-06-22 19:29:36,740 - INFO - ------------------------------已获取人民日报(2803301701)的第1页微博------------------------------
2024-06-22 19:29:40,009 - INFO - 已获取用户 人民日报 的微博，内容为 【生命的力量！#延时摄影看金蝉脱壳#】近日，随着气温升高，蝉也用自己的方式迎接夏天的到来。#30秒看金蝉脱壳全过程#↓↓（CCTV纪录、云南发布）
CCTV纪录的微博视频
 
2024-06-22 19:29:40,009 - INFO - URL: https://m.weibo.cn/detail/5048046681327948 
2024-06-22 19:29:42,677 - INFO - 已获取用户 人民日报 的微博，内容为 【转存了解！#大运河里的古人智慧有多绝#】#文化中国行看穿越千年的大运河# 2014年6月22日，中国大运河被列入《世界遗产名录》。穿越2500多年历史，蜿蜒近3200公里，大运河是中华民族最具代表性的文化标识之一，具有独特的历史文化价值。大运河申遗成功10周年，一组#中华文化学习笔记#了解流动的文化↓↓
2024-06-22 19:29:42,678 - INFO - 已获取用户 人民日报 的微博，内容为 【“优秀优秀！”#老兵体验新装备满是欣慰#】近日，联勤保障部队某部迎来了5位老工程兵。50年前，他们在这里开山拓荒、凿石挖洞；50年后，他们重返军营，看到现在的装备，话里满是感慨和欣慰。致敬！ 
人民日报的微博视频
 
2024-06-22 19:29:42,678 - INFO - URL: https://m.weibo.cn/detail/5048026351797573 
2024-06-22 19:29:45,731 - INFO - 已获取用户 人民日报 的微博，内容为 【加油！#中国滑板三小花晋级巴黎奥运会#】#为中国滑板少女加油#在北京时间22凌晨进行的巴黎奥运会资格系列赛布达佩斯站滑板女子街式预赛中，朱沅铃、崔宸曦、曾文蕙分别位列第6、第10、第15位，携手晋级半决赛，这也确保了三人提前锁定巴黎奥运会参赛资格。滑板运动是奥运新兴项目。东京奥运会上，中国队在女子街式项目上只有曾文蕙一人参赛。巴黎奥运会上，中国队在该项目实现满额参赛，实现巨大突破和跨越。（人民日报记者 王亮）
2024-06-22 19:29:45,732 - INFO - 已获取用户 人民日报 的微博，内容为 【实用收藏！#毕业照可以拍得多好玩#】又是一年毕业季，你的毕业照拍出了哪些新花样？ #毕业照拍摄攻略#↓↓用快门定格校园时光~#2024毕业季#人民日报的微博视频
 
2024-06-22 19:29:45,732 - INFO - 已获取用户 人民日报 的微博，内容为 【报志愿有用！转存#全国3117所高校全名单#】#明起高考就要出分了#，你的心仪大学是哪所？全国3117所高校全名单，一文收藏↓↓加油，理想大学见！
网页链接
 
报志愿有用！教育部发布全国3117所高校全名单
 
2024-06-22 19:29:45,733 - INFO - 已获取用户 人民日报 的微博，内容为 【#万吨大驱大连舰航拍大片#】#30秒看万吨大驱大连舰驰骋大洋#↓↓感受满屏“万吨大驱”带来的安全感！
央视军事的微博视频
 
2024-06-22 19:29:45,733 - INFO - 已获取用户 人民日报 的微博，内容为 【毕业快乐！#姜铁红再跳奔腾祝福毕业生#】近日，@中央民族大学 毕业典礼上，姜铁红院长@姜铁红_戈壁石 为毕业生再跳《奔腾》，祝福毕业生笑傲江湖，勇闯天涯！#2024毕业季# 
人民日报的微博视频
 
2024-06-22 19:29:45,734 - INFO - 已获取用户 人民日报 的微博，内容为 【祝金榜题名！#明起多省份可查高考成绩#】截至目前，全国#29省份公布高考出分时间#，大多集中在6月23日至25日之间。明天预计上海、四川、宁夏、云南出分。#2024高考成绩公布时间汇总#↓↓↓祝福所有考生！ 
最全汇总！2024高考查分时间（持续更新中）
 
2024-06-22 19:29:45,734 - INFO - 已获取用户 人民日报 的微博，内容为 【干货收藏！#高考志愿填报超详细知识点#】各地即将陆续发布高考成绩，并组织志愿填报。报志愿要准备哪些资料？志愿填报模式有哪几种？#高考报志愿要避开的9个误区#都是什么？志愿填报在即，知识点帮你整理好了↓↓转需，愿你进入“梦中情校”，学到理想的专业！#专业报考指南# 
2024-06-22 19:29:45,734 - INFO - ------------------------------已获取人民日报(2803301701)的第2页微博------------------------------
2024-06-22 19:29:48,706 - INFO - 已获取用户 人民日报 的微博，内容为 【#松弛感配色9图唤醒周末#】工作生活中总是紧绷？其实，人生是一场长跑，保持良好心态，合理分配精力，才能行稳致远。许多时候，无需用力过猛，掌握自己的节奏，忙时全心投入，闲时松弛有度，保持理智、从容自如就好。送你#养成松弛感的9个方法#↓↓愿你不忧不惧，活出想要的样子。周末，早安！ 
2024-06-22 19:29:48,706 - INFO - URL: https://m.weibo.cn/detail/5047842471673946 
2024-06-22 19:29:51,635 - INFO - 已获取用户 人民日报 的微博，内容为 【#你好，明天#】最高可判死刑，可缺席审判！“两高三部”联合发布意见，依法严惩“台独”分裂犯罪。对“台独”分裂势力亮剑，我们有决心，更有办法。统一是历史大势，是正道。“台独”是历史逆流，是绝路。正告“台独”顽固分子，正义审判绝不会缺席，胆敢以身试法必遭法律严惩。#祖国必须统一也必然统一#
2024-06-22 19:29:51,636 - INFO - URL: https://m.weibo.cn/detail/5047839571052042 
2024-06-22 19:29:54,219 - INFO - 已获取用户 人民日报 的微博，内容为 【最高可判死刑，可缺席审判！#惩治台独顽固分子的利剑来了#】今天，《关于依法惩治“台独”顽固分子分裂国家、煽动分裂国家犯罪的意见》发布。#哪些情形构成分裂国家罪煽动分裂国家罪#？如何处罚量刑？收藏了解↓↓ 
2024-06-22 19:29:54,220 - INFO - URL: https://m.weibo.cn/detail/5047823298986068 
2024-06-22 19:29:57,354 - INFO - 已获取用户 人民日报 的微博，内容为 【做好防范！#主雨带北抬部分地区可能发生旱涝急转#】21日，国家防总办公室继续组织气象、水利、自然资源等部门联合会商。未来10天黄淮南部、江汉江淮、江南北部和贵州、云南等地降雨增多，南海有热带系统发展，局地降雨具有极端性，发生洪涝、地质灾害等风险高。#湖北江苏安徽等地要严防旱涝急转#，保障人民生命财产安全。
网页链接
2024-06-22 19:29:57,354 - INFO - 已获取用户 人民日报 的微博，内容为 【#人民日报夜读#：没有一个“夏”字，却句句都是夏天】轻轻摇动的老蒲扇，精心熬制的绿豆汤，树荫下的躺椅铺着凉席，旧风扇在头顶吱吱呀呀，随风轻轻摆动的窗帘，花露水的淡淡清香，踏实的臂弯和动人的故事……你的夏天，是什么模样？ 
【夜读】没有一个“夏”字，却句句都是夏天
 
2024-06-22 19:29:57,354 - INFO - 已获取用户 人民日报 的微博，内容为 【#用AI黏土滤镜打开夏至#】夏至，是西瓜的香甜，是海风的清凉，是夏花的绚烂…在AI微缩景观里，夏天的万物变成了可爱的黏土世界。准备好迎接属于你的盛夏了吗？ 
人民日报的微博视频
 
2024-06-22 19:29:57,355 - INFO - 已获取用户 人民日报 的微博，内容为 【#刘国梁寄语国乒#：摆低位置，去拼！】巴黎奥运在即，人民日报新媒体专访中国乒乓球协会主席刘国梁。刘国梁寄语队员：我们不能理所当然地觉得，这五块金牌是中国队的。不要去守，摆低位置，去拼！#国乒最新备战画面#↓↓#刘国梁 国乒要摆低位置去拼# 
人民日报的微博视频
 
2024-06-22 19:29:57,355 - INFO - URL: https://m.weibo.cn/detail/5047792529047912 
2024-06-22 19:30:00,005 - INFO - 已获取用户 人民日报 的微博，内容为 【致敬坚守！#大漠里有个凿在陡壁土丘上的派出所#】日常风速10级、每秒近30米；年温差高达70摄氏度，寒暑交替…罗布泊东南边缘，距离甘肃敦煌市区180多公里，有个#窑洞里的派出所#，9位民辅警坚守在这里。20多年来，派出所参与救援任务200余次，每年服务20多万人次游客。派出所的会议室里有一行字，“耐得住寂寞，扛得住炎热，经得住风沙，守得住阵地”。
网页链接
 
人民日报的微博视频
2024-06-22 19:30:00,006 - INFO - 已获取用户 人民日报 的微博，内容为 【#强降雨已致广东平远38人死亡2人失联#】据新华社，记者21日从广东省梅州市平远县三防指挥部了解到，截至21日15时，受强降雨影响，该县因灾已造成38人死亡、2人失联。 
2024-06-22 19:30:00,006 - INFO - URL: https://m.weibo.cn/detail/5047762154428359 
2024-06-22 19:30:02,523 - INFO - 已获取用户 人民日报 的微博，内容为 【国台办：#惩治台独刑事措施不涉及广大台湾同胞#】#意见针对台独顽固分子不涉及广大台湾同胞#今天，《关于依法惩治“台独”顽固分子分裂国家、煽动分裂国家犯罪的意见》发布。针对或许有台湾民众会担心这份司法文件影响言论自由，可能对参与两岸交流产生顾虑的提问，国台办发言人陈斌华表示：
《意见》从标题到正文都清晰指明，刑事惩治措施只针对极少数涉“独”言行恶劣、谋“独”活动猖獗的“台独”顽固分子，以及他们实施的分裂国家、煽动分裂国家犯罪，不涉及广大台湾同胞。“台独”是导致台湾兵凶战危、民众利益受损的最大祸源。只有依法严惩“台独”分裂犯罪，台湾同胞才能安享两岸关系和平发展红利，才能真正过上和平安宁的好日子。（人民日报记者 程龙）
2024-06-22 19:30:02,523 - INFO - ------------------------------已获取人民日报(2803301701)的第3页微博------------------------------
2024-06-22 19:30:05,182 - INFO - 已获取用户 人民日报 的微博，内容为 【#祖国必须统一也必然统一#】统一是历史大势，是正道。“台独”是历史逆流，是绝路。依法严惩“台独”分裂犯罪，坚决捍卫国家主权、统一和领土完整！#对台独分裂行径有了具体定罪量刑标准# 
2024-06-22 19:30:05,182 - INFO - URL: https://m.weibo.cn/detail/5047752379597081 
2024-06-22 19:30:07,717 - INFO - 已获取用户 人民日报 的微博，内容为 【#中组部划拨1.38亿元党费支持防汛抗旱#】#1.38亿元党费支持闽粤豫等地防汛抗旱#近日，中央组织部从代中央管理党费中给福建、广东、河南等11个省区划拨专项资金1.38亿元，用于支持防汛抗旱工作。中央组织部强调，这笔党费要及时拨付给基层，主要用于慰问奋战在防汛抗旱第一线的基层党员、干部和群众，慰问因受灾严重而遇到生活困难的党员、群众；修缮因灾受损的基层党员教育设施。相关省区要根据实际从本级管理党费中落实配套资金，及时划拨给基层，投入防汛抗旱工作，做到专款专用。
网页链接
2024-06-22 19:30:07,717 - INFO - URL: https://m.weibo.cn/detail/5047743250698019 
2024-06-22 19:30:10,234 - INFO - 已获取用户 人民日报 的微博，内容为 【划重点：#台独分裂犯罪最高可判死刑#】今天，《关于依法惩治“台独”顽固分子分裂国家、煽动分裂国家犯罪的意见》发布。其中明确“实施本意见第二条规定行为的，对首要分子或者罪行重大的，处无期徒刑或者十年以上有期徒刑，其中对国家和人民危害特别严重、情节特别恶劣的，可以判处死刑；对积极参加的，处三年以上十年以下有期徒刑；对其他参加的，处三年以下有期徒刑、拘役、管制或者剥夺政治权利。”#对台独分裂行径有了具体定罪量刑标准#
2024-06-22 19:30:10,234 - INFO - URL: https://m.weibo.cn/detail/5047738330252642 
2024-06-22 19:30:12,779 - INFO - 已获取用户 人民日报 的微博，内容为 【#四个关键点看懂依法严惩台独犯罪意见#】6月21日，《关于依法惩治“台独”顽固分子分裂国家、煽动分裂国家犯罪的意见》发布。#对台独分裂行径有了具体定罪量刑标准# 
①针对分裂行径，明确犯罪认定标准；
②明确从重情节，重申追诉期限；
③坚持宽严相济，体现罚当其罪；
④遵循法定程序，保障诉讼权利。 
人民日报的微博视频
2024-06-22 19:30:12,779 - INFO - URL: https://m.weibo.cn/detail/5047730316252144 
2024-06-22 19:30:15,266 - INFO - 已获取用户 人民日报 的微博，内容为 【全文收藏！#依法惩治台独分裂犯罪意见全文#】6月21日，最高人民法院、最高人民检察院、公安部、国家安全部、司法部联合发布《关于依法惩治“台独”顽固分子分裂国家、煽动分裂国家犯罪的意见》，自发布之日起施行。全文↓↓ #祖国必须统一也必然统一# #对台独分裂行径有了具体定罪量刑标准#全文:关于依法惩治“台独”顽固分子分裂国家 煽动分裂国家犯罪的意见
 
2024-06-22 19:30:15,266 - INFO - URL: https://m.weibo.cn/detail/5047725190547336 
2024-06-22 19:30:17,810 - INFO - 已获取用户 人民日报 的微博，内容为 【#国防部就美新一轮对台军售答问#：坚决粉碎一切“台独”分裂图谋】#美对台军售无异于谋财害命自私虚伪至极#美国国防部国防安全合作局近日宣布，美方批准两批总额约3.6亿美元的对台军售计划，包括两型无人机及配套系统服务等。
国防部新闻发言人吴谦表示，民进党当局妄图“以武谋独”，美国执意“以武助独”，是当前台海和平稳定最大的威胁。美方频频对台售武，用台湾老百姓的血汗钱养肥自己的军工复合体，不惜把台湾变成“火药桶”。这无异于谋财害命、自私虚伪至极。民进党当局“倚外谋独”，买再多的武器也带不来安全，只会把战火引向台湾，“棋子”终将沦为“弃子”。
2024-06-22 19:30:17,811 - INFO - 已获取用户 人民日报 的微博，内容为 【#两高三部发布意见惩治台独分裂犯罪#】6月21日，最高人民法院、最高人民检察院、公安部、国家安全部、司法部联合发布《关于依法惩治“台独”顽固分子分裂国家、煽动分裂国家犯罪的意见》，自发布之日起施行。#对台独分裂行径有了具体定罪量刑标准# 
2024-06-22 19:30:17,811 - INFO - 已获取用户 人民日报 的微博，内容为 【转存！教育部发布#最新全国高校名单#】截至2024年6月20日，全国高等学校共计3117所，其中：普通高等学校2868所，含本科学校1308所、高职（专科）学校1560所；成人高等学校249所。本名单未包含港澳台地区高等学校。#全国3117所高校全名单#，戳链接→
网页链接
 填报志愿用得上！ 
2024-06-22 19:30:17,812 - INFO - 已获取用户 人民日报 的微博，内容为 【#退伍大学生毕业典礼齐唱军歌太燃了#】“放心吧祖国，放心吧亲人，未来的路我们会勇敢前进！” 近日，宁波大学2024届本科生毕业典礼暨学位授予仪式上，退伍大学生们齐唱军歌《当那一天来临》，听得人热血沸腾！#2024毕业季# （新华社快看） 
人民日报的微博视频
 
2024-06-22 19:30:17,812 - INFO - 已获取用户 人民日报 的微博，内容为 【绚烂！#延时欣赏各色夏花优雅绽放#】木槿花、合欢花、睡莲、荷花、鸢尾花……各色夏花绚烂多姿，令人赏心悦目↓↓今日#夏至#，愿所有美好如约而至！
荔枝风景线的微博视频
 
2024-06-22 19:30:17,812 - INFO - ------------------------------已获取人民日报(2803301701)的第4页微博------------------------------
2024-06-22 19:30:26,508 - INFO - 已获取用户 人民日报 的微博，内容为 【月球→地球！#嫦娥六号说来自月球的神秘包裹派送中#】今天，@嫦娥六号月球探测器 发来一条新的物流通知，官宣来自月球的神秘包裹正在运输中，当前运输进度70%+。网友：#期待嫦娥六号带来的土特产#！
 
2024-06-22 19:30:26,508 - INFO - URL: https://m.weibo.cn/detail/5047680499977386 
2024-06-22 19:30:29,125 - INFO - 已获取用户 人民日报 的微博，内容为 #习近平宁夏考察调研#【习近平在宁夏考察时强调 建设黄河流域生态保护和高质量发展先行区 在中国式现代化建设中谱写好宁夏篇章】中共中央总书记、国家主席、中央军委主席习近平近日在宁夏考察时强调，宁夏要深入贯彻新发展理念，坚持稳中求进工作总基调，以铸牢中华民族共同体意识为主线，以黄河流域生态保护和高质量发展先行区建设为牵引，统筹推进高质量发展和高水平保护、全面深化改革和扩大开放、新型城镇化和乡村振兴、民族团结和共同富裕等工作，加快建设经济繁荣、民族团结、环境优美、人民富裕的美丽新宁夏，奋力谱写中国式现代化宁夏篇章。
6月19日，习近平结束在青海考察后，来到宁夏。当天下午，他在宁夏回族自治区党委书记梁言顺和自治区政府主席张雨浦陪同下，到银川市调研。
银川市金凤区长城花园社区是个多民族聚居的大型社区。习近平首先来到社区党群服务中心，走进便民服务厅、社区卫生站、爱心超市，听取社区工作介绍，详细了解社区发挥基层党组织作用、开展邻里活动和便民惠民服务等情况。随后，他来到社区活动室，饶有兴致地观看居民剪纸创作、舞蹈排练，同大家亲切交流，鼓励退休居民既要老有所养、老有所乐，又要老有所为。习近平指出，社区党组织是党联系基层群众的神经末梢，要在社区中发挥领导作用。社区党组织建好建强了，社区工作就有了主心骨。要坚持党建引领，紧紧围绕解决居民的急难愁盼问题，把服务老百姓的各项工作做深做细做到位。
习近平来到社区居民赵守成家中，同一家人围坐在一起拉家常，了解他们的就业、收入、医保报销、孩子上学等情况，为他们的幸福生活点赞，鼓励孩子德智体美劳全面发展。赵守成告诉总书记，当地党委和政府十分关心社区建设，特别是在改造老旧小区、丰富居民文体生活等方面做了很多实事，各族群众在社区里和睦相处，生活过得很舒心。习近平强调，我们党是全心全意为人民服务的党，各族群众、家家户户都是我的牵挂。希望你们把家庭建设搞得更好，让日子越过越红火。
傍晚时分，社区广场十分热闹，居民们看见总书记来了，纷纷围拢过来，热烈鼓掌欢迎。习近平亲切地对大家说，时隔4年，我再次来宁夏看望各族干部群众，见到大家非常高兴！中华民族是一个大家庭，各族人民要像石榴籽一样紧紧抱在一起。要不断铸牢中华民族共同体意识，把各族人民的心紧紧连在一起，把各方面的力量广泛凝聚到一起，共同推进中国式现代化，共襄中华民族伟大复兴的盛举。
20日上午，习近平听取宁夏回族自治区党委和政府工作汇报，对宁夏工作取得的成绩给予肯定。
习近平指出，宁夏地理环境和资源禀赋独特，要走特色化、差异化的产业发展路子，构建体现宁夏优势、具有较强竞争力的现代化产业体系。宁夏的现代煤化工和新型材料产业，风电、光伏、氢能等清洁能源产业，葡萄酒、枸杞等特色产业，要精耕细作、持续发展。加强文化与旅游深度融合，积极发展特色旅游、全域旅游。强化科技创新和产业创新融合，加大科技成果转化应用力度，促进传统产业转型升级，培育战略性新兴产业，因地制宜发展新质生产力。宁夏北部引黄灌区、中部干旱带、南部山区各有特点，要把准各地产业发展基础、资源环境容量、开放开发潜力，加强统筹规划和产业合作，推动形成山川共济、城乡融合、区域联动的发展格局。
习近平强调，宁夏要着力深化重点领域改革，探索具有本地特色的改革。完善市场经济基础制度，积极融入全国统一大市场建设，持续推进国资国企改革，认真落实促进民营经济发展政策，优化营商环境，激发社会投资活力。坚持对内对外开放相结合，积极参与共建“一带一路”和西部陆海新通道建设，深化与阿拉伯国家经贸合作，提高内陆开放水平。保护好黄河和贺兰山、六盘山、罗山的生态环境，是宁夏谋划改革发展的基准线，要深化资源环境要素市场化配置改革，完善生态产品价值实现机制和生态保护补偿机制，实施最严格的水资源管理制度。打好黄河“几字弯”攻坚战，统筹推进森林、草原、湿地、荒漠生态保护修复和盐碱地综合治理，让“塞上江南”越来越秀美。
习近平指出，要加强普惠性、基础性、兜底性民生事业建设，着力解决人民群众急难愁盼问题，扎实推进各族人民共同富裕。要把就业摆在突出位置，扎实做好高校毕业生、农民工、退役军人等重点群体就业工作。积极推进城市更新，加强老旧小区改造。顺应人口流动趋势，推动城乡融合发展，促进城乡产业发展、基础设施、公共服务一体化。全面推进乡村振兴，实施好百万移民致富提升行动，建设美丽乡村，促进乡村移风易俗。巩固拓展脱贫攻坚成果，深化定点帮扶、社会帮扶，坚决防止发生规模性返贫。抓好安全生产，加强风险隐患排查和防控，切实维护人民群众生命财产安全。
习近平强调，要全面贯彻新时代党的民族工作大政方针，努力创建铸牢中华民族共同体意识示范区。依法治理民族事务，着力构建互嵌式社会结构和社区环境，不断拓宽各民族全方位嵌入的实践路径。全面贯彻新时代党的宗教工作理论和方针政策，加强对宗教界思想政治引领。
习近平指出，要把正在全党开展的党纪学习教育抓紧抓实、抓出成效，推动党员、干部认真学习党纪党规，在遵规守纪前提下，安心工作、放手干事，锐意进取、积极作为。要坚持党性党风党纪一起抓，完善作风建设常态化长效化制度机制，持续深化整治形式主义为基层减负，一体推进不敢腐、不能腐、不想腐，以优良党风凝聚人心、引领社会风气。
李干杰、何立峰及中央和国家机关有关部门负责同志陪同考察。
网页链接
 
2024-06-22 19:30:29,131 - INFO - 已获取用户 人民日报 的微博，内容为 【网友：#攻读咖啡专业能天天喝咖啡吗#？
】咖啡科学与工程、密码科学与技术、人工智能、宝石及材料工艺学、智能建造……普通高校本科816种专业中，#这些专业可不只是有趣#，你了解吗？其课程设置和就业方向，跟你想象的一样吗？一起了解↓↓更多→
网页链接
 #专业报考指南# 
2024-06-22 19:30:29,133 - INFO - 已获取用户 人民日报 的微博，内容为 【夏至小调查：#你最爱吃哪一种面#？
】今日夏至， #夏天过去一半了#。“冬至馄饨夏至面”，吃过夏至面，一天短一线。夏至民间有吃面的习俗，你最爱吃哪种面？ 
 
网页链接
 
2024-06-22 19:30:29,133 - INFO - URL: https://m.weibo.cn/detail/5047649151489380 
2024-06-22 19:30:32,228 - INFO - 已获取用户 人民日报 的微博，内容为 【扩散周知！#暴雨天气10个安全提醒#，关键时刻能救命】近日，南方多地暴雨。遇到暴雨该怎么办？居家防范有什么要注意？车辆被困如何逃生？怎样防范次生灾害？#暴雨天气实用防御指南#↓↓转存收藏！ 
2024-06-22 19:30:32,229 - INFO - 已获取用户 人民日报 的微博，内容为 【正在直播！#全天候直播解读2024高考招生#】高考结束，志愿填报即将开始。不同学校的办学特色、人才培养、专业解读、最新招生政策等，你了解多少？@人民日报 12小时直播互动，全方位为高考生及家长答疑解惑，#手把手教你填志愿#↓↓祝福考生考入理想大学！#专业报考指南#  
人民日报的微博直播
 
2024-06-22 19:30:32,229 - INFO - URL: https://m.weibo.cn/detail/5047641660459431 
2024-06-22 19:30:34,823 - INFO - 已获取用户 人民日报 的微博，内容为 【#成都地铁路面坍塌原因系自来水管爆管#】#成都在建地铁路面坍塌无人员伤亡# 记者从成都轨道集团获悉：6月21日3时50分，中铁二局施工的成都轨道交通13号线小南街站施工基坑外，埋深约2米的两根直径分别为1米和0.3米的自来水管自然爆管，致使锦里西路119号附近长约12米的路面塌陷。情况发生后，自来水管已由相关产权单位关停，影响道路已被封闭，现场无人员受伤。该事件未对轨道交通建设及运营造成直接影响。另据了解，塌陷区域周边多个小区因此停气，给居民生活带来不便。#成都地铁# 
网页链接
2024-06-22 19:30:34,824 - INFO - 已获取用户 人民日报 的微博，内容为 【壮观！#壶口瀑布清流飞瀑遇上彩虹桥#】近日，山西吉县。黄河壶口瀑布“清流飞瀑”与“彩虹桥”同框，现场震撼又唯美。网友：#黄河之水天上来画面有了#！ 
人民视频的微博视频
 
2024-06-22 19:30:34,824 - INFO - URL: https://m.weibo.cn/detail/5047625244215415 
2024-06-22 19:30:57,408 - INFO - 准备搜集 人民日报 的微博
2024-06-22 19:31:00,233 - INFO - 已获取用户 人民日报 的微博，内容为 【#华山绝美云海武侠感拉满#】近日，陕西渭南，雨后的华山刚柔并济，云海蒸腾。波涛汹涌的云雾在群峰间翻滚。网友：#华山云海好像人间仙境#！
陕视新闻的微博视频
 
2024-06-22 19:31:00,234 - INFO - 已获取用户 人民日报 的微博，内容为 【让人动容！#毕业生送上束脩之礼感谢师恩#】近日，山东淄博，中考结束后一名女生向班主任送上“束脩之礼”感谢师恩。班主任感动不已难掩泪水，他说一个老师的最高荣耀，就是得到学生的认可。网友：#这样双向奔赴的师生情让人感动#！ 
人民日报的微博视频
 
2024-06-22 19:31:00,234 - INFO - URL: https://m.weibo.cn/detail/5048133010589349 
2024-06-22 19:31:02,791 - INFO - 已获取用户 人民日报 的微博，内容为 【好萌！#荒漠猫的亲子时光#】近日，摄影师在青海省海晏县拍摄到国家一级重点保护野生动物荒漠猫的活动画面。视频中，一只雌性荒漠猫带着三个幼崽休闲玩耍，三只小家伙活泼好动、非常可爱。据悉，荒漠猫分布于青藏高原东部，生性机警、善于捕猎，是中国特有的猫科动物。（贾丰丰，边建忠） 
人民日报的微博视频
2024-06-22 19:31:02,792 - INFO - 已获取用户 人民日报 的微博，内容为 【辛苦了！#广西柳州武警官兵连夜奋战清淤#】近日，广西柳州洪水渐退，大量淤泥覆盖、垃圾堆积。当晚，武警广西总队柳州支队迅速出动300余名官兵展开清淤工作。截至21日8时，武警官兵共疏通清理道路3.7公里，转移物资约1200余件，清理淤泥2.5万立方米，居民生产生活基本恢复正常。（央广军事） 
2024-06-22 19:31:02,792 - INFO - 已获取用户 人民日报 的微博，内容为 【转存！@ 2024高考生，#高考查分前必看#】什么是批次录取控制分数线？不了解高考专业怎么办？提前批录取后，还可以参加其他批次的录取吗？概念解析、填报策略、热点解答…#高考志愿填报60个必看问答#↓↓转需收藏！#专业报考指南# @2024高考生，查分前必看 
2024-06-22 19:31:02,793 - INFO - 已获取用户 人民日报 的微博，内容为 【同学，愿你一路繁花、前程似锦！#高校毕业季设巨型花束打卡点#】今年毕业季，内蒙古工业大学在校园中设置了一束巨型花束，供毕业学子们拍照打卡，祝福即将毕业的学生“一路繁花，前程似锦”。网友：羡慕了！
内蒙古广播电视台的微博视频
 
2024-06-22 19:31:02,794 - INFO - 已获取用户 人民日报 的微博，内容为 【云南元江：#蝴蝶大爆发梦幻如加特效#】每年5月至8月，云南省元江县便会迎来蝴蝶爆发期，数不清的蝴蝶随着阳光翩翩起舞，形成一幅美丽画卷↓↓#蝴蝶爆发漫天飞舞有多壮观#（杨文明 何松阳 李方芳 靳浩） 
人民日报的微博视频
 
2024-06-22 19:31:02,794 - INFO - URL: https://m.weibo.cn/detail/5048082075747136 
2024-06-22 19:31:05,313 - INFO - 已获取用户 人民日报 的微博，内容为 【祝贺！#我国发射中法天文卫星#】搭载中法天文卫星的长征二号丙运载火箭6月22日在中国西昌卫星发射中心发射升空。该卫星是中法两国联合论证研制的空间科学卫星，是迄今为止全球对伽马暴开展多波段综合观测能力最强的卫星，将对伽马暴研究等空间天文领域科学发现发挥重要作用。（张未 王豪 喻思南 图/陈昊杰） 
2024-06-22 19:31:05,313 - INFO - URL: https://m.weibo.cn/detail/5048073896334300 
2024-06-22 19:31:07,848 - INFO - 已获取用户 人民日报 的微博，内容为 【#高校用离世渐冻症学生名字设立自强不息奖#】近日，西南政法大学毕业典礼上，校长林维宣布，为纪念于2023年不幸离世的“渐冻症”学生邓显松热爱生活、追求卓越的精神，学校设立“显松自强不息奖”。邓显松在3岁时患上了进行性肌营养不良症，由于大脑、脑干和脊髓中运动神经细胞受到侵袭，肌肉逐渐萎缩无力以至全身瘫痪，身体如同被逐渐冻住一样，俗称“渐冻人”。身体虽被困住，可他并从没放弃，并于2021年以592分的成绩考入西南政法大学。
患“渐冻症”学生离世，校长毕业典礼上宣布……
 
上游新闻的微博视频
2024-06-22 19:31:07,848 - INFO - URL: https://m.weibo.cn/detail/5048064287443233 
2024-06-22 19:31:10,498 - INFO - 已获取用户 人民日报 的微博，内容为 【台下十年功！#戏曲演员跳凳子实力演绎身轻如燕#】近日，陕西汉中。汉调桄桄演员王乙妃分享自己7年来从练习跳凳子到登台演出的视频。台上一分钟，台下十年功。“我们的每一个动作每天都要跳至少50下，光跳凳子每天要跳1-2个小时。”#戏曲演员跳凳子如会轻功#↓↓提醒：请勿随意模仿。（中国青年报） 
人民日报的微博视频
2024-06-22 19:31:10,498 - INFO - ------------------------------已获取人民日报(2803301701)的第1页微博------------------------------
2024-06-22 19:31:13,884 - INFO - 已获取用户 人民日报 的微博，内容为 【生命的力量！#延时摄影看金蝉脱壳#】近日，随着气温升高，蝉也用自己的方式迎接夏天的到来。#30秒看金蝉脱壳全过程#↓↓（CCTV纪录、云南发布）
CCTV纪录的微博视频
 
2024-06-22 19:31:13,884 - INFO - URL: https://m.weibo.cn/detail/5048046681327948 
2024-06-22 19:31:16,426 - INFO - 已获取用户 人民日报 的微博，内容为 【转存了解！#大运河里的古人智慧有多绝#】#文化中国行看穿越千年的大运河# 2014年6月22日，中国大运河被列入《世界遗产名录》。穿越2500多年历史，蜿蜒近3200公里，大运河是中华民族最具代表性的文化标识之一，具有独特的历史文化价值。大运河申遗成功10周年，一组#中华文化学习笔记#了解流动的文化↓↓
2024-06-22 19:31:16,426 - INFO - 已获取用户 人民日报 的微博，内容为 【“优秀优秀！”#老兵体验新装备满是欣慰#】近日，联勤保障部队某部迎来了5位老工程兵。50年前，他们在这里开山拓荒、凿石挖洞；50年后，他们重返军营，看到现在的装备，话里满是感慨和欣慰。致敬！ 
人民日报的微博视频
 
2024-06-22 19:31:16,426 - INFO - URL: https://m.weibo.cn/detail/5048026351797573 
2024-06-22 19:31:19,131 - INFO - 已获取用户 人民日报 的微博，内容为 【加油！#中国滑板三小花晋级巴黎奥运会#】#为中国滑板少女加油#在北京时间22凌晨进行的巴黎奥运会资格系列赛布达佩斯站滑板女子街式预赛中，朱沅铃、崔宸曦、曾文蕙分别位列第6、第10、第15位，携手晋级半决赛，这也确保了三人提前锁定巴黎奥运会参赛资格。滑板运动是奥运新兴项目。东京奥运会上，中国队在女子街式项目上只有曾文蕙一人参赛。巴黎奥运会上，中国队在该项目实现满额参赛，实现巨大突破和跨越。（人民日报记者 王亮）
2024-06-22 19:31:19,132 - INFO - 已获取用户 人民日报 的微博，内容为 【实用收藏！#毕业照可以拍得多好玩#】又是一年毕业季，你的毕业照拍出了哪些新花样？ #毕业照拍摄攻略#↓↓用快门定格校园时光~#2024毕业季#人民日报的微博视频
 
2024-06-22 19:31:19,132 - INFO - 已获取用户 人民日报 的微博，内容为 【报志愿有用！转存#全国3117所高校全名单#】#明起高考就要出分了#，你的心仪大学是哪所？全国3117所高校全名单，一文收藏↓↓加油，理想大学见！
网页链接
 
报志愿有用！教育部发布全国3117所高校全名单
 
2024-06-22 19:31:19,132 - INFO - 已获取用户 人民日报 的微博，内容为 【#万吨大驱大连舰航拍大片#】#30秒看万吨大驱大连舰驰骋大洋#↓↓感受满屏“万吨大驱”带来的安全感！
央视军事的微博视频
 
2024-06-22 19:31:19,133 - INFO - 已获取用户 人民日报 的微博，内容为 【毕业快乐！#姜铁红再跳奔腾祝福毕业生#】近日，@中央民族大学 毕业典礼上，姜铁红院长@姜铁红_戈壁石 为毕业生再跳《奔腾》，祝福毕业生笑傲江湖，勇闯天涯！#2024毕业季# 
人民日报的微博视频
 
2024-06-22 19:31:19,133 - INFO - 已获取用户 人民日报 的微博，内容为 【祝金榜题名！#明起多省份可查高考成绩#】截至目前，全国#29省份公布高考出分时间#，大多集中在6月23日至25日之间。明天预计上海、四川、宁夏、云南出分。#2024高考成绩公布时间汇总#↓↓↓祝福所有考生！ 
最全汇总！2024高考查分时间（持续更新中）
 
2024-06-22 19:31:19,134 - INFO - 已获取用户 人民日报 的微博，内容为 【干货收藏！#高考志愿填报超详细知识点#】各地即将陆续发布高考成绩，并组织志愿填报。报志愿要准备哪些资料？志愿填报模式有哪几种？#高考报志愿要避开的9个误区#都是什么？志愿填报在即，知识点帮你整理好了↓↓转需，愿你进入“梦中情校”，学到理想的专业！#专业报考指南# 
2024-06-22 19:31:19,134 - INFO - ------------------------------已获取人民日报(2803301701)的第2页微博------------------------------
2024-06-22 19:31:31,080 - INFO - 已获取用户 人民日报 的微博，内容为 【#松弛感配色9图唤醒周末#】工作生活中总是紧绷？其实，人生是一场长跑，保持良好心态，合理分配精力，才能行稳致远。许多时候，无需用力过猛，掌握自己的节奏，忙时全心投入，闲时松弛有度，保持理智、从容自如就好。送你#养成松弛感的9个方法#↓↓愿你不忧不惧，活出想要的样子。周末，早安！ 
2024-06-22 19:31:31,081 - INFO - URL: https://m.weibo.cn/detail/5047842471673946 
2024-06-22 19:31:33,651 - INFO - 已获取用户 人民日报 的微博，内容为 【#你好，明天#】最高可判死刑，可缺席审判！“两高三部”联合发布意见，依法严惩“台独”分裂犯罪。对“台独”分裂势力亮剑，我们有决心，更有办法。统一是历史大势，是正道。“台独”是历史逆流，是绝路。正告“台独”顽固分子，正义审判绝不会缺席，胆敢以身试法必遭法律严惩。#祖国必须统一也必然统一#
2024-06-22 19:31:33,651 - INFO - URL: https://m.weibo.cn/detail/5047839571052042 
2024-06-22 19:31:36,188 - INFO - 已获取用户 人民日报 的微博，内容为 【最高可判死刑，可缺席审判！#惩治台独顽固分子的利剑来了#】今天，《关于依法惩治“台独”顽固分子分裂国家、煽动分裂国家犯罪的意见》发布。#哪些情形构成分裂国家罪煽动分裂国家罪#？如何处罚量刑？收藏了解↓↓ 
2024-06-22 19:31:36,188 - INFO - URL: https://m.weibo.cn/detail/5047823298986068 
2024-06-22 19:31:38,773 - INFO - 已获取用户 人民日报 的微博，内容为 【做好防范！#主雨带北抬部分地区可能发生旱涝急转#】21日，国家防总办公室继续组织气象、水利、自然资源等部门联合会商。未来10天黄淮南部、江汉江淮、江南北部和贵州、云南等地降雨增多，南海有热带系统发展，局地降雨具有极端性，发生洪涝、地质灾害等风险高。#湖北江苏安徽等地要严防旱涝急转#，保障人民生命财产安全。
网页链接
2024-06-22 19:31:38,773 - INFO - 已获取用户 人民日报 的微博，内容为 【#人民日报夜读#：没有一个“夏”字，却句句都是夏天】轻轻摇动的老蒲扇，精心熬制的绿豆汤，树荫下的躺椅铺着凉席，旧风扇在头顶吱吱呀呀，随风轻轻摆动的窗帘，花露水的淡淡清香，踏实的臂弯和动人的故事……你的夏天，是什么模样？ 
【夜读】没有一个“夏”字，却句句都是夏天
 
2024-06-22 19:31:38,774 - INFO - 已获取用户 人民日报 的微博，内容为 【#用AI黏土滤镜打开夏至#】夏至，是西瓜的香甜，是海风的清凉，是夏花的绚烂…在AI微缩景观里，夏天的万物变成了可爱的黏土世界。准备好迎接属于你的盛夏了吗？ 
人民日报的微博视频
 
2024-06-22 19:31:38,774 - INFO - 已获取用户 人民日报 的微博，内容为 【#刘国梁寄语国乒#：摆低位置，去拼！】巴黎奥运在即，人民日报新媒体专访中国乒乓球协会主席刘国梁。刘国梁寄语队员：我们不能理所当然地觉得，这五块金牌是中国队的。不要去守，摆低位置，去拼！#国乒最新备战画面#↓↓#刘国梁 国乒要摆低位置去拼# 
人民日报的微博视频
 
2024-06-22 19:31:38,774 - INFO - URL: https://m.weibo.cn/detail/5047792529047912 
2024-06-22 19:31:41,316 - INFO - 已获取用户 人民日报 的微博，内容为 【致敬坚守！#大漠里有个凿在陡壁土丘上的派出所#】日常风速10级、每秒近30米；年温差高达70摄氏度，寒暑交替…罗布泊东南边缘，距离甘肃敦煌市区180多公里，有个#窑洞里的派出所#，9位民辅警坚守在这里。20多年来，派出所参与救援任务200余次，每年服务20多万人次游客。派出所的会议室里有一行字，“耐得住寂寞，扛得住炎热，经得住风沙，守得住阵地”。
网页链接
 
人民日报的微博视频
2024-06-22 19:31:41,316 - INFO - 已获取用户 人民日报 的微博，内容为 【#强降雨已致广东平远38人死亡2人失联#】据新华社，记者21日从广东省梅州市平远县三防指挥部了解到，截至21日15时，受强降雨影响，该县因灾已造成38人死亡、2人失联。 
2024-06-22 19:31:41,316 - INFO - URL: https://m.weibo.cn/detail/5047762154428359 
2024-06-22 19:31:43,850 - INFO - 已获取用户 人民日报 的微博，内容为 【国台办：#惩治台独刑事措施不涉及广大台湾同胞#】#意见针对台独顽固分子不涉及广大台湾同胞#今天，《关于依法惩治“台独”顽固分子分裂国家、煽动分裂国家犯罪的意见》发布。针对或许有台湾民众会担心这份司法文件影响言论自由，可能对参与两岸交流产生顾虑的提问，国台办发言人陈斌华表示：
《意见》从标题到正文都清晰指明，刑事惩治措施只针对极少数涉“独”言行恶劣、谋“独”活动猖獗的“台独”顽固分子，以及他们实施的分裂国家、煽动分裂国家犯罪，不涉及广大台湾同胞。“台独”是导致台湾兵凶战危、民众利益受损的最大祸源。只有依法严惩“台独”分裂犯罪，台湾同胞才能安享两岸关系和平发展红利，才能真正过上和平安宁的好日子。（人民日报记者 程龙）
2024-06-22 19:31:43,850 - INFO - ------------------------------已获取人民日报(2803301701)的第3页微博------------------------------
2024-06-22 19:31:46,530 - INFO - 已获取用户 人民日报 的微博，内容为 【#祖国必须统一也必然统一#】统一是历史大势，是正道。“台独”是历史逆流，是绝路。依法严惩“台独”分裂犯罪，坚决捍卫国家主权、统一和领土完整！#对台独分裂行径有了具体定罪量刑标准# 
2024-06-22 19:31:46,531 - INFO - URL: https://m.weibo.cn/detail/5047752379597081 
2024-06-22 19:31:48,999 - INFO - 已获取用户 人民日报 的微博，内容为 【#中组部划拨1.38亿元党费支持防汛抗旱#】#1.38亿元党费支持闽粤豫等地防汛抗旱#近日，中央组织部从代中央管理党费中给福建、广东、河南等11个省区划拨专项资金1.38亿元，用于支持防汛抗旱工作。中央组织部强调，这笔党费要及时拨付给基层，主要用于慰问奋战在防汛抗旱第一线的基层党员、干部和群众，慰问因受灾严重而遇到生活困难的党员、群众；修缮因灾受损的基层党员教育设施。相关省区要根据实际从本级管理党费中落实配套资金，及时划拨给基层，投入防汛抗旱工作，做到专款专用。
网页链接
2024-06-22 19:31:48,999 - INFO - URL: https://m.weibo.cn/detail/5047743250698019 
2024-06-22 19:31:51,947 - INFO - 已获取用户 人民日报 的微博，内容为 【划重点：#台独分裂犯罪最高可判死刑#】今天，《关于依法惩治“台独”顽固分子分裂国家、煽动分裂国家犯罪的意见》发布。其中明确“实施本意见第二条规定行为的，对首要分子或者罪行重大的，处无期徒刑或者十年以上有期徒刑，其中对国家和人民危害特别严重、情节特别恶劣的，可以判处死刑；对积极参加的，处三年以上十年以下有期徒刑；对其他参加的，处三年以下有期徒刑、拘役、管制或者剥夺政治权利。”#对台独分裂行径有了具体定罪量刑标准#
2024-06-22 19:31:51,947 - INFO - URL: https://m.weibo.cn/detail/5047738330252642 
2024-06-22 19:31:54,530 - INFO - 已获取用户 人民日报 的微博，内容为 【#四个关键点看懂依法严惩台独犯罪意见#】6月21日，《关于依法惩治“台独”顽固分子分裂国家、煽动分裂国家犯罪的意见》发布。#对台独分裂行径有了具体定罪量刑标准# 
①针对分裂行径，明确犯罪认定标准；
②明确从重情节，重申追诉期限；
③坚持宽严相济，体现罚当其罪；
④遵循法定程序，保障诉讼权利。 
人民日报的微博视频
2024-06-22 19:31:54,530 - INFO - URL: https://m.weibo.cn/detail/5047730316252144 
2024-06-22 19:31:57,187 - INFO - 已获取用户 人民日报 的微博，内容为 【全文收藏！#依法惩治台独分裂犯罪意见全文#】6月21日，最高人民法院、最高人民检察院、公安部、国家安全部、司法部联合发布《关于依法惩治“台独”顽固分子分裂国家、煽动分裂国家犯罪的意见》，自发布之日起施行。全文↓↓ #祖国必须统一也必然统一# #对台独分裂行径有了具体定罪量刑标准#全文:关于依法惩治“台独”顽固分子分裂国家 煽动分裂国家犯罪的意见
 
2024-06-22 19:31:57,187 - INFO - URL: https://m.weibo.cn/detail/5047725190547336 
2024-06-22 19:31:59,716 - INFO - 已获取用户 人民日报 的微博，内容为 【#国防部就美新一轮对台军售答问#：坚决粉碎一切“台独”分裂图谋】#美对台军售无异于谋财害命自私虚伪至极#美国国防部国防安全合作局近日宣布，美方批准两批总额约3.6亿美元的对台军售计划，包括两型无人机及配套系统服务等。
国防部新闻发言人吴谦表示，民进党当局妄图“以武谋独”，美国执意“以武助独”，是当前台海和平稳定最大的威胁。美方频频对台售武，用台湾老百姓的血汗钱养肥自己的军工复合体，不惜把台湾变成“火药桶”。这无异于谋财害命、自私虚伪至极。民进党当局“倚外谋独”，买再多的武器也带不来安全，只会把战火引向台湾，“棋子”终将沦为“弃子”。
2024-06-22 19:31:59,717 - INFO - 已获取用户 人民日报 的微博，内容为 【#两高三部发布意见惩治台独分裂犯罪#】6月21日，最高人民法院、最高人民检察院、公安部、国家安全部、司法部联合发布《关于依法惩治“台独”顽固分子分裂国家、煽动分裂国家犯罪的意见》，自发布之日起施行。#对台独分裂行径有了具体定罪量刑标准# 
2024-06-22 19:31:59,718 - INFO - 已获取用户 人民日报 的微博，内容为 【转存！教育部发布#最新全国高校名单#】截至2024年6月20日，全国高等学校共计3117所，其中：普通高等学校2868所，含本科学校1308所、高职（专科）学校1560所；成人高等学校249所。本名单未包含港澳台地区高等学校。#全国3117所高校全名单#，戳链接→
网页链接
 填报志愿用得上！ 
2024-06-22 19:31:59,719 - INFO - 已获取用户 人民日报 的微博，内容为 【#退伍大学生毕业典礼齐唱军歌太燃了#】“放心吧祖国，放心吧亲人，未来的路我们会勇敢前进！” 近日，宁波大学2024届本科生毕业典礼暨学位授予仪式上，退伍大学生们齐唱军歌《当那一天来临》，听得人热血沸腾！#2024毕业季# （新华社快看） 
人民日报的微博视频
 
2024-06-22 19:31:59,720 - INFO - 已获取用户 人民日报 的微博，内容为 【绚烂！#延时欣赏各色夏花优雅绽放#】木槿花、合欢花、睡莲、荷花、鸢尾花……各色夏花绚烂多姿，令人赏心悦目↓↓今日#夏至#，愿所有美好如约而至！
荔枝风景线的微博视频
 
2024-06-22 19:31:59,720 - INFO - ------------------------------已获取人民日报(2803301701)的第4页微博------------------------------
2024-06-22 19:32:09,450 - INFO - 已获取用户 人民日报 的微博，内容为 【月球→地球！#嫦娥六号说来自月球的神秘包裹派送中#】今天，@嫦娥六号月球探测器 发来一条新的物流通知，官宣来自月球的神秘包裹正在运输中，当前运输进度70%+。网友：#期待嫦娥六号带来的土特产#！
 
2024-06-22 19:32:09,450 - INFO - URL: https://m.weibo.cn/detail/5047680499977386 
2024-06-22 19:32:12,108 - INFO - 已获取用户 人民日报 的微博，内容为 #习近平宁夏考察调研#【习近平在宁夏考察时强调 建设黄河流域生态保护和高质量发展先行区 在中国式现代化建设中谱写好宁夏篇章】中共中央总书记、国家主席、中央军委主席习近平近日在宁夏考察时强调，宁夏要深入贯彻新发展理念，坚持稳中求进工作总基调，以铸牢中华民族共同体意识为主线，以黄河流域生态保护和高质量发展先行区建设为牵引，统筹推进高质量发展和高水平保护、全面深化改革和扩大开放、新型城镇化和乡村振兴、民族团结和共同富裕等工作，加快建设经济繁荣、民族团结、环境优美、人民富裕的美丽新宁夏，奋力谱写中国式现代化宁夏篇章。
6月19日，习近平结束在青海考察后，来到宁夏。当天下午，他在宁夏回族自治区党委书记梁言顺和自治区政府主席张雨浦陪同下，到银川市调研。
银川市金凤区长城花园社区是个多民族聚居的大型社区。习近平首先来到社区党群服务中心，走进便民服务厅、社区卫生站、爱心超市，听取社区工作介绍，详细了解社区发挥基层党组织作用、开展邻里活动和便民惠民服务等情况。随后，他来到社区活动室，饶有兴致地观看居民剪纸创作、舞蹈排练，同大家亲切交流，鼓励退休居民既要老有所养、老有所乐，又要老有所为。习近平指出，社区党组织是党联系基层群众的神经末梢，要在社区中发挥领导作用。社区党组织建好建强了，社区工作就有了主心骨。要坚持党建引领，紧紧围绕解决居民的急难愁盼问题，把服务老百姓的各项工作做深做细做到位。
习近平来到社区居民赵守成家中，同一家人围坐在一起拉家常，了解他们的就业、收入、医保报销、孩子上学等情况，为他们的幸福生活点赞，鼓励孩子德智体美劳全面发展。赵守成告诉总书记，当地党委和政府十分关心社区建设，特别是在改造老旧小区、丰富居民文体生活等方面做了很多实事，各族群众在社区里和睦相处，生活过得很舒心。习近平强调，我们党是全心全意为人民服务的党，各族群众、家家户户都是我的牵挂。希望你们把家庭建设搞得更好，让日子越过越红火。
傍晚时分，社区广场十分热闹，居民们看见总书记来了，纷纷围拢过来，热烈鼓掌欢迎。习近平亲切地对大家说，时隔4年，我再次来宁夏看望各族干部群众，见到大家非常高兴！中华民族是一个大家庭，各族人民要像石榴籽一样紧紧抱在一起。要不断铸牢中华民族共同体意识，把各族人民的心紧紧连在一起，把各方面的力量广泛凝聚到一起，共同推进中国式现代化，共襄中华民族伟大复兴的盛举。
20日上午，习近平听取宁夏回族自治区党委和政府工作汇报，对宁夏工作取得的成绩给予肯定。
习近平指出，宁夏地理环境和资源禀赋独特，要走特色化、差异化的产业发展路子，构建体现宁夏优势、具有较强竞争力的现代化产业体系。宁夏的现代煤化工和新型材料产业，风电、光伏、氢能等清洁能源产业，葡萄酒、枸杞等特色产业，要精耕细作、持续发展。加强文化与旅游深度融合，积极发展特色旅游、全域旅游。强化科技创新和产业创新融合，加大科技成果转化应用力度，促进传统产业转型升级，培育战略性新兴产业，因地制宜发展新质生产力。宁夏北部引黄灌区、中部干旱带、南部山区各有特点，要把准各地产业发展基础、资源环境容量、开放开发潜力，加强统筹规划和产业合作，推动形成山川共济、城乡融合、区域联动的发展格局。
习近平强调，宁夏要着力深化重点领域改革，探索具有本地特色的改革。完善市场经济基础制度，积极融入全国统一大市场建设，持续推进国资国企改革，认真落实促进民营经济发展政策，优化营商环境，激发社会投资活力。坚持对内对外开放相结合，积极参与共建“一带一路”和西部陆海新通道建设，深化与阿拉伯国家经贸合作，提高内陆开放水平。保护好黄河和贺兰山、六盘山、罗山的生态环境，是宁夏谋划改革发展的基准线，要深化资源环境要素市场化配置改革，完善生态产品价值实现机制和生态保护补偿机制，实施最严格的水资源管理制度。打好黄河“几字弯”攻坚战，统筹推进森林、草原、湿地、荒漠生态保护修复和盐碱地综合治理，让“塞上江南”越来越秀美。
习近平指出，要加强普惠性、基础性、兜底性民生事业建设，着力解决人民群众急难愁盼问题，扎实推进各族人民共同富裕。要把就业摆在突出位置，扎实做好高校毕业生、农民工、退役军人等重点群体就业工作。积极推进城市更新，加强老旧小区改造。顺应人口流动趋势，推动城乡融合发展，促进城乡产业发展、基础设施、公共服务一体化。全面推进乡村振兴，实施好百万移民致富提升行动，建设美丽乡村，促进乡村移风易俗。巩固拓展脱贫攻坚成果，深化定点帮扶、社会帮扶，坚决防止发生规模性返贫。抓好安全生产，加强风险隐患排查和防控，切实维护人民群众生命财产安全。
习近平强调，要全面贯彻新时代党的民族工作大政方针，努力创建铸牢中华民族共同体意识示范区。依法治理民族事务，着力构建互嵌式社会结构和社区环境，不断拓宽各民族全方位嵌入的实践路径。全面贯彻新时代党的宗教工作理论和方针政策，加强对宗教界思想政治引领。
习近平指出，要把正在全党开展的党纪学习教育抓紧抓实、抓出成效，推动党员、干部认真学习党纪党规，在遵规守纪前提下，安心工作、放手干事，锐意进取、积极作为。要坚持党性党风党纪一起抓，完善作风建设常态化长效化制度机制，持续深化整治形式主义为基层减负，一体推进不敢腐、不能腐、不想腐，以优良党风凝聚人心、引领社会风气。
李干杰、何立峰及中央和国家机关有关部门负责同志陪同考察。
网页链接
 
2024-06-22 19:32:12,111 - INFO - 已获取用户 人民日报 的微博，内容为 【网友：#攻读咖啡专业能天天喝咖啡吗#？
】咖啡科学与工程、密码科学与技术、人工智能、宝石及材料工艺学、智能建造……普通高校本科816种专业中，#这些专业可不只是有趣#，你了解吗？其课程设置和就业方向，跟你想象的一样吗？一起了解↓↓更多→
网页链接
 #专业报考指南# 
2024-06-22 19:32:12,112 - INFO - 已获取用户 人民日报 的微博，内容为 【夏至小调查：#你最爱吃哪一种面#？
】今日夏至， #夏天过去一半了#。“冬至馄饨夏至面”，吃过夏至面，一天短一线。夏至民间有吃面的习俗，你最爱吃哪种面？ 
 
网页链接
 
2024-06-22 19:32:12,113 - INFO - URL: https://m.weibo.cn/detail/5047649151489380 
2024-06-22 19:32:14,677 - INFO - 已获取用户 人民日报 的微博，内容为 【扩散周知！#暴雨天气10个安全提醒#，关键时刻能救命】近日，南方多地暴雨。遇到暴雨该怎么办？居家防范有什么要注意？车辆被困如何逃生？怎样防范次生灾害？#暴雨天气实用防御指南#↓↓转存收藏！ 
2024-06-22 19:32:14,680 - INFO - 已获取用户 人民日报 的微博，内容为 【正在直播！#全天候直播解读2024高考招生#】高考结束，志愿填报即将开始。不同学校的办学特色、人才培养、专业解读、最新招生政策等，你了解多少？@人民日报 12小时直播互动，全方位为高考生及家长答疑解惑，#手把手教你填志愿#↓↓祝福考生考入理想大学！#专业报考指南#  
人民日报的微博直播
 
2024-06-22 19:32:14,680 - INFO - URL: https://m.weibo.cn/detail/5047641660459431 
2024-06-22 19:32:17,224 - INFO - 已获取用户 人民日报 的微博，内容为 【#成都地铁路面坍塌原因系自来水管爆管#】#成都在建地铁路面坍塌无人员伤亡# 记者从成都轨道集团获悉：6月21日3时50分，中铁二局施工的成都轨道交通13号线小南街站施工基坑外，埋深约2米的两根直径分别为1米和0.3米的自来水管自然爆管，致使锦里西路119号附近长约12米的路面塌陷。情况发生后，自来水管已由相关产权单位关停，影响道路已被封闭，现场无人员受伤。该事件未对轨道交通建设及运营造成直接影响。另据了解，塌陷区域周边多个小区因此停气，给居民生活带来不便。#成都地铁# 
网页链接
2024-06-22 19:32:17,225 - INFO - 已获取用户 人民日报 的微博，内容为 【壮观！#壶口瀑布清流飞瀑遇上彩虹桥#】近日，山西吉县。黄河壶口瀑布“清流飞瀑”与“彩虹桥”同框，现场震撼又唯美。网友：#黄河之水天上来画面有了#！ 
人民视频的微博视频
 
2024-06-22 19:32:17,225 - INFO - URL: https://m.weibo.cn/detail/5047625244215415 
2024-06-22 19:32:19,776 - INFO - 已获取用户 人民日报 的微博，内容为 【点赞！#山坡找网女孩毕业后投身家乡教育#】还记得4年前那个为了备战高考在山坡上找网络信号的女孩吗？6月20日上午，在西南大学2024年本科生毕业典礼暨学位授予仪式上，范天兰作为毕业生代表表白母校，“是你们亮起的灯盏，让昔日在山坡找网的女孩，沐光而行，找到了梦想的信号。”范天兰表示：“我决心带着对教育的热忱，回到家乡云南，成为那一束微小却坚定的光，照亮学生前行的路。”为她点赞！#追光的你#那个在山坡上找网的女孩，毕业了！下一站是……
 
人民日报的微博视频
2024-06-22 19:32:19,776 - INFO - 已获取用户 人民日报 的微博，内容为 【#今天为渐冻人传递这条微博#】渐冻症是一种罕见病，导致患者肌肉逐渐无力、萎缩，最终完全瘫痪，像被冻住一样。今天是北半球光照时间最长的一天，#渐冻人日遇上夏至#，旨在呼吁全世界共同努力，早日帮助渐冻症患者摆脱病痛折磨，如常人一样沐浴在阳光之下。关爱渐冻人，用爱解冻！ 
2024-06-22 19:32:19,776 - INFO - ------------------------------已获取人民日报(2803301701)的第5页微博------------------------------
2024-06-22 19:32:22,518 - INFO - 已获取用户 人民日报 的微博，内容为 #文化中国行迎夏至#【#古诗词中的夏天氛围感拉满#】“小荷才露尖尖角，早有蜻蜓立上头”“连雨不知春去，一晴方觉夏深”“绿树阴浓夏日长，楼台倒影入池塘”……在古诗词中，一池荷叶、一朵夏花、一只夏虫，都是夏日的专属美好。夏至已至，#当夏日美景遇上古诗词#，一起感受夏日之美↓↓ 
2024-06-22 19:32:22,519 - INFO - 已获取用户 人民日报 的微博，内容为 【#习语#｜“你算我的一个大姐了”】“你算我的一个大姐了。”7年前的今天，习近平总书记来到山西忻州赵家洼村贫困村民王三女家中，拉家常、问冷暖。#将来的生活能过得越来越好#，这一幕令人难忘！ 
人民日报的微博视频
 
2024-06-22 19:32:22,519 - INFO - 已获取用户 人民日报 的微博，内容为 【今日，夏至】①今日4时51分迎来夏至节气，标志盛夏来临，也是万物生长最旺盛的时候。②#夏天过去一半了#，这天是北半球全年中白天最长、夜晚最短的一天。③夏至后不久，便是伏天。④这一时节，民间有吃面的习俗。你准备好迎接盛夏了吗？#文化中国行迎夏至##夏至# 
人民日报的微博视频
 
2024-06-22 19:32:22,519 - INFO - URL: https://m.weibo.cn/detail/5047479590718834 
2024-06-22 19:32:25,178 - INFO - 已获取用户 人民日报 的微博，内容为 【#你好，明天#】#关注南方防汛救灾#近期，南方持续出现强降雨，已致多地不同程度受灾。从消防力量组成“生命方舟”，到武警官兵冲到第一线，再到“一艘铁皮船救出40多名村民”，一幕幕场景令人动容，也激发大家防汛决心。紧急响应，全力应对，用责任筑牢堤坝。守望相助，没有过不了的坎；心手相牵，愿每个人都平平安安。
人民日报的微博视频
2024-06-22 19:32:25,179 - INFO - 已获取用户 人民日报 的微博，内容为 【#人民日报夜读#：真正厉害的人，都有这四面“镜子”】①“放大镜”：放大别人的闪光点；②“显微镜”：做事注重细节；③“望远镜”：登高才能望远；④“平面镜”：不歪曲，不狭隘，真实而自然…带好这四面“镜子”，你的人生之路一定会越走越宽。共勉！ 
【夜读】真正厉害的人，都有这四面“镜子”
 
2024-06-22 19:32:25,179 - INFO - URL: https://m.weibo.cn/detail/5047456355583160 
2024-06-22 19:32:27,715 - INFO - 已获取用户 人民日报 的微博，内容为 【挺身而出！#他身绑消防水带从高空救下幼童#】6月18日早晨，广东佛山，一名幼童的脖子被卡在7楼的防护网上，身体悬空，路过的代驾司机李达辉发现后，立刻冲上楼去，他用消防水带绑住身体，化身“蜘蛛人”从天而降，一只手托起孩子帮他爬回房间里。网友：为奋不顾身的好心人点赞！
早晨，他抬头一看！太悬了……
 
N视频的微博视频
2024-06-22 19:32:27,715 - INFO - URL: https://m.weibo.cn/detail/5047446617199336 
2024-06-22 19:32:30,255 - INFO - 已获取用户 人民日报 的微博，内容为 #习近平宁夏考察调研#【习近平：五十六个民族凝聚在一起就是中华民族共同体】19日下午，习近平总书记来到宁夏银川市金凤区长城花园社区考察。看到这个多民族聚居的社区其乐融融，各族群众和睦相处、生活幸福，习近平十分高兴。他说，民族团结非常重要，我们#五十六个民族要像石榴籽一样紧紧抱在一起#。五十六个民族凝聚在一起就是中华民族共同体，中华民族是一个大家庭。我们共同奋斗，一起推进中国式现代化，实现中华民族伟大复兴！
2024-06-22 19:32:30,255 - INFO - URL: https://m.weibo.cn/detail/5047446266973432 
2024-06-22 19:32:32,949 - INFO - 已获取用户 人民日报 的微博，内容为 #习近平宁夏考察调研#【习近平：社区要把为居民群众的服务做深做细做到位】19日下午，习近平总书记来到宁夏银川市金凤区长城花园社区考察。他来到社区党群服务中心，了解便民惠民服务和群众文化生活开展等情况，同社区工作人员和居民群众亲切交流。习近平说，社区为老百姓服务最直接，做好社区工作首先要把基层党组织建好建强，同时要有一支热心服务、持续稳定的社区工作者队伍。社区要总结经验、创新思路，把为居民群众的服务做深做细做到位，努力越做越好。
2024-06-22 19:32:32,949 - INFO - URL: https://m.weibo.cn/detail/5047436382570211 
2024-06-22 19:32:35,484 - INFO - 已获取用户 人民日报 的微博，内容为 【别着急！#和时间谈谈心#】2024年转眼已快过半，有的人觉得时间被浪费了，会着急，会焦虑。但生活不是短跑，而是马拉松，需要沉下心、慢慢来。把时间“浪费”在美好的事物上，不断向下扎根生长，与时间同行，让过去的每一分、每一秒都经得起时间的考验。戳视频，一起听#刘德华的年中讲#↓↓ 
人民日报的微博视频
2024-06-22 19:32:35,485 - INFO - 已获取用户 人民日报 的微博，内容为 【#新疆阿图什市4.8级地震#】中国地震台网正式测定：06月20日19时36分在新疆克孜勒苏州阿图什市（北纬40.21度，东经77.68度）发生4.8级地震，震源深度10千米。@中国地震台网速报 
2024-06-22 19:32:35,485 - INFO - ------------------------------已获取人民日报(2803301701)的第6页微博------------------------------
2024-06-22 19:32:38,285 - INFO - 已获取用户 人民日报 的微博，内容为 【#中国女排0比3不敌日本队#，无缘世联赛半决赛】6月20日，2024年世界女排联赛总决赛1/4决赛在泰国曼谷进行，中国女排以0∶3不敌日本队，无缘半决赛。#中国女排VS日本女排#（人民日报记者李洋） 
2024-06-22 19:32:38,285 - INFO - 已获取用户 人民日报 的微博，内容为 【辛苦了！#桂林抗洪现场市民说看到子弟兵很安心#】6月18日至19日，广西桂林漓江水位持续上涨，市区多处发生内涝，房屋被淹、道路受阻、人员被困。武警广西总队桂林支队官兵紧急出动，全力保障人民群众生命财产安全。#武警官兵奋战桂林抢险救灾一线# 
央广军事的微博视频
 
2024-06-22 19:32:38,286 - INFO - 已获取用户 人民日报 的微博，内容为 【清新！#延时摄影看垂茉莉花开好治愈#】近日，甘肃陇南，摄影师通过延时摄影记录下了垂茉莉绽放的唯美瞬间。玲珑剔透的花苞怦然绽放，花瓣洁白如玉，优雅灵动↓↓
荔枝风景线的微博视频
 
2024-06-22 19:32:38,286 - INFO - URL: https://m.weibo.cn/detail/5047389343186952 
2024-06-22 19:32:40,880 - INFO - 已获取用户 人民日报 的微博，内容为 【习近平在宁夏考察调研】19日下午，习近平总书记在宁夏回族自治区考察调研。他来到银川市金凤区长城花园社区，了解社区发挥基层党组织作用、优化便民惠民服务、推动各族群众交往交流交融等情况。#习近平宁夏考察调研#网页链接
 
2024-06-22 19:32:40,880 - INFO - URL: https://m.weibo.cn/detail/5047386055901424 
2024-06-22 19:32:43,410 - INFO - 已获取用户 人民日报 的微博，内容为 【#中马互相延长免签#政策】6月20日，中国和马来西亚发表《中华人民共和国政府和马来西亚政府关于深化提升全面战略伙伴关系、共建中马命运共同体的联合声明》。声明中提到，中方同意延长对马来西亚公民免签政策至2025年底，作为互惠安排，马方将延长对中国公民免签证政策至2026年底。
网页链接
2024-06-22 19:32:43,411 - INFO - 已获取用户 人民日报 的微博，内容为 【美！#这些高校学位服上新#】近日，多所高校学位服上新！#北师大学位服搭配纪念礼盒发放#；#山大专属海阔天高云肩惊艳亮相#；中国人民大学为每位毕业生定制了学位绶带，与新版毕业徽章一并赠送……一起来看↓↓ 
这些高校学位服上新！太美了→
 
2024-06-22 19:32:43,411 - INFO - URL: https://m.weibo.cn/detail/5047370042315184 
2024-06-22 19:32:46,004 - INFO - 已获取用户 人民日报 的微博，内容为 【广西#桂江桂林江段发生超历史实测记录洪水#】据水利部消息，受降雨和上游来水影响，广西桂江上游干流控制站桂林水文站6月20日0时55分洪峰水位148.88米，超过保证水位（147.00米）1.88米，相应流量6380立方米每秒，水位、流量均列1958年有实测资料以来第1位（历史最高水位148.40米，历史最大流量5890立方米每秒，1998年6月）。水利部维持对广西洪水防御Ⅲ级应急响应，2个工作组正在广西防汛一线指导地方做好洪水防御工作。（人民日报记者王浩）
2024-06-22 19:32:46,004 - INFO - 已获取用户 人民日报 的微博，内容为 【#今年还将有10余只大熊猫回国#】记者从国家林草局召开的野生动物保护和国际合作成果新闻发布会上获悉：今年以来，我国已完成“福宝”等7只大熊猫的接返工作。按照中外大熊猫合作协议规定，还将在今年有序接返协议到期和幼仔到龄的10余只大熊猫。（人民日报记者董丝雨）
中新视频的微博视频
 
2024-06-22 19:32:46,004 - INFO - URL: https://m.weibo.cn/detail/5047352194761983 
2024-06-22 19:32:48,702 - INFO - 已获取用户 人民日报 的微博，内容为 【辛苦了！#边防官兵的这条巡逻路跨越四季#】“我们这边温差很大，白天雪化成水，晚上又结成冰，导致路面形成一层厚厚的冰层，特别难走。”新疆军区某边防团木孜边防连，位于海拔3500米的木扎尔特冰川深处。官兵巡逻要穿森林、蹚冰河、爬陡坡、踏冰川，一次巡逻就能体验到四季的变化，致敬边防军人！
央视军事的微博视频
2024-06-22 19:32:48,702 - INFO - 已获取用户 人民日报 的微博，内容为 【#花花开出了高饱和度的夏天#】近日，北京，国家植物园（南园）水生与藤本植物区，各色睡莲、王莲等植物竞相绽放，形成了错落有致、色彩丰富多样的特色景观↓↓ 
2024-06-22 19:32:48,703 - INFO - ------------------------------已获取人民日报(2803301701)的第7页微博------------------------------
2024-06-22 19:32:51,503 - INFO - URL: https://m.weibo.cn/detail/5047323600362291 
2024-06-22 19:32:54,128 - INFO - 已获取用户 人民日报 的微博，内容为 #习近平青海考察调研#【习近平在青海考察时强调 持续推进青藏高原生态保护和高质量发展 奋力#谱写中国式现代化青海篇章#】中共中央总书记、国家主席、中央军委主席习近平近日在青海考察时强调，青海要认真贯彻党中央决策部署，完整准确全面贯彻新发展理念，牢牢把握青海在全国发展大局中的战略定位，充分发挥自身优势，坚持深化改革、扩大开放，坚持生态优先、绿色发展，坚持民族团结、共同富裕，在推进青藏高原生态保护和高质量发展上取得更大进展，奋力谱写中国式现代化青海篇章。
　　6月18日至19日，习近平在青海省委书记陈刚和省长吴晓军陪同下，深入西宁市的学校、宗教场所等进行调研。
　　18日下午，习近平首先来到果洛西宁民族中学考察。这是一所隶属于果洛藏族自治州的寄宿制中学，由上海市投资援建。习近平听取上海等东部地区援助青海教育工作和学校建设情况介绍，详细询问学生构成、课程设置、体育锻炼、普通话水平等情况，走进食堂、宿舍楼察看学生就餐和住宿条件，嘱咐食堂工作人员一定要确保学生饮食安全、营养可口。之后，他来到高一（1）班教室，观摩“新时代、新家乡”主题思政课。了解到学校将思政课内容融入日常教学，听了孩子们讲述新时代家乡的可喜变化，看了孩子们的画作，习近平十分高兴。他说，包括教育在内的东西部协作和对口支援取得显著成效，充分彰显了中国共产党领导和中国特色社会主义制度的优势，充分体现了中华民族大家庭的温暖。要把铸牢中华民族共同体意识作为学校思政课的一个重点，讲好中国共产党和中国特色社会主义的故事，讲好新时代以中国式现代化全面推进强国建设、民族复兴伟业的故事，讲好中华民族共同体和民族团结进步的故事，把中华民族共同体意识从小就植入孩子们的心灵。
　　教学楼前广场上，师生们纷纷围拢过来，高声向总书记问好。习近平亲切地对大家说，我到西宁第一站就来看望老师和同学们。上海援建的这所中学，培养来自果洛牧区的各民族孩子，成效明显，意义深远。希望孩子们倍加珍惜这里的良好条件，心怀感恩、好好学习，德智体美劳全面发展，立志成为中国特色社会主义事业的接班人和建设者，努力为自己赢得人生出彩的机会。他祝孩子们学有所成、健康成长。
　　随后，习近平来到位于西宁市城中区的宏觉寺。在寺前院落，宏觉寺民主管理委员会负责人向总书记敬献哈达，僧人提香炉、持宝伞迎接总书记。习近平参观青海省民族团结进步教育基地展陈等，了解寺庙历史沿革、老一辈革命家关心推动民族工作和宗教工作的情况。他走进大殿，听取寺庙加强日常管理、促进民族团结进步等情况介绍。习近平指出，宏觉寺这座千年古刹，在增进历代中央政府与藏传佛教联系方面发挥了重要的桥梁纽带作用。要保护好这份珍贵的历史文化遗产，为铸牢中华民族共同体意识、促进民族团结进步作出新贡献。要向老一辈革命家学习，把新时代党的统战工作、民族工作、宗教工作做得更好。习近平强调，以中国式现代化全面推进强国建设、民族复兴伟业，需要全国各族人民包括广大信教群众团结奋斗。希望青海藏传佛教界弘扬爱国爱教优良传统，促进宗教和顺、社会和谐、民族和睦，在中国式现代化进程中发挥积极作用。
　　19日上午，习近平听取青海省委和省政府工作汇报，对青海各项工作取得的成绩给予肯定。
　　习近平指出，青海承担着维护生态安全的重大使命，产业发展必须坚持有所为、有所不为，着力培育体现本地特色和优势的现代化产业体系。要有效集聚资源要素，加快建设世界级盐湖产业基地，打造国家清洁能源产业高地、国际生态旅游目的地、绿色有机农畜产品输出地。坚持科技研发和成果转化两手抓，广泛应用新技术，因地制宜改造提升传统产业、发展战略性新兴产业，培育新质生产力。进一步全面深化改革、扩大开放，优化营商环境，主动对接长江经济带发展等重大战略，推动绿色丝绸之路建设。统筹省内区域协调发展，发挥好西宁、海东、海西支撑作用，因地制宜发展县域经济、特色产业。
　　习近平强调，青藏高原生态系统丰富多样、也十分脆弱，加强生态环境保护，实现生态功能最大化，是这一区域的主要任务。要始终坚持生态优先、绿色发展，认真实施青藏高原生态保护法，全面落实主体功能区规划要求，把青藏高原建设成为生态文明高地。坚持山水林田湖草沙一体化保护和系统治理，加快实施重要生态系统保护和修复重大工程，巩固提升生态环境保护成效。重中之重是把三江源这个“中华水塔”守护好，保护生物多样性，提升水源涵养能力。加强以国家公园为主体的自然保护地体系建设，打造具有国家代表性和世界影响力的自然保护地典范。有序推进重点领域节能降碳，发展生态友好型产业，加快构建新型能源体系。
　　习近平指出，要切实保障和改善民生，尽力而为、量力而行，多办顺民意、惠民生、暖民心的实事，扎实解决群众急难愁盼问题。统筹谋划基本公共服务设施布局，着力增强基本公共服务的均衡性可及性。乡村振兴要突出农牧民增收这个重点，加快推进高原特色种业振兴行动，发展绿色有机农牧业，打响高原土特产品牌。推进高原美丽乡村建设，推动移风易俗。落实防止返贫监测帮扶机制，确保不发生规模性返贫。继续做好积石山地震灾后恢复重建工作，加强防灾减灾救灾能力建设。
　　习近平强调，青海是我国少数民族分布集中的省份，要继续做好民族工作和宗教工作。全面贯彻新时代党的民族工作大政方针，坚持以铸牢中华民族共同体意识为主线，广泛开展民族团结进步创建工作，促进各民族全方位嵌入、广泛交往交流交融。全面贯彻新时代党的宗教工作理论和方针政策，坚持我国宗教中国化方向，依法加强宗教事务管理特别是宗教活动场所管理。
　　习近平指出，目前正在开展党纪学习教育，要真抓实学、善始善终，以学纪知纪明纪促进遵纪守纪执纪。大力弘扬以改革创新为核心的时代精神和青藏高原精神，激励党员、干部进一步解放思想、转变观念，锐意进取、担当作为。坚持党性党风党纪一起抓、正风肃纪反腐相贯通，推进作风建设常态化长效化，持续深化整治形式主义为基层减负。完善一体推进不敢腐、不能腐、不想腐工作机制，以风清气正的政治生态引领形成正气充盈的社会生态。
　　李干杰、何立峰及中央和国家机关有关部门负责同志陪同考察。（新华社） 
2024-06-22 19:32:54,133 - INFO - URL: https://m.weibo.cn/detail/5047321473581914 
2024-06-22 19:32:56,721 - INFO - 已获取用户 人民日报 的微博，内容为 【共同关注！#桂林洪水现场情况#】受持续强降雨及漓江上游水库相继泄洪影响，桂林各主要河流水位迅速暴涨。20日，漓江桂林水文站出现148.88米的洪峰水位，超出警戒水位2.88米，上涨的漓江水倒灌到沿江路面，出现多处积水路段。当地正全力开展应对工作。@人民日报 #直播关注桂林洪水#↓↓  
人民日报的微博直播
2024-06-22 19:32:56,721 - INFO - 已获取用户 人民日报 的微博，内容为 【#不甜的水果也可能是热量刺客#？】夏日水果盛宴，注意“热量刺客”！别被口感迷惑，不甜≠低糖哦！#哪些水果不甜但热量高#？戳图了解↓↓@健康中国 
2024-06-22 19:32:56,722 - INFO - 已获取用户 人民日报 的微博，内容为 【转扩！#遇洪水必知9个健康知识点#】①不食用被洪水浸泡过的食物；②洪水过后不要直接饮用生水；③#尽量不赤足接触内涝水#；④身体不适迅速就医......更多↓↓注意安全，平平安安！ 
2024-06-22 19:32:56,722 - INFO - 已获取用户 人民日报 的微博，内容为 【一定要平安！#消防员洪水中小心翼翼转移婴儿#】近日，广西桂林出现连续性强降水过程。浑浊积水中，消防员小心翼翼接过软嫩的小婴儿，进行转移。网友：#这是洪水中安全感爆棚的怀抱#↓↓辛苦了，一定要平安！（桂林消防） 
人民日报的微博视频
 
2024-06-22 19:32:56,723 - INFO - 已获取用户 人民日报 的微博，内容为 【狠狠心动！#夏日新疆每一帧都美成了壁纸#】#看完这段视频狠狠为新疆心动了#晚霞下的薰衣草、广袤的草原、赛里木湖震撼人心的蓝......这是难以用言语表述的，新疆之美↓↓↓#视界这么美#（视界创作者：浪摄流杨柯） 
人民日报的微博视频
 
2024-06-22 19:32:56,723 - INFO - URL: https://m.weibo.cn/detail/5047269600003539 
2024-06-22 19:32:59,300 - INFO - 已获取用户 人民日报 的微博，内容为 【转需！#报志愿退档风险主要有两个#】#报志愿万一被退档了怎么办#？
无论是平行志愿投档录取还是顺序志愿投档录取，考生的退档风险主要有两个。
一是考生高考成绩没有达到所报专业录取分数且不服从专业调剂；
二是考生存在不符合高校招生章程规定的其他要求。
在填报志愿时一定要认真阅读拟报高校的招生章程，防止因不符合高校招生章程规定被退档。
被高校退档的考生还可参加本批次征集志愿投档录取（省级招生考试机构将高校未录满的计划再次公布补征志愿）或后续批次的投档录取。已被录取的考生，不能参加后续志愿投档录取。
务必在规定时间内填报志愿，填报志愿系统按照规定时间关闭，关闭后考生将不能再填报。建议考生尽早填报，尽量避免集中在截止时间临近前填报。
妥善保管好自己的身份证号、考生号等个人信息和志愿填报系统密码等登录信息，不要泄露给他人，防止志愿被他人篡改。 #专业报考指南# 
人民日报的微博视频
2024-06-22 19:32:59,300 - INFO - 已获取用户 人民日报 的微博，内容为 【下午六点！#中国女排迎战日本队#，姑娘们加油！】2024年世界女排联赛总决赛1/4决赛，中国女排将于今天18:00迎战亚洲老对手日本女排，#一起为女排姑娘加油#！ 
2024-06-22 19:32:59,301 - INFO - 已获取用户 人民日报 的微博，内容为 【慕了！#2024高校毕业礼物宠爱含量满格#】钻石戒指、花草标本盲盒、个人签名印章、“汉白玉”礼盒……又到毕业季，#今年高校毕业礼物花样开盲盒#，哪个最惊艳你？精美礼物背后，是对毕业生最真挚的祝福。网友：实名羡慕这些高校的毕业礼物！#2024毕业季# 
2024-06-22 19:32:59,301 - INFO - URL: https://m.weibo.cn/detail/5047240716452535 
2024-06-22 19:33:02,064 - INFO - 已获取用户 人民日报 的微博，内容为 【关注桂林防汛情况！#桂林一级防汛应急响应#】#向广西紧急调拨3万件中央救灾物资#6月12日到19日桂林市出现连续性强降水过程，38个气象观测站打破建站以来24小时降雨量历史记录。
鉴于此轮强降雨过程范围广、降雨强度大，落区高度重叠、持续时间长、累积雨量大、江河洪水大、致灾风险高，桂林市防汛抗旱指挥部于6月19日22时20分将桂林市防汛应急响应提升为一级。
兴安县、灵川县、七星区、叠彩区、象山区、秀峰区、雁山区、临桂区、阳朔县、平乐县等有关区域进入紧急防汛期。
19日，国家防灾减灾救灾委员会办公室、应急管理部会同国家粮食和物资储备局向广西紧急调拨救灾帐篷、折叠床、毛巾被、家庭应急包等3万件中央救灾物资。
广西日报的微博视频
 
桂林市防汛二级应急响应提升为一级应急响应
2024-06-22 19:33:02,064 - INFO - ------------------------------已获取人民日报(2803301701)的第8页微博------------------------------
2024-06-22 19:33:14,834 - INFO - 已获取用户 人民日报 的微博，内容为 【#明日夏至#，转存夏日清凉风壁纸】关于炎夏的记忆中，有哪些清爽的治愈瞬间？收好这套壁纸，愿你清凉一夏！#这套夏日壁纸看看就很解暑#↓↓↓夏至将至，一起期待所有美好都如约而至。早安！ 
2024-06-22 19:33:14,834 - INFO - URL: https://m.weibo.cn/detail/5047113959081433 
2024-06-22 19:33:18,082 - INFO - 已获取用户 人民日报 的微博，内容为 【#你好，明天#】70年前的今天，人民海军潜艇部队成立。从白手起家到核常兼备，从近海防御到远海防卫，他们隐蔽潜行、直面强敌。有一种安全感，叫“水下钢铁长城”。有一种誓言，叫“不要问我在哪里，问我也不能告诉你”。70年了，一代又一代官兵坚守潜艇，奋楫逐梦，“艇”向深蓝，向你们致敬！
人民日报的微博视频
2024-06-22 19:33:18,082 - INFO - 已获取用户 人民日报 的微博，内容为 【#人民日报夜读#：有大智慧的人，往往都很简单】↓↓↓ 
【夜读】有大智慧的人，往往都很简单
 
2024-06-22 19:33:18,083 - INFO - 正在过滤转发微博
2024-06-22 19:33:18,083 - INFO - 已获取用户 人民日报 的微博，内容为 【好浪漫！#11264个毕业生名字投影成了星空#】6月18日晚，@东南大学 上演3D星空投影秀，把一万余名毕业生名字逐一闪耀，汇聚成“夜空中最亮的星”。网友：#别人家的学校好会宠毕业生#。#这些毕业祝福送到心里了# 
光明日报的微博视频
 
2024-06-22 19:33:18,084 - INFO - 已获取用户 人民日报 的微博，内容为 【现场视频！6月17日下午，习近平带领军委一班人和各部门各单位主要负责同志瞻仰王家坪革命旧址】打好实现#建军一百年奋斗目标攻坚战#，#把强军事业不断推向前进#。（央视时政） 
人民日报的微博视频
 
2024-06-22 19:33:18,084 - INFO - 已获取用户 人民日报 的微博，内容为 【致敬！#潜艇兵看钟表才能知道日出日落#】70年前的今天，人民海军第一支潜艇部队成立。“家人不知道我在哪儿，我自己也不知道我在哪，见不到阳光，通过钟表才知道日出日落。”#潜艇兵这样讲述自己的神秘#↓↓转发，致敬！ 
人民日报的微博视频
 
2024-06-22 19:33:18,085 - INFO - 已获取用户 人民日报 的微博，内容为 【#桂林消防合力转移一91岁老人#】19日桂林出现城市内涝，#桂林消防用冲锋舟转移群众#。一91岁老人因家中停电没法吸氧，桂林消防医护合力救援送医，目前老人已得到妥善治疗。直击抢险一线，注意安全，所有人都要平安！（人民日报记者 张云河） 
人民日报的微博视频
 
2024-06-22 19:33:18,085 - INFO - URL: https://m.weibo.cn/detail/5047058547868794 
2024-06-22 19:33:20,598 - INFO - 已获取用户 人民日报 的微博，内容为 【巴黎奥运女排分组：#中国女排和法国美国塞尔维亚队同组#】
6月19日， #巴黎奥运会女排分组抽签#仪式在泰国曼谷举行。中国女排和法国、美国、塞尔维亚队同组。2024年#巴黎奥运女排12强分组#如下：
A组：法国、塞尔维亚、中国、美国
B组：巴西、肯尼亚、日本、波兰
C组：意大利、多米尼加、荷兰、土耳其
（人民日报记者李洋）
2024-06-22 19:33:20,599 - INFO - URL: https://m.weibo.cn/detail/5047045648024132 
2024-06-22 19:33:23,330 - INFO - 已获取用户 人民日报 的微博，内容为 【中央军委政治工作会议在延安召开 习近平出席会议并发表重要讲话】习近平强调，要坚持党对军队绝对领导，贯彻落实#新时代政治建军方略#，牢牢把握政治建军时代要求，聚焦打好实现#建军一百年奋斗目标攻坚战#，发扬彻底的自我革命精神，持续深化政治整训，锻造政治坚定、能力过硬的坚强党组织，锻造忠诚干净担当、堪当强军重任的高素质干部队伍，为强军事业提供坚强政治保证。 
中央军委政治工作会议在延安召开 习近平出席会议并发表重要讲话
2024-06-22 19:33:23,330 - INFO - ------------------------------已获取人民日报(2803301701)的第9页微博------------------------------
2024-06-22 19:33:26,087 - INFO - URL: https://m.weibo.cn/detail/5047035735310462 
2024-06-22 19:33:28,684 - INFO - 已获取用户 人民日报 的微博，内容为 【惊喜！#当超级工程遇上中华白海豚#】“看！是白海豚！”在珠江口中华白海豚自然保护区内，活跃着众多白海豚。日前交工验收的深中通道，历经7年建设，生态保护、白海豚保护贯穿始终。看施工现场拍摄的中华白海豚，感受#中国式现代化的万千气象#↓↓↓↓#机遇湾区机遇港澳#（人民日报记者 韩鑫） 
人民日报的微博视频
2024-06-22 19:33:28,684 - INFO - URL: https://m.weibo.cn/detail/5047024343324296 
2024-06-22 19:33:31,277 - INFO - 已获取用户 人民日报 的微博，内容为 【#两部门预拨3.46亿中央自然灾害救灾资金#】#防汛抗旱抢险救灾#6月19日，财政部、应急管理部紧急预拨3.46亿元中央自然灾害救灾资金，支持地方做好防汛抗旱及地质灾害救灾工作，其中，
预拨浙江、福建、江西、湖南、广东、广西、贵州7省（区）2.13亿元，支持防汛救灾工作，重点用于应急抢险救援和受灾群众救助；
预拨河北、内蒙古、山东、河南4省（区）0.69亿元，支持抗旱救灾工作，重点用于解决城乡居民用水困难，购买、租赁应急储水、净水、供水设备，组织人员保障城乡居民生活用水；
预拨福建、广东2省0.64亿元，支持地质灾害救灾工作，重点用于排危除险等应急处置、次生灾害隐患排查和应急整治等工作。（人民日报记者 刘温馨）
2024-06-22 19:33:31,278 - INFO - 已获取用户 人民日报 的微博，内容为 【直击现场！#中国海警首次登检菲律宾运补船只#画面】6月17日，菲律宾再次非法闯入我仁爱礁邻近海域，并且蓄意制造碰撞事件。中国海警首次对菲运补船只登临检查。当时的情形是怎么样的？#中国海警登检菲律宾船只示意图#↓↓转扩！
玉渊谭天的微博视频
 
2024-06-22 19:33:31,279 - INFO - 已获取用户 人民日报 的微博，内容为 【关注！#桂林出现城市内涝#】6月19日8时30分，广西#桂林升级洪水红色预警#。#桂林#市城区出现洪水倒灌、内涝现象。据@中国天气 ，桂林市部分中小河流将出现20年一遇以上洪水。今明天，广西北部还将有明显降雨，沿江河地区的公众需警惕洪水。关注汛情，注意安全！（央视） 
人民日报的微博视频
 
2024-06-22 19:33:31,279 - INFO - URL: https://m.weibo.cn/detail/5047007704519492 
2024-06-22 19:33:34,080 - INFO - 已获取用户 人民日报 的微博，内容为 【外交部：中国海警专业克制，#中方敦促菲方立即停止侵权挑衅#】#菲方一直在偷运建筑材料武器弹药#19日，外交部发言人林剑主持例行记者会，有记者就菲律宾侵闯仁爱礁提问：菲律宾军方称，本周中国海警在仁爱礁附近登上菲律宾船只，并收缴了菲方枪支。中方能够证实并进一步介绍情况？
外交部发言人林剑强调，菲律宾不顾中方劝阻，执意侵闯中国南沙群岛仁爱礁，是造成这次事态的直接原因。中国海警现场采取的执法措施是专业、克制的，旨在拦阻菲方的船只非法运补，没有对菲方的人员直接采取措施。菲方一再声称，运补的是生活物资，但实际上一直在偷运建筑材料，甚至武器弹药，企图长期侵占仁爱礁。中方敦促菲方立即停止侵权挑衅的行径，中方将继续依法坚决维护自身的主权权益。（人民日报记者 李安琪）
人民视频的微博视频
2024-06-22 19:33:34,080 - INFO - URL: https://m.weibo.cn/detail/5047005751543898 
2024-06-22 19:33:36,591 - INFO - 已获取用户 人民日报 的微博，内容为 【#4组数据看我国禁毒最新情况#】据公安部发布会，#今年一季度全国查处吸毒人员6.1万人次#①2023年，共破获毒品犯罪案件4.2万起，抓获犯罪嫌疑人6.5万名，缴获毒品25.9吨，同比分别上升12.6%、21%和18%。
②今年第一季度，全国共破获毒品犯罪案件1.1万起，抓获犯罪嫌疑人1.7万名，缴获各类毒品6.7吨，同比分别上升23.1%、38.2%和30.6%。
③2023年，全国共查处吸毒人员19.5万人次，同比下降1.1%。
④今年第一季度，全国查处吸毒人员6.1万人次，同比上升32.3%，正在执行社区戒毒社区康复人员23.3万名，戒毒康复执行巩固率达到85%以上。
（人民日报记者 张天培）
2024-06-22 19:33:36,592 - INFO - 已获取用户 人民日报 的微博，内容为 【见者好运！#玄武湖并蒂莲与锦鲤同框#】近日，南京玄武湖发现一株#并蒂莲花苞#，与池中的金黄“锦鲤”相衬。预计该株并蒂莲于本月下旬绽放。好运同框，先睹为快。
南京市玄武湖的微博视频
 
2024-06-22 19:33:36,592 - INFO - 已获取用户 人民日报 的微博，内容为 【收藏！#一组动作改善富贵包# 】长期忽视“富贵包”，可能导致颈部不适、颈椎退行性改变、神经受压等一系列不良后果。教你一组动作，经常练习可以帮助改善和预防“富贵包”，试试看！
CCTV生活圈的微博视频
 
2024-06-22 19:33:36,592 - INFO - URL: https://m.weibo.cn/detail/5046977450477909 
2024-06-22 19:33:39,174 - INFO - 已获取用户 人民日报 的微博，内容为 【暖！#帮老人桥上推车的姑娘找到了#】“我相信，这事无论换成谁路过，都会帮忙的！”近日，浙江嘉兴。一位白发苍苍的爷爷独自推着两辆三轮车吃力地爬坡，一位路过的女孩看到后，跑过来帮老人推车。据悉，这位女孩叫林宣妤，今年22岁，即将成为一名音乐教师。网友：#人美心善在这一刻具象化了#！
桥上推车的姑娘找到了！林宣妤，你真美！
 
人民日报的微博视频
2024-06-22 19:33:39,174 - INFO - 已获取用户 人民日报 的微博，内容为 【现场视频！#习总书记嘱咐要让孩子们吃得营养健康#】18日下午，习近平总书记来到果洛西宁民族中学，走进食堂察看学生就餐条件，嘱咐食堂工作人员一定要确保学生饮食安全、营养可口。#习近平青海考察调研#（央视时政） 
人民日报的微博视频
 
2024-06-22 19:33:39,174 - INFO - ------------------------------已获取人民日报(2803301701)的第10页微博------------------------------
2024-06-22 19:33:48,861 - INFO - 已获取用户 人民日报 的微博，内容为 【#微视频记录机遇湾区#】美食美景、传统现代、港湾浪涛……这里是粤港澳大湾区，充满活力的世界级城市群。大湾区，大机遇，大文章，大未来。戳视频，感受#机遇湾区机遇港澳#↓↓ 
人民日报的微博视频
 
2024-06-22 19:33:48,861 - INFO - 已获取用户 人民日报 的微博，内容为 【
转存最新！#2024高考查分#时间汇总】截至目前，全国#28省份公布高考出分时间#，查分时间大多集中在6月23日至26日之间。一图整理↓↓祝考生金榜题名！#专业报考指南# 
2024-06-22 19:33:48,862 - INFO - 已获取用户 人民日报 的微博，内容为 【毕业快乐！#这些毕业祝福送到心里了#】又到毕业季，祝你毕业流程丝滑顺利，和同学朋友常联系；祝你工作后有好搭子，有调剂生活的小爱好；祝你身体健康，奔赴山海，永葆少年意气。和校园作别，向未来问好。#毕业季祝福壁纸#送给每一个心怀勇气的你↓↓祝所有毕业生，不负韶华、前程似锦！#2024毕业季# 
2024-06-22 19:33:48,862 - INFO - URL: https://m.weibo.cn/detail/5046933343962871 
2024-06-22 19:33:51,475 - INFO - 已获取用户 人民日报 的微博，内容为 【#北京警方通报外交号牌车辆违停挡路#】近日，一外交号牌车辆在朝阳区广信街与广泰东路十字路口处因停车引发纠纷。经警方初步调查，涉事车辆登记在一国际组织名下，6月16日上午，徐某某（男，61岁）与余某（女，58岁，就职于该国际组织）夫妇驱车至该地点，将车停靠在机动车道上，违反停车管理规定，影响过往车辆通行，后在他人提醒时仍拒绝挪车，并辱骂他人、发表不当言论，造成不良社会影响。
对于上述交通违法情况，公安交管部门依法作出罚款处罚。对工作中发现的余某夫妇违规饲养犬只的违法行为，属地公安机关依照法定程序作出相应处理。对余某存在的治安违法行为，属地公安机关已立为行政案件开展工作。@平安北京
2024-06-22 19:33:51,475 - INFO - URL: https://m.weibo.cn/detail/5046932278611680 
2024-06-22 19:33:54,068 - INFO - 已获取用户 人民日报 的微博，内容为 【转存！#不同部位或疾病该选择哪种影像检查#？】今年你体检了吗？做体检时，影像科检查一般少不了。那么，医学影像检查会带来健康风险吗？“每多做一次CT患癌风险增加43%”是真的吗？专家表示，#一定剂量内的X光CT检查辐射不会影响健康#，影像检查种类多，应根据部位或疾病进行选择，详戳↓↓  
人民日报的微博视频
2024-06-22 19:33:54,069 - INFO - URL: https://m.weibo.cn/detail/5046928679113143 
2024-06-22 19:33:56,562 - INFO - 已获取用户 人民日报 的微博，内容为 【视频：#习近平青海考察调研#】18日下午，习近平总书记在青海省考察调研。他先后来到西宁市的果洛西宁民族中学和宏觉寺，了解当地深入推进教育工作东西部协作和对口支援、加强铸牢中华民族共同体意识教育和藏传佛教界弘扬爱国爱教优良传统、促进民族团结进步等情况。（央视时政） 
人民日报的微博视频
2024-06-22 19:33:56,562 - INFO - URL: https://m.weibo.cn/detail/5046925726583038 
2024-06-22 19:33:59,098 - INFO - 已获取用户 人民日报 的微博，内容为 【习近平在青海考察调研】18日下午，习近平总书记在青海省考察调研。他先后来到西宁市的果洛西宁民族中学和宏觉寺，了解当地深入推进教育工作东西部协作和对口支援、加强铸牢中华民族共同体意识教育和藏传佛教界弘扬爱国爱教优良传统、促进民族团结进步等情况。#习近平青海考察调研# 
2024-06-22 19:33:59,098 - INFO - URL: https://m.weibo.cn/detail/5046921127264339 
2024-06-22 19:34:01,876 - INFO - 已获取用户 人民日报 的微博，内容为 【干货满满！#高考志愿填报十问十答#】2024高考志愿填报工作即将开始，教育部发布十问十答。#填报志愿前要做哪些准备工作#？高考招生有哪些投档录取模式？填报志愿时的总体思路是什么？录取工作什么时间开始？……你关心的问题，这里都有↓↓愿你进入“梦中情校”！#专业报考指南#  
2024年高考志愿填报，教育部发布十问十答
2024-06-22 19:34:01,876 - INFO - 已获取用户 人民日报 的微博，内容为 【#俄罗斯总统普京抵达朝鲜首都平壤#】朝鲜当地时间6月19日，俄罗斯总统普京抵达朝鲜首都平壤，开始对朝鲜进行国事访问。朝鲜最高领导人金正恩到机场迎接。#普京抵达朝鲜# 
人民日报的微博视频
 
2024-06-22 19:34:01,877 - INFO - 已获取用户 人民日报 的微博，内容为 【#一艘潜艇的微短剧把我看哭了#】“你听过长征一号核潜艇吗？那是我同学。”今天，人民海军首支潜艇部队成立70周年，分享微短剧#我的同学是潜艇#↓↓祝人民海军潜艇部队生日快乐！ 
人民日报的微博视频
 
2024-06-22 19:34:01,877 - INFO - ------------------------------已获取人民日报(2803301701)的第11页微博------------------------------
2024-06-22 19:34:10,645 - INFO - URL: https://m.weibo.cn/detail/5046898426380614 
2024-06-22 19:34:13,725 - INFO - 已获取用户 人民日报 的微博，内容为 【感动！#洪水中消防员接力托举小奶娃#】近日，广东梅州暴雨，消防员在转移群众时遇到一户人家被困二楼，其中还有一名6个月大的小婴儿。水位上涨，蓝朋友驾驶救生艇靠近后，快速破拆窗户打开逃生通道。一个个挨着搭起人桥接力抱娃，蓝朋友们双手举过头顶，紧紧护住孩子小心翼翼转移至救生艇中。网友：#向暴雨中逆行的消防员致敬#！
中国消防的微博视频
2024-06-22 19:34:13,725 - INFO - URL: https://m.weibo.cn/detail/5046880768098768 
2024-06-22 19:34:16,297 - INFO - 已获取用户 人民日报 的微博，内容为 【转存收藏！#12张思维导图理清大学专业#】哲学、经济学、法学、教育学、文学、历史学、理学、工学、农学、医学、管理学、艺术学。2024高考志愿填报在即，普通高等学校本科的这12个学科门类，你了解多少？速存#报志愿必备学科专业清单#↓↓愿考生选到理想的专业！#专业报考指南# 
2024-06-22 19:34:16,299 - INFO - 已获取用户 人民日报 的微博，内容为 【努力前行，慢一点也没关系】再远的路，一步步走，总能到达；再难的事，一件件做，也总有收获。人生旅途的美妙，不仅在于如何快速抵达终点，也在于追求的过程。带着充满希望的心，走好眼前的路，一步一个脚印，你终能抵达自己想要的未来。新一天，早安！#追光的你# 
2024-06-22 19:34:16,299 - INFO - URL: https://m.weibo.cn/detail/5046751662965982 
2024-06-22 19:34:19,403 - INFO - 已获取用户 人民日报 的微博，内容为 【#你好，明天#】近期，南涝北旱特征明显，牵动人心。涝情、旱情都是灾情，都严重影响群众生产生活。全力应对灾情，责任压得越实，措施落地越稳，越能有力有效应对各类突发事件，越能保障人民群众生命财产安全。防汛抗旱无小事，奋战一线务必注意安全，愿受灾群众平平安安。#防汛抗旱抢险救灾#人民日报的微博视频
2024-06-22 19:34:19,404 - INFO - 已获取用户 人民日报 的微博，内容为 【欧洲杯小组赛：葡萄牙vs捷克，你看好哪队？】北京时间6月19日3时，2024欧洲杯小组赛第一轮迎来收官战，葡萄牙对战捷克，#C罗比赛#或登场。#C罗和他的第六届欧洲杯#，你看过几届，有你的青春回忆吗？ 
 
网页链接
 
2024-06-22 19:34:19,404 - INFO - 已获取用户 人民日报 的微博，内容为 【#人民日报夜读#：若是月亮还没来，那就静静待花开】没等到的“月亮”是什么？也许是未实现的理想、没发挥好的成绩，或是，没等到的那个人…沉住气，别着急。一点点靠近，一点点努力，走得慢也没关系。等风来，也别忘了追风去。你，可以成为自己的光。 
【夜读】若是月亮还没来，那就静静待花开
 
2024-06-22 19:34:19,404 - INFO - 已获取用户 人民日报 的微博，内容为 【跟随#新疆阿勒泰梦幻繁星#感受时光】近日，新疆阿勒泰白哈巴村，摄影师记录下繁星闪烁的美丽夜景。夜空中星空流转，留下一道道美丽的星轨，如梦似幻。
荔枝风景线的微博视频
 
2024-06-22 19:34:19,405 - INFO - 已获取用户 人民日报 的微博，内容为 【#防汛抗旱抢险救灾#现场：#老人洪水中紧抱路灯被救出#】17日，广东梅州，一位老人被洪水围困，紧紧抱住路灯不敢动弹。消防员小心翼翼接近并安抚老人情绪，成功将老人救出。愿风雨中的所有人都平安！#关注广东梅州暴雨# 
人民日报的微博视频
 
2024-06-22 19:34:19,405 - INFO - 已获取用户 人民日报 的微博，内容为 【#海拔4200米的彩虹#，接好运】 6月18日，西藏乃朗谷出现彩虹，宛如一座巨型拱桥。#青藏高原现巨大彩虹桥#↓↓转发，收藏。（林渊、刘涛、康乐同） 
2024-06-22 19:34:19,406 - INFO - 已获取用户 人民日报 的微博，内容为 【#北科大一研究室毕业礼物是钻戒#】近日，@北京科技大学 碳基材料与功能薄膜研究室2024届的每位毕业生都收到了由研究室自主研发的钻石戒指，其中黑钻0.5克拉，白钻0.5克拉。#这枚毕业钻石的技术曾用于北斗卫星#、“长征七号”系列、“小蜘蛛网”星网星链等。
北科大！送钻石！
 
2024-06-22 19:34:19,406 - INFO - ------------------------------已获取人民日报(2803301701)的第12页微博------------------------------
2024-06-22 19:34:22,830 - INFO - URL: https://m.weibo.cn/detail/5046702107791807 
2024-06-22 19:34:25,366 - INFO - 已获取用户 人民日报 的微博，内容为 【痛心！#梅州一干部因公殉职#】17日上午6时，广东梅州平远县东石镇白岭村挂村工作组长马平在疏散转移群众过程中，突遇山体滑坡，房屋坍塌，马平掩埋其中，因公殉职。#梅州殉职干部生前带队转移500多人#6月16日，平远县东石镇持续性强降雨，多个村庄被淹。马平第一时间带领工作组安全疏散转移群众500多人。强降雨持续到次日凌晨，马平带领工作组连夜作战，一边安抚临时安置在村委会的群众，一边疏散转移周边群众到安全地点。#马平转移群众时遇滑坡殉职#17日上午6时，马平在白岭村疏散转移群众过程中因公殉职。马平生于1978年11月，2008年7月加入中国共产党，生前任平远县东石镇综合行政执法队副队长、三级主办。（梅州市广播电视台）
痛心！平远东石镇马平同志在疏散转移群众中因公殉职！
2024-06-22 19:34:25,367 - INFO - 已获取用户 人民日报 的微博，内容为 【#2招缓解轻度中暑#】近期北方天气炎热，注意防暑降温。#如何发现中暑的信号#？轻度中暑怎么办？医生建议：
①找到无名指尺侧的关冲穴，按压1分钟；
②用凉毛巾冷敷额头。如果手边没有毛巾，可以用湿纸巾或者凉水打湿的衣服替代。
CCTV生活圈的微博视频
 
2024-06-22 19:34:25,368 - INFO - 已获取用户 人民日报 的微博，内容为 【#校长雨中致辞放弃3千字只讲1分钟#】6月17日，长江大学毕业典礼。学校在两地办学，荆州下雨，武汉暴晒，校长放弃了原定的3100字讲稿，1分钟讲完：“无论是烈日还是风雨，都能从容应对，在识变、应变、求变中更加积极进取、奋发有为。”#雨中毕业典礼校长极简版致辞#↓↓ 
人民日报的微博视频
 
2024-06-22 19:34:25,368 - INFO - URL: https://m.weibo.cn/detail/5046671176372184 
2024-06-22 19:34:28,412 - INFO - 已获取用户 人民日报 的微博，内容为 【超治愈“风车海”！#为什么海边的大风车越来越多#】海边旅行，你是否也看到过这样的大风车？数据显示，我国海上风电累计装机曾连续两年位居全球首位。海上“大风车”不仅见证了我国海上风电快速发展，也成为游客喜闻乐见的打卡地。转存打卡，感受#中国式现代化的万千气象#↓↓#视界这么美# 
人民日报的微博视频
2024-06-22 19:34:28,413 - INFO - 已获取用户 人民日报 的微博，内容为 【#人民锐评#：#对姜萍最好的关心是不打扰#】围绕姜萍的讨论中，最多的是励志、感动和祝福，但“泼天的流量”之下，已出现被“带偏”迹象。人才成长需要关心，但不应时时处在聚光灯下。呵护人才最好的方式，是少添些喧嚣，多给些安宁，为成长留出空间。 
人民锐评：对姜萍最好的关心就是不打扰
 
2024-06-22 19:34:28,413 - INFO - URL: https://m.weibo.cn/detail/5046655348902154 
2024-06-22 19:34:31,005 - INFO - 已获取用户 人民日报 的微博，内容为 【名单公示！#多名奥运冠军入选巴黎奥运名单#】#中国跳水队游泳队巴黎奥运名单公示# 6月18日下午，国家体育总局游泳中心公示入选巴黎奥运会跳水、游泳、马拉松游泳、花样游泳项目运动员名单。
跳水：
  女运动员（4人）：
  陈艺文、昌雅妮、陈芋汐、全红婵
  男运动员（6人）：
  王宗源、谢思埸、龙道一、杨 昊、曹 缘、练俊杰
游泳：
  女运动员（18人）：
  张雨霏、叶诗文、李冰洁、杨浚瑄、唐钱婷、余依婷、彭旭玮、吴卿风、柳雅欣、杨 畅、万乐天、汪雪儿、高唯中、陈露颖、汤慕涵、程玉洁、葛楚彤、孔雅琪
  男运动员（13人）：
  汪 顺、徐嘉余、覃海洋、潘展乐、董志豪、季新杰、王浩宇、张展硕、王长浩、孙佳俊、费立纬、陈俊儿、牛广盛
马拉松游泳（女1人）：
  辛 鑫
花样游泳（女9人）：
  冯 雨、常 昊、王赐月、张雅怡、王柳懿、王芊懿、肖雁宁、向玢璇
  Ap替补运动员：
  程文涛
（人民日报记者孙龙飞）
2024-06-22 19:34:31,005 - INFO - URL: https://m.weibo.cn/detail/5046647128853507 
2024-06-22 19:34:33,546 - INFO - 已获取用户 人民日报 的微博，内容为 【习近平对防汛抗旱工作作出重要指示】#防汛抗旱抢险救灾#中共中央总书记、国家主席、中央军委主席习近平对防汛抗旱工作作出重要指示。
习近平指出，近期，南方多地持续出现强降雨，广东、福建等地发生洪涝和地质灾害，造成人员伤亡和财产损失，北方部分地区旱情发展迅速，南涝北旱特征明显。
习近平要求，要全力应对灾情，千方百计搜救失联被困人员，妥善安置受灾群众，保障正常生产生活秩序，最大限度降低灾害损失。
习近平强调，随着我国全面进入主汛期，防汛形势日趋严峻，各地区和有关部门要进一步强化风险意识、底线思维，压实责任、加强统筹，扎实做好防汛抗旱、抢险救灾各项工作。要加强灾害监测预警，排查风险隐患，备足装备物资，完善工作预案，有力有效应对各类突发事件，切实保障人民群众生命财产安全和社会大局稳定。
网页链接
2024-06-22 19:34:33,547 - INFO - URL: https://m.weibo.cn/detail/5046640205366898 
2024-06-22 19:34:36,216 - INFO - 已获取用户 人民日报 的微博，内容为 【塞纳河上#巴黎奥运会开幕式彩排#画面】#巴黎奥运开幕式北京时间凌晨1点半开始# 当地时间17日，数十艘船参加在塞纳河上的巴黎奥运开幕式彩排。按目前方案，205个代表团搭乘80多艘船航行，抵达埃菲尔铁塔对岸广场参加仪式。尽管存在安全问题，导演称“塞纳河上开幕”仍是首选。#巴黎2024奥运开幕式#将于北京时间7月27日凌晨1点半开始。（央视） 
人民日报的微博视频
2024-06-22 19:34:36,217 - INFO - 已获取用户 人民日报 的微博，内容为 【这转弯，真牛！看#36米大罐子如何完成36次大转弯#】把这件“大家伙”运往建设一线，要经过3座桥梁、36个弯道、211处空中障碍、2处极窄路段，运输难度极大，有时还得临时拆除道路设施。揭秘#超长超重超高的大件是怎么运输的#↓↓致敬运输者、建设者！
请注意！"大块头"+“特种兵”悄悄从你的城市穿过……
 
人民日报的微博视频
 
2024-06-22 19:34:36,217 - INFO - 已获取用户 人民日报 的微博，内容为 【#圆明园荷花好会开#】6月，圆明园荷花开了，各种色彩、各种姿态。感受#圆明园荷花之美#，收藏！ 
2024-06-22 19:34:36,217 - INFO - ------------------------------已获取人民日报(2803301701)的第13页微博------------------------------
2024-06-22 19:34:39,005 - INFO - 已获取用户 人民日报 的微博，内容为 【场面温馨！#25头亚洲象组团出游其乐融融#】近日，野生亚洲象“大噜胞”一家25头“欢聚”云南西双版纳野象谷景区。它们漫步雨林，在河中打闹嬉戏，一派其乐融融的景象。
大家庭出游！25头亚洲象雨林戏水其乐融融
 
人民日报的微博视频
 
2024-06-22 19:34:39,005 - INFO - URL: https://m.weibo.cn/detail/5046595880225868 
2024-06-22 19:34:41,626 - INFO - 已获取用户 人民日报 的微博，内容为 【#高温天穿得少不一定更凉快#】炎炎夏日，气温攀升，很多人会在高温天里穿得少一点，比如短裤、背心、凉拖，认为这样会更凉快。其实，天热时穿得太少反而会更热，还可能因此晒伤。#夏季3种衣服让你更怕热#：过于紧身、材质不透气、选错颜色。“凉爽穿衣方法”怎么穿？戳文了解↓↓（生命时报） 
高温天，穿得越少就越凉快吗？
2024-06-22 19:34:41,626 - INFO - URL: https://m.weibo.cn/detail/5046588261274611 
2024-06-22 19:34:44,151 - INFO - 已获取用户 人民日报 的微博，内容为 【打击缅北电诈又一新成果！#150名在缅北跨境电诈嫌犯被移交我方#】#电诈嫌犯冒充军人通过交友方式实施诈骗#近日，公安部强化与缅甸相关执法部门的警务执法合作，推动开展打击行动，成功捣毁10个位于大其力地区的电诈窝点，抓获150名实施跨境电信网络诈骗的中国籍犯罪嫌疑人，其中网上在逃人员14名。目前，全部犯罪嫌疑人及涉案物品已通过云南西双版纳打洛口岸移交我方。经查，该批犯罪嫌疑人藏匿于大其力地区一处电诈园区内，冒充军人通过交友方式实施虚假投资理财诈骗。目前，公安部已部署贵州公安机关将犯罪嫌疑人押回，全力开展案件侦办工作。
公安部刑侦局的微博视频
（人民日报记者张天培）
2024-06-22 19:34:44,151 - INFO - URL: https://m.weibo.cn/detail/5046575686747024 
2024-06-22 19:34:46,744 - INFO - 已获取用户 人民日报 的微博，内容为 【#农学生想顺利毕业要经历多少意外#】
“#谁把我的毕业论文给偷吃了#？”
前不久
四川一位农学生的毕业论文惨遭“毒手”
他辛苦种植的小番茄植株两侧各有七枚果实
不知道被谁摘掉了顶端的两个
设想中的“葫芦娃”阵型被瞬间打破
每到毕业或期末，都有不少农学生流下辛酸泪……
“我的论文被谁偷吃了？！”🤯
2024-06-22 19:34:46,745 - INFO - URL: https://m.weibo.cn/detail/5046566231999248 
2024-06-22 19:34:49,356 - INFO - 已获取用户 人民日报 的微博，内容为 【#4年前高考623分的脑瘫少年毕业了#，祝一切如愿
】#脑瘫少年被保送至苏州大学读研#4年前，脑瘫少年姚俊鹏以623分的好成绩，考上@中国药科大学。今年6月，姚俊鹏迎来了他的本科毕业典礼。据悉，姚俊鹏目前已被保送至苏州大学政治与公共管理学院攻读政治学硕士研究生。祝姚俊鹏和各位毕业生一切如愿，前程似锦！
我苏特稿的微博视频
2024-06-22 19:34:49,357 - INFO - 已获取用户 人民日报 的微博，内容为 【祝你好运“莲莲”！#延时摄影看花开并蒂#】6月18日，浙江武义，摄影师通过延时摄影记录到并蒂莲雨中开放的瞬间。网友：花开并蒂主打一个同步！
浙江日报的微博视频
 
2024-06-22 19:34:49,357 - INFO - URL: https://m.weibo.cn/detail/5046549266828681 
2024-06-22 19:34:53,962 - INFO - 已获取用户 人民日报 的微博，内容为 #专业报考指南#【转需！#看似撞脸实则不同的专业#】高考结束，填报志愿时，很多专业名称看起来相似，但实际学习内容各有不同。金融学vs金融工程、生物工程vs生物医学工程、医学影像学vs医学影像技术……#这些大学专业你分清了吗#↓↓收藏了解，转给要填报志愿的TA！ 
2024-06-22 19:34:53,963 - INFO - 已获取用户 人民日报 的微博，内容为 【#女孩跟随父亲策马巡边好飒#】近日，内蒙古呼伦贝尔，一女孩身着迷彩服，手举五星红旗策马驰骋，跟随父亲巡边。女孩的父亲础鲁一家三代都是护边员，每到寒暑假，他就会带着孩子一起巡边踏查。他对女儿最常说的一句话就是：努力守护好祖国的边境线，是我们家的职责。
人民视频的微博视频
 
2024-06-22 19:34:53,963 - INFO - URL: https://m.weibo.cn/detail/5046531340632968 
2024-06-22 19:34:56,499 - INFO - 已获取用户 人民日报 的微博，内容为 【扩散！#教育部提醒警惕报志愿高价辅导陷阱#】教育部提醒广大考生和家长谨慎对待市面上的各类志愿填报指导服务，切勿轻信“高价”指导咨询，避免造成不必要的经济损失和志愿填报风险。有关部门#从未发放过高考志愿规划师类资格证书#。考生应依据自身的高考成绩、兴趣志向以及高校的招生政策，自主合理填报，规划好个人未来学业和职业发展之路，切莫简单交付于某个机构或个人。详戳↓↓#专业报考指南# 
教育部提醒考生及家长：警惕“高价辅导”陷阱
2024-06-22 19:34:56,499 - INFO - URL: https://m.weibo.cn/detail/5046525594699244 
2024-06-22 19:34:59,068 - INFO - 已获取用户 人民日报 的微博，内容为 #关注广东梅州暴雨#【#广东上千名消防员增援梅州#】广东省防汛防旱防风总指挥部办公室17日通报，16日，广东梅州市多地出现大暴雨局部特大暴雨。广东省消防救援总队先后调派潮州、揭阳、汕头、广州、深圳、惠州、东莞、佛山、河源、机动、训保等支队，协同森林消防广东机动队伍共1190名消防救援人员前往梅州增援，投入救援行动。目前，消防救援仍在进行中。愿平安！
中国消防的微博视频
2024-06-22 19:34:59,069 - INFO - ------------------------------已获取人民日报(2803301701)的第14页微博------------------------------
2024-06-22 19:35:02,323 - INFO - URL: https://m.weibo.cn/detail/5046518099215595 
2024-06-22 19:35:05,222 - INFO - 已获取用户 人民日报 的微博，内容为 【硬核！#国之重器更是国之底气#】神十八发射成功，嫦娥六号月背“挖宝”；福建舰成功海试，“地面空间站”正式运行；亚洲第一深水导管架“海基二号”安装就位，首个行星际闪烁监测望远镜正式建成……2024即将过半，上天下海的国之重器，见证自立自强的#奋进中国#。#2024大国重器新突破#↓↓致敬，前行！
2024-06-22 19:35:05,222 - INFO - 已获取用户 人民日报 的微博，内容为 【每一次努力，都是幸运的伏笔】每一个抵达远方的人，都曾和你一样，默默地翻山越岭。与其焦虑未来，不如专注当下，把眼前的事做好。回头看你终会发现，每一次努力，都是幸运的伏笔。新一天，愿你不负时光，勇敢向前。加油，#追光的你#！ 
2024-06-22 19:35:05,222 - INFO - URL: https://m.weibo.cn/detail/5046394743687040 
2024-06-22 19:35:09,244 - INFO - 已获取用户 人民日报 的微博，内容为 【#你好，明天#】中专女生姜萍“闯进”全球数学竞赛12强，热度持续上升，有钦佩，有祝福，也有担忧。关爱与善意令人感动，但表达边界仍需守住，切不可为流量“消费”他人隐私。呵护人才最好的方式，是少添些喧嚣，多给些安宁，为她专注学习留出空间。无论未来求学之路如何，无论后边比赛成绩如何，求知中感受科学之美，已足够有价值。把答案交给时间，追随内心，继续前行。
2024-06-22 19:35:09,244 - INFO - 已获取用户 人民日报 的微博，内容为 【#梅州发布一级防汛响应#】广东梅州将防汛应急响应提升至一级。截至17日，#梅州暴雨致5人遇难15人失联#。目前救援仍在进行，#关注广东梅州暴雨#。愿平安！ 
人民日报的微博视频
 
2024-06-22 19:35:09,245 - INFO - 已获取用户 人民日报 的微博，内容为 【#人民日报夜读#：允许别人做别人，允许自己做自己】①允许别人做别人：每个人对幸福的定义和追求都不太一样，如果是别人生活中的不同选择，不妨多些理解和共情；②允许自己做自己：不在别人的看法里患得患失，专注于不断提升自己。共勉。 
【夜读】允许别人做别人，允许自己做自己
 
2024-06-22 19:35:09,245 - INFO - 已获取用户 人民日报 的微博，内容为 【可爱壁纸上新！#藏羚羊就是高原上的精灵吧#】近日，西藏那曲市境内的羌塘国家级自然保护区“无人区”深处，藏羚羊正在迁徙。数据显示，近年#西藏藏羚羊已增至30多万只#。“高原精灵”壁纸↓↓↓每一张都值得珍藏！（人民日报记者 徐驭尧） 
2024-06-22 19:35:09,246 - INFO - 已获取用户 人民日报 的微博，内容为 【简单易学！#适合运动前的拉伸动作#】运动前，要记得先拉伸哦！转存↓↓（健康杭州） 
人民日报的微博视频
 
2024-06-22 19:35:09,246 - INFO - URL: https://m.weibo.cn/detail/5046355933794718 
2024-06-22 19:35:11,809 - INFO - 已获取用户 人民日报 的微博，内容为 【广东#梅州暴雨致5人遇难15人失联#】 6月16日，广东梅州多地大暴雨局部特大暴雨，其中，平远县泗水镇24小时降水达369.3毫米，全市多地受灾严重。截至17日，平远县泗水镇、仁居镇、东石镇、蕉岭县南礤镇、梅县区松源镇等多处发生山洪、山体滑坡，造成5人死亡、15人失联、13人受困。（广东应急管理）#关注广东梅州暴雨#情况通报
2024-06-22 19:35:11,811 - INFO - 已获取用户 人民日报 的微博，内容为 【#澳门citywalk明信片#：打卡澳门必备知识点】提起澳门，总会想到大三巴、金莲花、澳门塔、蛋挞、米其林餐厅。是的，这里被联合国教科文组织评为“创意城市美食之都”。但澳门可不止如此！跟随一组创意海报，感受#机遇湾区机遇港澳#↓↓↓今年是#澳门回归祖国25周年#，你想去澳门看看吗？ 
2024-06-22 19:35:11,811 - INFO - 已获取用户 人民日报 的微博，内容为 【人民海军上线创意视频：#网友的表白登上了福建舰#】今天是福建舰下水2周年。一段创意视频，把今年福建舰海试以来的网友祝福，做成了航母模型。#福建舰和网友的双向奔赴好燃#！转发，祝福！
人民海军的微博视频
 
2024-06-22 19:35:11,811 - INFO - ------------------------------已获取人民日报(2803301701)的第15页微博------------------------------
2024-06-22 19:35:15,147 - INFO - 已获取用户 人民日报 的微博，内容为 【#毕业歌词海报#致敬青春】这两天的校园，拍毕业照的身影里，有你吗？有人说，#毕业说不出口的情绪都藏在歌词里了#。关于梦想、奋斗、友情的歌，或许曾触动你、激励你。带话题#2024毕业歌#晒出你的毕业视频，精彩片段将可能出现在《2024毕业歌》中。转存歌词海报，祝毕业生前程似锦！ 
2024-06-22 19:35:15,147 - INFO - URL: https://m.weibo.cn/detail/5046327555133444 
2024-06-22 19:35:17,755 - INFO - 已获取用户 人民日报 的微博，内容为 【#习近平祝贺黄埔军校建校100周年#暨黄埔军校同学会成立40周年】#坚定反独促统同心共圆中国梦# 在黄埔军校建校100周年暨黄埔军校同学会成立40周年之际，中共中央总书记、国家主席、中央军委主席习近平发来贺信，代表中共中央向黄埔军校同学会表示热烈祝贺，向广大海内外黄埔同学及其亲属致以诚挚问候。
习近平在贺信中指出，黄埔军校是第一次国共合作的产物，是我国第一所培养革命军队干部的学校。黄埔军校同学会是中国共产党领导下联系海内外黄埔同学及其亲属的爱国群众团体，成立以来始终秉持“发扬黄埔精神，联络同学感情，促进祖国统一，致力振兴中华”的宗旨，服务党和国家发展大局，为扩大两岸交流合作、反对“台独”分裂、推进祖国统一作出了积极贡献。
习近平强调，新征程上，黄埔军校同学会要牢记建会宗旨和政治使命，继续弘扬“爱国、革命”的黄埔精神，进一步强化思想引领和组织建设，发挥特色优势，坚定反“独”促统，为同心共圆中国梦广泛凝心聚力。希望广大海内外黄埔同学及其亲属不忘先辈遗志，勇担时代重任，积极投身中国式现代化建设，为推进强国建设、民族复兴伟业作出贡献。
纪念黄埔军校建校100周年暨黄埔军校同学会成立40周年座谈会17日在京举行。会上宣读了习近平的贺信。中共中央政治局常委、全国政协主席王沪宁出席并讲话。
王沪宁在讲话中表示，习近平总书记始终心系海内外黄埔同学及亲属，专门向黄埔军校建校100周年暨黄埔军校同学会成立40周年致贺信，充分肯定黄埔军校的历史功绩和黄埔军校同学会的积极贡献，深刻阐明黄埔军校同学会的性质宗旨和使命任务，对海内外黄埔同学及亲属提出殷切期望，为做好新时代黄埔军校同学会工作提供了根本遵循。我们要深入学习领会，抓好贯彻落实。
王沪宁表示，海内外黄埔同学及亲属具有爱国革命的光荣历史和优良传统，是推进祖国统一和民族复兴的重要力量。要传承弘扬“爱国、革命”的黄埔精神，共同致力于实现中华民族伟大复兴，积极投身中国式现代化建设，共襄强国建设、民族复兴伟业。要坚定不移推进祖国统一大业，积极参与两岸交流合作，积极推动两岸青年加强交流，共同传承弘扬中华文化，让两岸同胞在交流交往交融中越走越近、越走越亲，不断增进国家民族认同，铸牢中华民族共同体意识。要坚决反对“台独”分裂和外部势力干涉，坚决维护台海和平稳定，坚定守护中华民族共同家园。黄埔军校同学会要深入贯彻落实习近平总书记重要指示批示和贺信精神，把牢正确方向、发挥特色优势、加强自身建设，努力发挥更大作用。
中共中央政治局委员、中央统战部部长石泰峰主持座谈会。全国人大常委会副委员长、民革中央主席郑建邦代表各民主党派中央、群众团体致贺词。全国政协副主席兼秘书长王东峰出席座谈会。
黄埔军校同学会负责人、台湾黄埔同学代表在会上发言。
中央和国家机关有关部门、有关团体负责同志，有关民主党派中央负责人，海峡两岸、港澳和海外黄埔同学及亲属代表，省级黄埔军校同学会负责人等参加座谈会。
网页链接
 
人民日报的微博视频
2024-06-22 19:35:17,755 - INFO - URL: https://m.weibo.cn/detail/5046319632090793 
2024-06-22 19:35:20,349 - INFO - 已获取用户 人民日报 的微博，内容为 【转扩！教育部#这个系统可免费帮高考生报志愿#】
是什么？
教育部首次上线的“阳光志愿”信息服务系统，“官方的#专业报考指南#”，面向高考生免费。
干什么？
①帮助考生“选大学，选专业”
②有针对性的专业、职业心理测评
③个性定制的志愿推荐：依据往年录取情况，根据考生高考成绩（位次），按照“冲稳保”的填报原则，结合心理测评结果，个性化生成志愿参考建议
怎么用？
戳链接
网页链接
 
【攻略】教育部推出免费帮高考生报志愿的系统
2024-06-22 19:35:20,349 - INFO - URL: https://m.weibo.cn/detail/5046311768294303 
2024-06-22 19:35:22,854 - INFO - 已获取用户 人民日报 的微博，内容为 【#中国海警对菲船艇管制措施合理合法#】#菲船蓄意碰撞中方正常航行船只# 6月17日，菲律宾违背承诺，派出1艘运补船、2艘充气艇非法闯入中国南沙群岛仁爱礁邻近海域，企图向非法“坐滩”军舰运送物资。期间，菲运补船危险接近、蓄意碰撞中方正常航行的船只。@中国海警 对菲船艇依法采取警告拦阻、登临检查、强制驱离等管制措施，处置合理合法、专业规范。我们再次正告菲方：任何形式的侵权挑衅都徒劳无益，中国海警全时戒备、严阵以待，坚决维护国家领土主权和海洋权益。
2024-06-22 19:35:22,854 - INFO - URL: https://m.weibo.cn/detail/5046296117511036 
2024-06-22 19:35:25,431 - INFO - 已获取用户 人民日报 的微博，内容为 【#外交部驳斥七国集团公报涉华议题#】#七国集团公报又对中国说三道四#，中国外交部回应了。
例行记者会上，有记者问及：七国集团峰会发表公报，再次炒作涉华议题，妄谈台海局势，对东海、南海、涉港、涉疆、涉藏等问题说三道四，炒作所谓中国“产能过剩”。
外交部发言人林剑表示，七国集团峰会公报再次操弄涉华议题，污蔑攻击中国，翻炒没有事实基础、缺乏法律依据、也没有任何道义可言的陈词滥调，充斥着傲慢、偏见与谎言。
七国集团代表不了国际社会。七国仅占全球人口10%，在全球经济中所占份额逐年下降，对世界经济增长贡献率总和不及中国，经济总量按购买力平价计算也已被金砖国家超越。当前七国集团早已偏离“协调稳定国际经济环境”的成立初衷，越来越成为维护美国和西方霸权的政治工具，将所谓“家法家规”置于联合国宪章宗旨和原则以及国际法之上，失去了全球代表性和国际公信力。
七国集团违背了和平发展的时代潮流。七国集团口口声声要维护世界和平，却坚持以意识形态和价值观划线，大肆渲染“民主对抗威权”虚假叙事，以“小圈子”挑动阵营对抗，在地区冲突中“拱火浇油”“甩锅推责”，派军舰军机到亚太地区制造紧张局势，轮番“武装”台湾，威胁台海和平稳定，这些破坏国际秩序、危害和平安全的错误行径正受到越来越多国际正义力量的唾弃。
人民视频的微博视频
2024-06-22 19:35:25,432 - INFO - 已获取用户 人民日报 的微博，内容为 【#我国单月快递147.8亿件创历史新高#，你贡献了多少？】#你一个月收几件快递#？6月17日，国家邮政局数据显示，2024年5月快递业务量完成147.8亿件，这是继今年1月后再次刷新月度业务量历史新高。（人民日报记者 韩鑫） 
 
网页链接
 
2024-06-22 19:35:25,433 - INFO - 已获取用户 人民日报 的微博，内容为 【壮观！看#内蒙古草原上飞奔的马马马马马马#……】近日，内蒙古乌兰布统坝上草原，万马奔腾的画面看得热血沸腾。#内蒙古草原万马奔腾的气势感#（视界创作者“摄影师吴亚轩”） 
人民日报的微博视频
 
2024-06-22 19:35:25,433 - INFO - 已获取用户 人民日报 的微博，内容为 【快讯！中国#商务部对原产欧盟的猪肉反倾销立案#调查】6月17日，#商务部发布反倾销调查公告#：对原产于欧盟的进口相关猪肉及猪副产品进行反倾销立案调查。详戳
商务部公告2024年第23号 关于对原产于欧盟的进口相关猪肉及猪副产品进行反倾销立案调查的公告
 
商务部对原产于欧盟的进口相关猪肉及猪副产品进行反倾销立案调查
 
2024-06-22 19:35:25,434 - INFO - 已获取用户 人民日报 的微博，内容为 【#荷花与蜻蜓同框意境拉满#】夏日荷花与蜻蜓的诗意邂逅，这大概是中国人才懂的意境吧。#行走美丽中国#杭州发布的微博视频
 
2024-06-22 19:35:25,435 - INFO - 已获取用户 人民日报 的微博，内容为 【有用的科普：#夏天怎样吹空调才健康#】空调使用不当，可能引发哪些疾病？空调清洁时，需要注意什么？空调清洁和使用，要避开哪些误区？#长时间吹空调可能会干眼#，你知道吗？转存提醒↓↓ 
2024-06-22 19:35:25,435 - INFO - ------------------------------已获取人民日报(2803301701)的第16页微博------------------------------
2024-06-22 19:35:34,619 - INFO - 已获取用户 人民日报 的微博，内容为 【#早在汉简里就记载了军犬#】军犬是2000年前汉代边塞战士们防御敌人和守卫粮仓的好帮手。居延汉简中记载“狗少一，见一不入笼”，意思是吏卒检查军犬时，发现少了一只，还有一只不听话不愿进笼子。#2000年前的铲屎官被文物记下了# 
人民日报的微博视频
 
2024-06-22 19:35:34,619 - INFO - 已获取用户 人民日报 的微博，内容为 【#中国给予澳大利亚单方面免签#】6月17日，中国宣布将把澳大利亚纳入单方面免签国家范围。#中国对澳大利亚单方面免签#（央视） 
2024-06-22 19:35:34,620 - INFO - 已获取用户 人民日报 的微博，内容为 【
是你想听的：#清晨空腹测体重更准确#】清晨空腹测量，脱去鞋子和厚衣物，双臂自然下垂，头部正对前方，保持身体重心平衡，读取体重秤数值，测算BMI。#各年龄段BMI指标参考#：
18岁及以上成年人：18.5～23.9
65岁以上老年人：20～26.9
80岁以上高龄老年人：22～26.9 
2024-06-22 19:35:34,620 - INFO - URL: https://m.weibo.cn/detail/5046209964933140 
2024-06-22 19:35:37,124 - INFO - 已获取用户 人民日报 的微博，内容为 【#黄文秀离开整整5年了#，缅怀！】她硕士毕业后回到家乡广西百色，主动申请到贫困村担任第一书记。1年又82天，她帮助全村88户418人脱贫。2019年6月17日凌晨，她深夜冒雨奔向受灾群众，不幸遭遇山洪，30岁的年轻生命永远定格在扶贫路上。#黄文秀牺牲前给家人发的信息#↓↓缅怀，致敬！
人民日报的微博视频
2024-06-22 19:35:37,124 - INFO - URL: https://m.weibo.cn/detail/5046202929775918 
2024-06-22 19:35:40,122 - INFO - 已获取用户 人民日报 的微博，内容为 【蔡斌：#女排部分主力不参加世联赛决赛#】#蔡斌点评女排近期表现#中国女排按计划将于6月17日从香港返回福建漳州备战集训，随后兵分两路，18日将有部分队员前往泰国曼谷参加世界女排联赛总决赛，而在分站赛参加比赛较多的部分主力将留在漳州进行调整。主教练蔡斌表示，这种安排是让更多年轻队员能够通过总决赛的高水平比赛得到锻炼，同时也为巴黎奥运会的比赛做铺垫。
中国体育报的微博视频
2024-06-22 19:35:40,123 - INFO - 已获取用户 人民日报 的微博，内容为 【#跨越时空的6月17日#】骄傲！我们的征途是星辰大海。6月17日那年今日↓↓
1967年6月17日，我国首颗氢弹爆炸成功；
2021年6月17日，神舟十二号发射成功；
2022年6月17日，我国第三艘航母福建舰下水。#福建舰2周岁生日快乐#跨越时空，奋斗不止；行而不辍，未来可期。 
2024-06-22 19:35:40,125 - INFO - 已获取用户 人民日报 的微博，内容为 【#哪些专业误解让你哭笑不得#】2024高考志愿填报在即，一些专业经常会因为种种原因被大家误解。学计算机就会修电脑？学心理的会读心？物流工程就是送快递？#别人眼中你的专业VS实际上你的专业#↓↓你会如何解释自己的专业？带话题#专业报考指南#分享，帮助高考生们消除误区，提前了解！ 
2024-06-22 19:35:40,125 - INFO - 已获取用户 人民日报 的微博，内容为 【#成都朝霞#】红日初升，其道大光。朝霞渐渐点燃天际，从温柔的粉红色，到明亮的橙黄色，一起迎接新的一天，新的一周。（成都发布） 
2024-06-22 19:35:40,126 - INFO - 已获取用户 人民日报 的微博，内容为 【#可以扫码不该变成只能扫码#】#肚子没填饱个人信息先填饱了#“您好，请扫码点餐。”很多餐饮店，甚至一些街边小店都只能扫码点餐。扫个二维码，还得跳转多个页面、添加好友、关注公众号，甚至填写个人信息，才能开始点单。你，遇到过这样的问题吗？ 
让“扫一扫”更便捷更安全
 
2024-06-22 19:35:40,126 - INFO - URL: https://m.weibo.cn/detail/5046161034183559 
2024-06-22 19:35:42,617 - INFO - 已获取用户 人民日报 的微博，内容为 【#姜萍的数学老师有话说#】学服装设计的17岁中专女生姜萍，闯进全球数学竞赛12强。决赛在即，她的数学老师王闰秋想说点什么？
如果姜萍在决赛没有取得大家想要的成绩，希望大家不要过多苛责。#不要过多苛责姜萍的决赛成绩#希望姜萍能够享受比赛，发挥出自己最好的水平。
其实，这次数学竞赛我也参加了，不过初赛名次没有学生姜萍高。
我觉得这挺正常的，弟子不必不如师。（央视）
2024-06-22 19:35:42,618 - INFO - ------------------------------已获取人民日报(2803301701)的第17页微博------------------------------
2024-06-22 19:35:45,296 - INFO - 已获取用户 人民日报 的微博，内容为 【#再看我国首颗氢弹爆炸成功依然热血#】1967年6月17日，我国自行设计、制造的第一颗氢弹爆炸成功，我国成为世界上第四个掌握氢弹技术的国家。收藏#我国首颗氢弹爆炸成功珍贵画面#↓↓致敬“两弹一星”元勋！ 
人民日报的微博视频
 
2024-06-22 19:35:45,296 - INFO - URL: https://m.weibo.cn/detail/5046148777903601 
2024-06-22 19:35:47,791 - INFO - 已获取用户 人民日报 的微博，内容为 【中国海警：#中方管制非法闯仁爱礁海域的菲船只#】6月17日，菲律宾1艘运补船非法闯入中国南沙群岛仁爱礁邻近海域，中国海警依法对菲船只采取管制措施。5时59分，菲运补船无视中方多次严正警告，违反《国际海上避碰规则》，以不专业方式，故意危险接近中方正常航行船只，导致发生擦碰，责任完全在菲方。#菲律宾一运补船非法闯入仁爱礁海域#
2024-06-22 19:35:47,792 - INFO - 已获取用户 人民日报 的微博，内容为 【给自己个笑容，开启元气满满的新一周】新的一周开始了，为自己加油打气。别再辜负时光，因为每一天都值得被热爱。请相信：时间会铭记每一分付出和努力。愿你勇敢前行，向美好出发。早安，#追光的你#！ 
2024-06-22 19:35:47,792 - INFO - ------------------------------已获取人民日报(2803301701)的第18页微博------------------------------
2024-06-22 19:35:47,797 - INFO - 172条微博写入csv文件完毕,保存路径:
2024-06-22 19:35:47,797 - INFO - D:\weibo-crawler-master\weibo\人民日报\2803301701.csv
2024-06-22 19:35:47,805 - INFO - 172条微博写入json文件完毕,保存路径:
2024-06-22 19:35:47,805 - INFO - D:\weibo-crawler-master\weibo\人民日报\2803301701.json
2024-06-22 19:35:47,805 - INFO - 微博爬取完成，共爬取172条微博
2024-06-22 19:35:47,805 - INFO - 信息抓取完毕
2024-06-22 19:35:47,805 - INFO - ****************************************************************************************************
